2026-03-11 18:20:59,616 - INFO - ============================================================
2026-03-11 18:20:59,616 - INFO - 京东零食图片爬虫启动
2026-03-11 18:20:59,616 - INFO - ============================================================
2026-03-11 18:20:59,617 - INFO - 共 95 个零食需要处理
2026-03-11 18:20:59,617 - INFO - 输出目录: /Users/zoe/Downloads/app 2/public/snack-images-hot
2026-03-11 18:20:59,743 - INFO - ====== WebDriver manager ======
2026-03-11 18:21:03,231 - INFO - Get LATEST chromedriver version for google-chrome
2026-03-11 18:21:03,867 - INFO - Get LATEST chromedriver version for google-chrome
2026-03-11 18:21:04,383 - INFO - There is no [mac64] chromedriver "146.0.7680.72" for browser google-chrome "146.0.7680" in cache
2026-03-11 18:21:04,392 - INFO - Get LATEST chromedriver version for google-chrome
2026-03-11 18:21:05,565 - INFO - WebDriver version 146.0.7680.72 selected
2026-03-11 18:21:05,567 - INFO - Modern chrome version https://storage.googleapis.com/chrome-for-testing-public/146.0.7680.72/mac-arm64/chromedriver-mac-arm64.zip
2026-03-11 18:21:05,567 - INFO - About to download new driver from https://storage.googleapis.com/chrome-for-testing-public/146.0.7680.72/mac-arm64/chromedriver-mac-arm64.zip
2026-03-11 18:21:06,012 - INFO - Driver downloading response is 200
2026-03-11 18:21:06,978 - INFO - Get LATEST chromedriver version for google-chrome
2026-03-11 18:21:07,496 - INFO - Driver has been saved in cache [/Users/zoe/.wdm/drivers/chromedriver/mac64/146.0.7680.72]
2026-03-11 18:21:09,067 - INFO - [1/95] 处理: 冻干草莓脆 (百草味)
2026-03-11 18:21:09,068 - INFO - 搜索: 百草味 冻干草莓脆 零食
2026-03-11 18:21:12,778 - WARNING -   ⚠️ 未找到图片
2026-03-11 18:21:12,778 - INFO -   等待 2.9s...
2026-03-11 18:21:15,675 - INFO - [2/95] 处理: 冻干榴莲干 (三只松鼠)
2026-03-11 18:21:15,678 - INFO - 搜索: 三只松鼠 冻干榴莲干 零食
2026-03-11 18:21:18,997 - WARNING -   ⚠️ 未找到图片
2026-03-11 18:21:18,997 - INFO -   等待 2.6s...
2026-03-11 18:21:21,581 - INFO - [3/95] 处理: 冻干芒果脆 (良品铺子)
2026-03-11 18:21:21,581 - INFO - 搜索: 良品铺子 冻干芒果脆 零食
2026-03-11 18:21:24,863 - WARNING -   ⚠️ 未找到图片
2026-03-11 18:21:24,863 - INFO -   等待 2.8s...
2026-03-11 18:21:27,644 - INFO - [4/95] 处理: 冻干酸奶块 (伊利)
2026-03-11 18:21:27,644 - INFO - 搜索: 伊利 冻干酸奶块 零食
2026-03-11 18:21:31,152 - WARNING -   ⚠️ 未找到图片
2026-03-11 18:21:31,152 - INFO -   等待 4.0s...
2026-03-11 18:21:35,126 - INFO - [5/95] 处理: 益生菌冻干奶酪块 (妙可蓝多)
2026-03-11 18:21:35,127 - INFO - 搜索: 妙可蓝多 益生菌冻干奶酪块 零食
2026-03-11 18:21:38,344 - WARNING -   ⚠️ 未找到图片
2026-03-11 18:21:38,344 - INFO -   等待 3.1s...
2026-03-11 18:21:41,462 - INFO - [6/95] 处理: 魔芋爽香辣味 (卫龙)
2026-03-11 18:21:41,462 - INFO - 搜索: 卫龙 魔芋爽香辣味 零食
2026-03-11 18:21:49,000 - WARNING -   ⚠️ 未找到图片
2026-03-11 18:21:49,001 - INFO -   等待 3.5s...
2026-03-11 18:21:52,533 - INFO - [7/95] 处理: 魔芋爽酸辣味 (卫龙)
2026-03-11 18:21:52,534 - INFO - 搜索: 卫龙 魔芋爽酸辣味 零食
2026-03-11 18:21:55,732 - WARNING -   ⚠️ 未找到图片
2026-03-11 18:21:55,733 - INFO -   等待 3.1s...
2026-03-11 18:21:58,883 - INFO - [8/95] 处理: 魔芋素毛肚 (好巴食)
2026-03-11 18:21:58,883 - INFO - 搜索: 好巴食 魔芋素毛肚 零食
2026-03-11 18:22:03,114 - WARNING -   ⚠️ 未找到图片
2026-03-11 18:22:03,114 - INFO -   等待 2.4s...
2026-03-11 18:22:05,468 - INFO - [9/95] 处理: 低卡魔芋果冻 (溜溜梅)
2026-03-11 18:22:05,469 - INFO - 搜索: 溜溜梅 低卡魔芋果冻 零食
2026-03-11 18:22:09,136 - WARNING -   ⚠️ 未找到图片
2026-03-11 18:22:09,138 - INFO -   等待 3.8s...
2026-03-11 18:22:12,922 - INFO - [10/95] 处理: 魔芋蛋糕 (鲨鱼菲特)
2026-03-11 18:22:12,923 - INFO - 搜索: 鲨鱼菲特 魔芋蛋糕 零食
2026-03-11 18:22:17,695 - WARNING -   ⚠️ 未找到图片
2026-03-11 18:22:17,695 - INFO -   等待 2.7s...
2026-03-11 18:22:20,364 - INFO - [11/95] 处理: Royce生巧克力 (Royce)
2026-03-11 18:22:20,365 - INFO - 搜索: Royce Royce生巧克力 零食
2026-03-11 18:22:23,635 - WARNING -   ⚠️ 未找到图片
2026-03-11 18:22:23,635 - INFO -   等待 3.8s...
2026-03-11 18:22:27,413 - INFO - [12/95] 处理: 每日黑巧 (每日黑巧)
2026-03-11 18:22:27,414 - INFO - 搜索: 每日黑巧 每日黑巧 零食
2026-03-11 18:22:30,707 - WARNING -   ⚠️ 未找到图片
2026-03-11 18:22:30,708 - INFO -   等待 3.7s...
2026-03-11 18:22:34,437 - INFO - [13/95] 处理: 诺梵松露巧克力 (诺梵)
2026-03-11 18:22:34,437 - INFO - 搜索: 诺梵 诺梵松露巧克力 零食
2026-03-11 18:22:37,609 - WARNING -   ⚠️ 未找到图片
2026-03-11 18:22:37,609 - INFO -   等待 3.7s...
2026-03-11 18:22:41,309 - INFO - [14/95] 处理: 生巧熔岩蛋糕 (好利来)
2026-03-11 18:22:41,309 - INFO - 搜索: 好利来 生巧熔岩蛋糕 零食
2026-03-11 18:22:44,482 - WARNING -   ⚠️ 未找到图片
2026-03-11 18:22:44,482 - INFO -   等待 2.7s...
2026-03-11 18:22:47,197 - INFO - [15/95] 处理: 冰山熔岩巧克力 (好利来)
2026-03-11 18:22:47,197 - INFO - 搜索: 好利来 冰山熔岩巧克力 零食
2026-03-11 18:22:50,438 - WARNING -   ⚠️ 未找到图片
2026-03-11 18:22:50,438 - INFO -   等待 3.0s...
2026-03-11 18:22:53,470 - INFO - [16/95] 处理: 爆浆曲奇 (AKOKO)
2026-03-11 18:22:53,470 - INFO - 搜索: AKOKO 爆浆曲奇 零食
2026-03-11 18:22:56,651 - WARNING -   ⚠️ 未找到图片
2026-03-11 18:22:56,651 - INFO -   等待 3.5s...
2026-03-11 18:23:00,107 - INFO - [17/95] 处理: 流心奶黄月饼 (美心)
2026-03-11 18:23:00,108 - INFO - 搜索: 美心 流心奶黄月饼 零食
2026-03-11 18:23:03,300 - WARNING -   ⚠️ 未找到图片
2026-03-11 18:23:03,300 - INFO -   等待 3.8s...
2026-03-11 18:23:07,062 - INFO - [18/95] 处理: 爆浆软糖 (悠哈)
2026-03-11 18:23:07,062 - INFO - 搜索: 悠哈 爆浆软糖 零食
2026-03-11 18:23:10,261 - WARNING -   ⚠️ 未找到图片
2026-03-11 18:23:10,261 - INFO -   等待 3.0s...
2026-03-11 18:23:13,243 - INFO - [19/95] 处理: 爆浆小丸子 (费列罗)
2026-03-11 18:23:13,243 - INFO - 搜索: 费列罗 爆浆小丸子 零食
2026-03-11 18:23:16,429 - WARNING -   ⚠️ 未找到图片
2026-03-11 18:23:16,429 - INFO -   等待 2.5s...
2026-03-11 18:23:18,939 - INFO - [20/95] 处理: 芝士爆浆鱼蛋 (来伊份)
2026-03-11 18:23:18,940 - INFO - 搜索: 来伊份 芝士爆浆鱼蛋 零食
2026-03-11 18:23:22,113 - WARNING -   ⚠️ 未找到图片
2026-03-11 18:23:22,113 - INFO -   等待 3.2s...
2026-03-11 18:23:25,290 - INFO - [21/95] 处理: 厚切炒酸奶块 (伊利)
2026-03-11 18:23:25,291 - INFO - 搜索: 伊利 厚切炒酸奶块 零食
2026-03-11 18:23:28,467 - WARNING -   ⚠️ 未找到图片
2026-03-11 18:23:28,468 - INFO -   等待 2.0s...
2026-03-11 18:23:30,505 - INFO - [22/95] 处理: 厚切芒果干 (三只松鼠)
2026-03-11 18:23:30,505 - INFO - 搜索: 三只松鼠 厚切芒果干 零食
2026-03-11 18:23:33,678 - WARNING -   ⚠️ 未找到图片
2026-03-11 18:23:33,678 - INFO -   等待 3.7s...
2026-03-11 18:23:37,378 - INFO - [23/95] 处理: 厚切牛肉干 (牛头牌)
2026-03-11 18:23:37,378 - INFO - 搜索: 牛头牌 厚切牛肉干 零食
2026-03-11 18:23:40,678 - WARNING -   ⚠️ 未找到图片
2026-03-11 18:23:40,678 - INFO -   等待 2.2s...
2026-03-11 18:23:42,925 - INFO - [24/95] 处理: 厚切猪肉脯 (三只松鼠)
2026-03-11 18:23:42,926 - INFO - 搜索: 三只松鼠 厚切猪肉脯 零食
2026-03-11 18:23:46,382 - WARNING -   ⚠️ 未找到图片
2026-03-11 18:23:46,382 - INFO -   等待 3.2s...
2026-03-11 18:23:49,543 - INFO - [25/95] 处理: 厚切吐司 (桃李)
2026-03-11 18:23:49,543 - INFO - 搜索: 桃李 厚切吐司 零食
2026-03-11 18:23:52,738 - WARNING -   ⚠️ 未找到图片
2026-03-11 18:23:52,738 - INFO -   等待 2.1s...
2026-03-11 18:23:54,853 - INFO - [26/95] 处理: 巴旦木夹心奶枣 (三只松鼠)
2026-03-11 18:23:54,853 - INFO - 搜索: 三只松鼠 巴旦木夹心奶枣 零食
2026-03-11 18:23:58,033 - WARNING -   ⚠️ 未找到图片
2026-03-11 18:23:58,033 - INFO -   等待 3.2s...
2026-03-11 18:24:01,280 - INFO - [27/95] 处理: 芝士奶枣 (良品铺子)
2026-03-11 18:24:01,280 - INFO - 搜索: 良品铺子 芝士奶枣 零食
2026-03-11 18:24:04,535 - WARNING -   ⚠️ 未找到图片
2026-03-11 18:24:04,535 - INFO -   等待 2.7s...
