::1 - - [12/Mar/2026 10:28:57] "GET / HTTP/1.1" 200 -
::1 - - [12/Mar/2026 10:30:44] "GET / HTTP/1.1" 200 -
::1 - - [12/Mar/2026 10:30:44] "GET /assets/index-DamuP3MK.js HTTP/1.1" 200 -
::1 - - [12/Mar/2026 10:30:44] "GET /assets/index-9hd5hYDG.css HTTP/1.1" 200 -
::1 - - [12/Mar/2026 10:30:44] "GET /snack-images-v2/hot_008_j12w8nip.jpg HTTP/1.1" 200 -
::1 - - [12/Mar/2026 10:30:44] "GET /snack-images/39.jpg HTTP/1.1" 200 -
::1 - - [12/Mar/2026 10:30:44] "GET /snack-images/15.jpg HTTP/1.1" 200 -
::1 - - [12/Mar/2026 10:30:44] "GET /snack-images-v2/hot_010_0tnufl61.jpg HTTP/1.1" 200 -
::1 - - [12/Mar/2026 10:30:44] "GET /snack-images/28.jpg HTTP/1.1" 200 -
::1 - - [12/Mar/2026 10:30:44] "GET /snack-images/2.jpg HTTP/1.1" 200 -
::1 - - [12/Mar/2026 10:30:44] "GET /snack-images-v2/hot_014_n4zs8muj.jpg HTTP/1.1" 200 -
::1 - - [12/Mar/2026 10:30:44] "GET /snack-images-v2/hot_002_erl6hhsp.jpg HTTP/1.1" 200 -
::1 - - [12/Mar/2026 10:30:44] "GET /snack-images/31.jpg HTTP/1.1" 200 -
::1 - - [12/Mar/2026 10:30:44] "GET /snack-images/33.jpg HTTP/1.1" 200 -
::1 - - [12/Mar/2026 10:30:44] "GET /snack-images/40.jpg HTTP/1.1" 200 -
::1 - - [12/Mar/2026 10:30:44] "GET /snack-images-v2/hot_003_p4dwbck8.jpg HTTP/1.1" 200 -
::1 - - [12/Mar/2026 10:30:44] "GET /snack-images/19.jpg HTTP/1.1" 200 -
::1 - - [12/Mar/2026 10:30:44] "GET /snack-images-v2/hot_005_ogkemcgq.jpg HTTP/1.1" 200 -
::1 - - [12/Mar/2026 10:30:44] "GET /snack-images/24.jpg HTTP/1.1" 200 -
::1 - - [12/Mar/2026 10:30:44] "GET /snack-images-v2/hot_013_redr0lxn.jpg HTTP/1.1" 200 -
::1 - - [12/Mar/2026 10:30:44] "GET /snack-images/37.jpg HTTP/1.1" 200 -
::1 - - [12/Mar/2026 10:30:44] "GET /snack-images/20.jpg HTTP/1.1" 200 -
::1 - - [12/Mar/2026 10:30:44] "GET /snack-images/43.jpg HTTP/1.1" 200 -
::1 - - [12/Mar/2026 10:30:44] "GET /snack-images-v2/hot_016_jldnb4b9.jpg HTTP/1.1" 200 -
::1 - - [12/Mar/2026 10:30:44] "GET /snack-images-v2/hot_018_3qejy78c.jpg HTTP/1.1" 200 -
::1 - - [12/Mar/2026 10:30:44] "GET /snack-images-v2/hot_006_yytqbh9e.jpg HTTP/1.1" 200 -
::1 - - [12/Mar/2026 10:30:44] "GET /snack-images/4.jpg HTTP/1.1" 200 -
::1 - - [12/Mar/2026 10:30:44] "GET /snack-images-v2/hot_004_f63a2w45.jpg HTTP/1.1" 200 -
::1 - - [12/Mar/2026 10:30:44] "GET /snack-images/29.jpg HTTP/1.1" 200 -
::1 - - [12/Mar/2026 10:30:44] "GET /snack-images/5.jpg HTTP/1.1" 200 -
::1 - - [12/Mar/2026 10:30:44] "GET /snack-images/23.jpg HTTP/1.1" 200 -
::1 - - [12/Mar/2026 10:30:44] "GET /snack-images/46.jpg HTTP/1.1" 200 -
::1 - - [12/Mar/2026 10:30:44] "GET /snack-images/3.jpg HTTP/1.1" 200 -
::1 - - [12/Mar/2026 10:30:44] "GET /snack-images/35.jpg HTTP/1.1" 200 -
::1 - - [12/Mar/2026 10:30:44] "GET /snack-images/42.jpg HTTP/1.1" 200 -
::1 - - [12/Mar/2026 10:30:44] "GET /snack-images/22.jpg HTTP/1.1" 200 -
::1 - - [12/Mar/2026 10:30:44] "GET /snack-images-v2/hot_012_638cdkvh.jpg HTTP/1.1" 200 -
::1 - - [12/Mar/2026 10:30:44] "GET /snack-images-v2/hot_007_t1jt2kcn.jpg HTTP/1.1" 200 -
::1 - - [12/Mar/2026 10:30:44] "GET /snack-images/26.jpg HTTP/1.1" 200 -
::1 - - [12/Mar/2026 10:30:44] "GET /snack-images/25.jpg HTTP/1.1" 200 -
::1 - - [12/Mar/2026 10:30:44] "GET /snack-images/38.jpg HTTP/1.1" 200 -
::1 - - [12/Mar/2026 10:30:44] "GET /snack-images-v2/hot_011_ht6268p0.jpg HTTP/1.1" 200 -
::1 - - [12/Mar/2026 10:30:44] "GET /snack-images/10.jpg HTTP/1.1" 200 -
::1 - - [12/Mar/2026 10:30:44] "GET /snack-images/45.jpg HTTP/1.1" 200 -
::1 - - [12/Mar/2026 10:30:44] "GET /snack-images-v2/hot_001_o8zezu6h.jpg HTTP/1.1" 200 -
::1 - - [12/Mar/2026 10:30:44] "GET /snack-images/18.jpg HTTP/1.1" 200 -
::1 - - [12/Mar/2026 10:30:44] "GET /snack-images/14.jpg HTTP/1.1" 200 -
::1 - - [12/Mar/2026 10:30:44] "GET /snack-images/27.jpg HTTP/1.1" 200 -
::1 - - [12/Mar/2026 10:30:44] "GET /snack-images/36.jpg HTTP/1.1" 200 -
::1 - - [12/Mar/2026 10:30:44] "GET /snack-images/13.jpg HTTP/1.1" 200 -
::1 - - [12/Mar/2026 10:30:44] "GET /assets/snack-placeholder.svg HTTP/1.1" 200 -
::1 - - [12/Mar/2026 10:30:44] "GET /snack-images/7.jpg HTTP/1.1" 200 -
::1 - - [12/Mar/2026 10:30:44] "GET /snack-images/11.jpg HTTP/1.1" 200 -
::1 - - [12/Mar/2026 10:30:44] "GET /snack-images/12.jpg HTTP/1.1" 200 -
::1 - - [12/Mar/2026 10:30:44] "GET /snack-images/16.jpg HTTP/1.1" 200 -
::1 - - [12/Mar/2026 10:30:44] "GET /snack-images/8.jpg HTTP/1.1" 200 -
::1 - - [12/Mar/2026 10:30:44] "GET /snack-images-v2/hot_017_m5goc6dr.jpg HTTP/1.1" 200 -
::1 - - [12/Mar/2026 10:30:44] "GET /snack-images/6.jpg HTTP/1.1" 200 -
::1 - - [12/Mar/2026 10:30:44] "GET /snack-images/44.jpg HTTP/1.1" 200 -
::1 - - [12/Mar/2026 10:30:44] "GET /snack-images/34.jpg HTTP/1.1" 200 -
::1 - - [12/Mar/2026 10:30:44] "GET /snack-images/1.jpg HTTP/1.1" 200 -
::1 - - [12/Mar/2026 10:30:44] "GET /snack-images/41.jpg HTTP/1.1" 200 -
::1 - - [12/Mar/2026 10:30:44] "GET /snack-images/32.jpg HTTP/1.1" 200 -
::1 - - [12/Mar/2026 10:30:44] "GET /snack-images/17.jpg HTTP/1.1" 200 -
::1 - - [12/Mar/2026 10:30:44] "GET /snack-images-v2/hot_015_j6mv4xsn.jpg HTTP/1.1" 200 -
::1 - - [12/Mar/2026 10:30:44] "GET /snack-images/21.jpg HTTP/1.1" 200 -
::1 - - [12/Mar/2026 10:30:44] "GET /snack-images/30.jpg HTTP/1.1" 200 -
::1 - - [12/Mar/2026 10:30:44] "GET /snack-images-v2/hot_019_tizd9rnr.jpg HTTP/1.1" 200 -
::1 - - [12/Mar/2026 10:30:44] "GET /snack-images-v2/hot_009_6qc26sco.jpg HTTP/1.1" 200 -
::1 - - [12/Mar/2026 10:30:44] "GET /snack-images/9.jpg HTTP/1.1" 200 -
::1 - - [12/Mar/2026 10:30:44] code 404, message File not found
::1 - - [12/Mar/2026 10:30:44] "GET /favicon.ico HTTP/1.1" 404 -
::1 - - [12/Mar/2026 10:30:50] "GET /snack-images/47.jpg HTTP/1.1" 200 -
::1 - - [12/Mar/2026 10:30:50] "GET /snack-images/48.jpg HTTP/1.1" 200 -
::1 - - [12/Mar/2026 10:30:51] "GET /snack-images/49.jpg HTTP/1.1" 200 -
::1 - - [12/Mar/2026 10:30:51] "GET /snack-images/50.jpg HTTP/1.1" 200 -
::1 - - [12/Mar/2026 10:30:51] "GET /snack-images/51.jpg HTTP/1.1" 200 -
::1 - - [12/Mar/2026 10:30:51] "GET /snack-images/53.jpg HTTP/1.1" 200 -
::1 - - [12/Mar/2026 10:30:51] "GET /snack-images/52.jpg HTTP/1.1" 200 -
::1 - - [12/Mar/2026 10:30:51] "GET /snack-images/54.jpg HTTP/1.1" 200 -
::1 - - [12/Mar/2026 10:30:52] "GET /snack-images/55.jpg HTTP/1.1" 200 -
::1 - - [12/Mar/2026 10:30:52] "GET /snack-images/56.jpg HTTP/1.1" 200 -
::1 - - [12/Mar/2026 10:30:52] "GET /snack-images/57.jpg HTTP/1.1" 200 -
::1 - - [12/Mar/2026 10:30:52] "GET /snack-images/58.jpg HTTP/1.1" 200 -
::1 - - [12/Mar/2026 10:30:52] "GET /snack-images/59.jpg HTTP/1.1" 200 -
::1 - - [12/Mar/2026 10:30:52] "GET /snack-images/60.jpg HTTP/1.1" 200 -
::1 - - [12/Mar/2026 10:30:52] "GET /snack-images/61.jpg HTTP/1.1" 200 -
::1 - - [12/Mar/2026 10:30:52] "GET /snack-images/63.jpg HTTP/1.1" 200 -
::1 - - [12/Mar/2026 10:30:52] "GET /snack-images/62.jpg HTTP/1.1" 200 -
::1 - - [12/Mar/2026 10:30:52] "GET /snack-images/65.jpg HTTP/1.1" 200 -
::1 - - [12/Mar/2026 10:30:52] "GET /snack-images/66.jpg HTTP/1.1" 200 -
::1 - - [12/Mar/2026 10:30:52] "GET /snack-images/64.jpg HTTP/1.1" 200 -
::1 - - [12/Mar/2026 10:30:52] "GET /snack-images/68.jpg HTTP/1.1" 200 -
::1 - - [12/Mar/2026 10:30:52] "GET /snack-images/67.jpg HTTP/1.1" 200 -
::1 - - [12/Mar/2026 10:30:52] "GET /snack-images/69.jpg HTTP/1.1" 200 -
::1 - - [12/Mar/2026 10:30:52] "GET /snack-images/70.jpg HTTP/1.1" 200 -
::1 - - [12/Mar/2026 10:30:52] "GET /snack-images/71.jpg HTTP/1.1" 200 -
::1 - - [12/Mar/2026 10:30:52] "GET /snack-images/72.jpg HTTP/1.1" 200 -
::1 - - [12/Mar/2026 10:31:04] "GET /snack-images/73.jpg HTTP/1.1" 200 -
::1 - - [12/Mar/2026 10:31:04] "GET /snack-images/74.jpg HTTP/1.1" 200 -
::1 - - [12/Mar/2026 10:31:04] "GET /snack-images/75.jpg HTTP/1.1" 200 -
::1 - - [12/Mar/2026 10:31:04] "GET /snack-images/76.jpg HTTP/1.1" 200 -
::1 - - [12/Mar/2026 10:31:04] "GET /snack-images/77.jpg HTTP/1.1" 200 -
::1 - - [12/Mar/2026 10:31:04] "GET /snack-images/78.jpg HTTP/1.1" 200 -
::1 - - [12/Mar/2026 10:31:14] "GET /snack-images/80.jpg HTTP/1.1" 200 -
::1 - - [12/Mar/2026 10:31:14] "GET /snack-images/81.jpg HTTP/1.1" 200 -
::1 - - [12/Mar/2026 10:31:14] "GET /snack-images/79.jpg HTTP/1.1" 200 -
::1 - - [12/Mar/2026 10:31:14] "GET /snack-images/82.jpg HTTP/1.1" 200 -
::1 - - [12/Mar/2026 10:31:14] "GET /snack-images/83.jpg HTTP/1.1" 200 -
::1 - - [12/Mar/2026 10:31:14] "GET /snack-images/84.jpg HTTP/1.1" 200 -
::1 - - [12/Mar/2026 10:31:15] "GET /snack-images/85.jpg HTTP/1.1" 200 -
::1 - - [12/Mar/2026 10:31:15] "GET /snack-images/86.jpg HTTP/1.1" 200 -
::1 - - [12/Mar/2026 10:31:15] "GET /snack-images/88.jpg HTTP/1.1" 200 -
::1 - - [12/Mar/2026 10:31:15] "GET /snack-images/87.jpg HTTP/1.1" 200 -
::1 - - [12/Mar/2026 10:31:15] "GET /snack-images/89.jpg HTTP/1.1" 200 -
::1 - - [12/Mar/2026 10:31:15] "GET /snack-images/90.jpg HTTP/1.1" 200 -
::1 - - [12/Mar/2026 10:31:15] "GET /snack-images/91.jpg HTTP/1.1" 200 -
::1 - - [12/Mar/2026 10:31:15] "GET /snack-images/92.jpg HTTP/1.1" 200 -
::1 - - [12/Mar/2026 10:31:15] "GET /snack-images/94.jpg HTTP/1.1" 200 -
::1 - - [12/Mar/2026 10:31:15] "GET /snack-images/95.jpg HTTP/1.1" 200 -
::1 - - [12/Mar/2026 10:31:15] "GET /snack-images/96.jpg HTTP/1.1" 200 -
::1 - - [12/Mar/2026 10:31:15] "GET /snack-images/93.jpg HTTP/1.1" 200 -
::1 - - [12/Mar/2026 10:31:17] "GET /snack-images/97.jpg HTTP/1.1" 200 -
::1 - - [12/Mar/2026 10:31:17] "GET /snack-images/99.jpg HTTP/1.1" 200 -
::1 - - [12/Mar/2026 10:31:17] "GET /snack-images/100.jpg HTTP/1.1" 200 -
::1 - - [12/Mar/2026 10:31:17] "GET /snack-images/98.jpg HTTP/1.1" 200 -
::1 - - [12/Mar/2026 10:31:17] "GET /snack-images/101.jpg HTTP/1.1" 200 -
::1 - - [12/Mar/2026 10:31:17] "GET /snack-images/102.jpg HTTP/1.1" 200 -
::1 - - [12/Mar/2026 10:31:21] "GET /snack-images/103.jpg HTTP/1.1" 200 -
::1 - - [12/Mar/2026 10:31:21] "GET /snack-images/105.jpg HTTP/1.1" 200 -
::1 - - [12/Mar/2026 10:31:21] "GET /snack-images/104.jpg HTTP/1.1" 200 -
::1 - - [12/Mar/2026 10:31:21] "GET /snack-images/107.jpg HTTP/1.1" 200 -
::1 - - [12/Mar/2026 10:31:21] "GET /snack-images/108.jpg HTTP/1.1" 200 -
::1 - - [12/Mar/2026 10:31:21] "GET /snack-images/106.jpg HTTP/1.1" 200 -
::1 - - [12/Mar/2026 10:31:21] "GET /snack-images/109.jpg HTTP/1.1" 200 -
::1 - - [12/Mar/2026 10:31:21] "GET /snack-images/110.jpg HTTP/1.1" 200 -
::1 - - [12/Mar/2026 10:31:21] "GET /snack-images/112.jpg HTTP/1.1" 200 -
::1 - - [12/Mar/2026 10:31:21] "GET /snack-images/111.jpg HTTP/1.1" 200 -
::1 - - [12/Mar/2026 10:31:21] "GET /snack-images/113.jpg HTTP/1.1" 200 -
::1 - - [12/Mar/2026 10:31:21] "GET /snack-images/114.jpg HTTP/1.1" 200 -
::1 - - [12/Mar/2026 10:31:22] "GET /snack-images/116.jpg HTTP/1.1" 200 -
::1 - - [12/Mar/2026 10:31:22] "GET /snack-images/115.jpg HTTP/1.1" 200 -
::1 - - [12/Mar/2026 10:31:22] "GET /snack-images/118.jpg HTTP/1.1" 200 -
::1 - - [12/Mar/2026 10:31:22] "GET /snack-images/117.jpg HTTP/1.1" 200 -
::1 - - [12/Mar/2026 10:31:22] "GET /snack-images/119.jpg HTTP/1.1" 200 -
::1 - - [12/Mar/2026 10:31:22] "GET /snack-images/120.jpg HTTP/1.1" 200 -
::1 - - [12/Mar/2026 10:31:22] "GET /snack-images/121.jpg HTTP/1.1" 200 -
::1 - - [12/Mar/2026 10:31:22] "GET /snack-images/123.jpg HTTP/1.1" 200 -
::1 - - [12/Mar/2026 10:31:22] "GET /snack-images/122.jpg HTTP/1.1" 200 -
::1 - - [12/Mar/2026 10:31:22] "GET /snack-images/124.jpg HTTP/1.1" 200 -
::1 - - [12/Mar/2026 10:31:22] "GET /snack-images/125.jpg HTTP/1.1" 200 -
::1 - - [12/Mar/2026 10:31:22] "GET /snack-images/126.jpg HTTP/1.1" 200 -
::1 - - [12/Mar/2026 10:31:27] "GET /snack-images/127.jpg HTTP/1.1" 200 -
::1 - - [12/Mar/2026 10:31:27] "GET /snack-images/129.jpg HTTP/1.1" 200 -
::1 - - [12/Mar/2026 10:31:27] "GET /snack-images/130.jpg HTTP/1.1" 200 -
::1 - - [12/Mar/2026 10:31:27] "GET /snack-images/128.jpg HTTP/1.1" 200 -
::1 - - [12/Mar/2026 10:31:27] "GET /snack-images/131.jpg HTTP/1.1" 200 -
::1 - - [12/Mar/2026 10:31:27] "GET /snack-images/132.jpg HTTP/1.1" 200 -
::1 - - [12/Mar/2026 10:31:27] "GET /snack-images/133.jpg HTTP/1.1" 200 -
::1 - - [12/Mar/2026 10:31:27] "GET /snack-images/134.jpg HTTP/1.1" 200 -
::1 - - [12/Mar/2026 10:31:27] "GET /snack-images/137.jpg HTTP/1.1" 200 -
::1 - - [12/Mar/2026 10:31:27] "GET /snack-images/136.jpg HTTP/1.1" 200 -
::1 - - [12/Mar/2026 10:31:27] "GET /snack-images/135.jpg HTTP/1.1" 200 -
::1 - - [12/Mar/2026 10:31:27] "GET /snack-images/138.jpg HTTP/1.1" 200 -
::1 - - [12/Mar/2026 10:31:27] "GET /snack-images/139.jpg HTTP/1.1" 200 -
::1 - - [12/Mar/2026 10:31:27] "GET /snack-images/weilong.jpg HTTP/1.1" 200 -
::1 - - [12/Mar/2026 10:31:27] "GET /snack-images/141.jpg HTTP/1.1" 200 -
::1 - - [12/Mar/2026 10:31:27] "GET /snack-images/142.jpg HTTP/1.1" 200 -
::1 - - [12/Mar/2026 10:31:27] "GET /snack-images/143.jpg HTTP/1.1" 200 -
::1 - - [12/Mar/2026 10:31:27] "GET /snack-images/144.jpg HTTP/1.1" 200 -
::1 - - [12/Mar/2026 10:31:33] "GET /snack-images/146.jpg HTTP/1.1" 200 -
::1 - - [12/Mar/2026 10:31:33] "GET /snack-images/147.jpg HTTP/1.1" 200 -
::1 - - [12/Mar/2026 10:31:33] "GET /snack-images/145.jpg HTTP/1.1" 200 -
::1 - - [12/Mar/2026 10:31:33] "GET /snack-images/148.jpg HTTP/1.1" 200 -
::1 - - [12/Mar/2026 10:31:33] "GET /snack-images/150.jpg HTTP/1.1" 200 -
::1 - - [12/Mar/2026 10:31:33] "GET /snack-images/149.jpg HTTP/1.1" 200 -
::1 - - [12/Mar/2026 10:31:34] "GET /snack-images/154.jpg HTTP/1.1" 200 -
::1 - - [12/Mar/2026 10:31:34] "GET /snack-images/152.jpg HTTP/1.1" 200 -
::1 - - [12/Mar/2026 10:31:34] "GET /snack-images/155.jpg HTTP/1.1" 200 -
::1 - - [12/Mar/2026 10:31:34] "GET /snack-images/156.jpg HTTP/1.1" 200 -
::1 - - [12/Mar/2026 10:31:34] "GET /snack-images/157.jpg HTTP/1.1" 200 -
::1 - - [12/Mar/2026 10:31:34] "GET /snack-images/158.jpg HTTP/1.1" 200 -
::1 - - [12/Mar/2026 10:31:34] "GET /snack-images/159.jpg HTTP/1.1" 200 -
::1 - - [12/Mar/2026 10:31:34] "GET /snack-images/160.jpg HTTP/1.1" 200 -
::1 - - [12/Mar/2026 10:31:34] "GET /snack-images/161.jpg HTTP/1.1" 200 -
::1 - - [12/Mar/2026 10:31:34] "GET /snack-images/162.jpg HTTP/1.1" 200 -
::1 - - [12/Mar/2026 10:31:35] "GET /snack-images/163.jpg HTTP/1.1" 200 -
::1 - - [12/Mar/2026 10:31:35] "GET /snack-images/164.jpg HTTP/1.1" 200 -
::1 - - [12/Mar/2026 10:31:35] "GET /snack-images/165.jpg HTTP/1.1" 200 -
::1 - - [12/Mar/2026 10:31:35] "GET /snack-images/168.jpg HTTP/1.1" 200 -
::1 - - [12/Mar/2026 10:31:35] "GET /snack-images/172.jpg HTTP/1.1" 200 -
::1 - - [12/Mar/2026 10:31:35] "GET /snack-images/171.jpg HTTP/1.1" 200 -
::1 - - [12/Mar/2026 10:31:35] "GET /snack-images/169.jpg HTTP/1.1" 200 -
::1 - - [12/Mar/2026 10:31:35] "GET /snack-images/174.jpg HTTP/1.1" 200 -
::1 - - [12/Mar/2026 10:31:35] "GET /snack-images/173.jpg HTTP/1.1" 200 -
::1 - - [12/Mar/2026 10:31:35] "GET /snack-images/175.jpg HTTP/1.1" 200 -
::1 - - [12/Mar/2026 10:31:35] "GET /snack-images/177.jpg HTTP/1.1" 200 -
::1 - - [12/Mar/2026 10:31:35] "GET /snack-images/176.jpg HTTP/1.1" 200 -
::1 - - [12/Mar/2026 10:31:35] "GET /snack-images/178.jpg HTTP/1.1" 200 -
::1 - - [12/Mar/2026 10:31:35] "GET /snack-images/179.jpg HTTP/1.1" 200 -
::1 - - [12/Mar/2026 10:31:35] "GET /snack-images/180.jpg HTTP/1.1" 200 -
::1 - - [12/Mar/2026 10:31:38] "GET /snack-images/182.jpg HTTP/1.1" 200 -
::1 - - [12/Mar/2026 10:31:38] "GET /snack-images/181.jpg HTTP/1.1" 200 -
::1 - - [12/Mar/2026 10:31:38] "GET /snack-images/183.jpg HTTP/1.1" 200 -
::1 - - [12/Mar/2026 10:31:38] "GET /snack-images/184.jpg HTTP/1.1" 200 -
::1 - - [12/Mar/2026 10:31:38] "GET /snack-images/185.jpg HTTP/1.1" 200 -
::1 - - [12/Mar/2026 10:31:38] "GET /snack-images/186.jpg HTTP/1.1" 200 -
::1 - - [12/Mar/2026 10:31:42] "GET /snack-images/189.jpg HTTP/1.1" 200 -
::1 - - [12/Mar/2026 10:31:42] "GET /snack-images/187.jpg HTTP/1.1" 200 -
::1 - - [12/Mar/2026 10:31:42] "GET /snack-images/190.jpg HTTP/1.1" 200 -
::1 - - [12/Mar/2026 10:31:42] "GET /snack-images/192.jpg HTTP/1.1" 200 -
::1 - - [12/Mar/2026 10:31:42] "GET /snack-images/188.jpg HTTP/1.1" 200 -
::1 - - [12/Mar/2026 10:31:42] "GET /snack-images/191.jpg HTTP/1.1" 200 -
::1 - - [12/Mar/2026 10:31:43] "GET /snack-images/193.jpg HTTP/1.1" 200 -
::1 - - [12/Mar/2026 10:31:43] "GET /snack-images/194.jpg HTTP/1.1" 200 -
::1 - - [12/Mar/2026 10:31:43] "GET /snack-images/195.jpg HTTP/1.1" 200 -
::1 - - [12/Mar/2026 10:31:43] "GET /snack-images/197.jpg HTTP/1.1" 200 -
::1 - - [12/Mar/2026 10:31:43] "GET /snack-images/196.jpg HTTP/1.1" 200 -
::1 - - [12/Mar/2026 10:31:43] "GET /snack-images/198.jpg HTTP/1.1" 200 -
::1 - - [12/Mar/2026 10:31:47] "GET /snack-images/199.jpg HTTP/1.1" 200 -
::1 - - [12/Mar/2026 10:31:47] "GET /snack-images/201.jpg HTTP/1.1" 200 -
::1 - - [12/Mar/2026 10:31:47] "GET /snack-images/200.jpg HTTP/1.1" 200 -
::1 - - [12/Mar/2026 10:31:47] "GET /snack-images/202.jpg HTTP/1.1" 200 -
::1 - - [12/Mar/2026 10:31:47] "GET /snack-images/203.jpg HTTP/1.1" 200 -
::1 - - [12/Mar/2026 10:31:47] "GET /snack-images/204.jpg HTTP/1.1" 200 -
::1 - - [12/Mar/2026 10:31:48] "GET /snack-images/206.jpg HTTP/1.1" 200 -
::1 - - [12/Mar/2026 10:31:48] "GET /snack-images/207.jpg HTTP/1.1" 200 -
::1 - - [12/Mar/2026 10:31:48] "GET /snack-images/205.jpg HTTP/1.1" 200 -
::1 - - [12/Mar/2026 10:31:48] "GET /snack-images/208.jpg HTTP/1.1" 200 -
::1 - - [12/Mar/2026 10:31:48] "GET /snack-images/209.jpg HTTP/1.1" 200 -
::1 - - [12/Mar/2026 10:31:48] "GET /snack-images/210.jpg HTTP/1.1" 200 -
::1 - - [12/Mar/2026 10:31:48] "GET /snack-images/211.jpg HTTP/1.1" 200 -
::1 - - [12/Mar/2026 10:31:48] "GET /snack-images/213.jpg HTTP/1.1" 200 -
::1 - - [12/Mar/2026 10:31:48] "GET /snack-images/212.jpg HTTP/1.1" 200 -
::1 - - [12/Mar/2026 10:31:48] "GET /snack-images/215.jpg HTTP/1.1" 200 -
::1 - - [12/Mar/2026 10:31:48] "GET /snack-images/214.jpg HTTP/1.1" 200 -
::1 - - [12/Mar/2026 10:31:48] "GET /snack-images/216.jpg HTTP/1.1" 200 -
::1 - - [12/Mar/2026 10:31:49] "GET /snack-images/217.jpg HTTP/1.1" 200 -
::1 - - [12/Mar/2026 10:31:49] "GET /snack-images/218.jpg HTTP/1.1" 200 -
::1 - - [12/Mar/2026 10:31:49] "GET /snack-images/220.jpg HTTP/1.1" 200 -
::1 - - [12/Mar/2026 10:31:49] "GET /snack-images/219.jpg HTTP/1.1" 200 -
::1 - - [12/Mar/2026 10:31:49] "GET /snack-images/221.jpg HTTP/1.1" 200 -
::1 - - [12/Mar/2026 10:31:49] "GET /snack-images/222.jpg HTTP/1.1" 200 -
::1 - - [12/Mar/2026 10:31:54] "GET /snack-images/224.jpg HTTP/1.1" 200 -
::1 - - [12/Mar/2026 10:31:54] "GET /snack-images/225.jpg HTTP/1.1" 200 -
::1 - - [12/Mar/2026 10:31:54] "GET /snack-images/223.jpg HTTP/1.1" 200 -
::1 - - [12/Mar/2026 10:31:54] "GET /snack-images/227.jpg HTTP/1.1" 200 -
::1 - - [12/Mar/2026 10:31:54] "GET /snack-images/226.jpg HTTP/1.1" 200 -
::1 - - [12/Mar/2026 10:31:54] "GET /snack-images/228.jpg HTTP/1.1" 200 -
::1 - - [12/Mar/2026 10:31:54] "GET /snack-images/229.jpg HTTP/1.1" 200 -
::1 - - [12/Mar/2026 10:31:54] "GET /snack-images/230.jpg HTTP/1.1" 200 -
::1 - - [12/Mar/2026 10:31:54] "GET /snack-images/231.jpg HTTP/1.1" 200 -
::1 - - [12/Mar/2026 10:31:54] "GET /snack-images/232.jpg HTTP/1.1" 200 -
::1 - - [12/Mar/2026 10:31:54] "GET /snack-images/233.jpg HTTP/1.1" 200 -
::1 - - [12/Mar/2026 10:31:54] "GET /snack-images/234.jpg HTTP/1.1" 200 -
::1 - - [12/Mar/2026 10:31:54] "GET /snack-images/236.jpg HTTP/1.1" 200 -
::1 - - [12/Mar/2026 10:31:54] "GET /snack-images/235.jpg HTTP/1.1" 200 -
::1 - - [12/Mar/2026 10:31:54] "GET /snack-images/237.jpg HTTP/1.1" 200 -
::1 - - [12/Mar/2026 10:31:54] "GET /snack-images/239.jpg HTTP/1.1" 200 -
::1 - - [12/Mar/2026 10:31:54] "GET /snack-images/238.jpg HTTP/1.1" 200 -
::1 - - [12/Mar/2026 10:31:54] "GET /snack-images/240.jpg HTTP/1.1" 200 -
::1 - - [12/Mar/2026 10:31:59] "GET /snack-images/241.jpg HTTP/1.1" 200 -
::1 - - [12/Mar/2026 10:31:59] "GET /snack-images/242.jpg HTTP/1.1" 200 -
::1 - - [12/Mar/2026 10:31:59] "GET /snack-images/245.jpg HTTP/1.1" 200 -
::1 - - [12/Mar/2026 10:31:59] "GET /snack-images/244.jpg HTTP/1.1" 200 -
::1 - - [12/Mar/2026 10:31:59] "GET /snack-images/243.jpg HTTP/1.1" 200 -
::1 - - [12/Mar/2026 10:31:59] "GET /snack-images/246.jpg HTTP/1.1" 200 -
::1 - - [12/Mar/2026 10:31:59] "GET /snack-images/248.jpg HTTP/1.1" 200 -
::1 - - [12/Mar/2026 10:31:59] "GET /snack-images/247.jpg HTTP/1.1" 200 -
::1 - - [12/Mar/2026 10:31:59] "GET /snack-images/249.jpg HTTP/1.1" 200 -
::1 - - [12/Mar/2026 10:31:59] "GET /snack-images/250.jpg HTTP/1.1" 200 -
::1 - - [12/Mar/2026 10:31:59] "GET /snack-images/251.jpg HTTP/1.1" 200 -
::1 - - [12/Mar/2026 10:31:59] "GET /snack-images/252.jpg HTTP/1.1" 200 -
::1 - - [12/Mar/2026 10:31:59] "GET /snack-images/253.jpg HTTP/1.1" 200 -
::1 - - [12/Mar/2026 10:31:59] "GET /snack-images/254.jpg HTTP/1.1" 200 -
::1 - - [12/Mar/2026 10:31:59] "GET /snack-images/255.jpg HTTP/1.1" 200 -
::1 - - [12/Mar/2026 10:31:59] "GET /snack-images/256.jpg HTTP/1.1" 200 -
::1 - - [12/Mar/2026 10:31:59] "GET /snack-images/257.jpg HTTP/1.1" 200 -
::1 - - [12/Mar/2026 10:31:59] "GET /snack-images/258.jpg HTTP/1.1" 200 -
::1 - - [12/Mar/2026 10:32:00] "GET /snack-images/259.jpg HTTP/1.1" 200 -
::1 - - [12/Mar/2026 10:32:00] "GET /snack-images/260.jpg HTTP/1.1" 200 -
::1 - - [12/Mar/2026 10:32:00] "GET /snack-images/xinlamian.jpg HTTP/1.1" 200 -
::1 - - [12/Mar/2026 10:32:00] "GET /snack-images/chuyiqian.jpg HTTP/1.1" 200 -
::1 - - [12/Mar/2026 10:32:00] "GET /snack-images/263.jpg HTTP/1.1" 200 -
::1 - - [12/Mar/2026 10:32:00] "GET /snack-images/luosifen.jpg HTTP/1.1" 200 -
::1 - - [12/Mar/2026 10:32:04] "GET /snack-images/265.jpg HTTP/1.1" 200 -
::1 - - [12/Mar/2026 10:32:04] "GET /snack-images/267.jpg HTTP/1.1" 200 -
::1 - - [12/Mar/2026 10:32:04] "GET /snack-images/268.jpg HTTP/1.1" 200 -
::1 - - [12/Mar/2026 10:32:04] "GET /snack-images/266.jpg HTTP/1.1" 200 -
::1 - - [12/Mar/2026 10:32:04] "GET /snack-images-v2/hot_020_p76f84wd.jpg HTTP/1.1" 200 -
::1 - - [12/Mar/2026 10:32:04] "GET /snack-images-v2/hot_022_pu307n99.jpg HTTP/1.1" 200 -
::1 - - [12/Mar/2026 10:32:04] "GET /snack-images-v2/hot_021_5m2m2gf4.jpg HTTP/1.1" 200 -
::1 - - [12/Mar/2026 10:32:04] "GET /snack-images-v2/hot_023_h46o30mw.jpg HTTP/1.1" 200 -
::1 - - [12/Mar/2026 10:32:04] "GET /snack-images-v2/hot_024_y95jduct.jpg HTTP/1.1" 200 -
::1 - - [12/Mar/2026 10:32:09] "GET /snack-images-v2/hot_025_iie541jt.jpg HTTP/1.1" 200 -
::1 - - [12/Mar/2026 10:32:09] "GET /snack-images-v2/hot_026_e61xlq6r.jpg HTTP/1.1" 200 -
::1 - - [12/Mar/2026 10:32:09] "GET /snack-images-v2/hot_027_yi8sp56z.jpg HTTP/1.1" 200 -
::1 - - [12/Mar/2026 10:32:09] "GET /snack-images-v2/hot_028_qkicsuzu.jpg HTTP/1.1" 200 -
::1 - - [12/Mar/2026 10:32:09] "GET /snack-images-v2/hot_029_syvvo6os.jpg HTTP/1.1" 200 -
::1 - - [12/Mar/2026 10:32:09] "GET /snack-images-v2/hot_030_g6fxqs3r.jpg HTTP/1.1" 200 -
::1 - - [12/Mar/2026 10:32:13] "GET /snack-images-v2/hot_031_zephcbe9.jpg HTTP/1.1" 200 -
::1 - - [12/Mar/2026 10:32:13] "GET /snack-images-v2/hot_032_yn6qhq90.jpg HTTP/1.1" 200 -
::1 - - [12/Mar/2026 10:32:13] "GET /snack-images-v2/hot_034_xzxd1kdx.jpg HTTP/1.1" 200 -
::1 - - [12/Mar/2026 10:32:13] "GET /snack-images-v2/hot_033_kryd5c6l.jpg HTTP/1.1" 200 -
::1 - - [12/Mar/2026 10:32:13] "GET /snack-images-v2/hot_035_pqkqev0q.jpg HTTP/1.1" 200 -
::1 - - [12/Mar/2026 10:32:13] "GET /snack-images-v2/hot_036_aooewi1y.jpg HTTP/1.1" 200 -
::1 - - [12/Mar/2026 10:32:13] "GET /snack-images-v2/hot_037_xs5lw86w.jpg HTTP/1.1" 200 -
::1 - - [12/Mar/2026 10:32:13] "GET /snack-images-v2/hot_038_q1b6j0ue.jpg HTTP/1.1" 200 -
::1 - - [12/Mar/2026 10:32:13] "GET /snack-images-v2/hot_040_o5u6y2s2.jpg HTTP/1.1" 200 -
::1 - - [12/Mar/2026 10:32:13] "GET /snack-images-v2/hot_039_wd8ghlpd.jpg HTTP/1.1" 200 -
::1 - - [12/Mar/2026 10:32:13] "GET /snack-images-v2/hot_041_3r8dtic8.jpg HTTP/1.1" 200 -
::1 - - [12/Mar/2026 10:32:13] "GET /snack-images-v2/hot_042_qbab7ciw.jpg HTTP/1.1" 200 -
::1 - - [12/Mar/2026 10:32:14] "GET /snack-images-v2/hot_043_z5yypyxx.jpg HTTP/1.1" 200 -
::1 - - [12/Mar/2026 10:32:14] "GET /snack-images-v2/hot_044_gb6ftc61.jpg HTTP/1.1" 200 -
::1 - - [12/Mar/2026 10:32:14] "GET /snack-images-v2/hot_045_f80makml.jpg HTTP/1.1" 200 -
::1 - - [12/Mar/2026 10:32:22] "GET /snack-images-v2/hot_049_7vheu5ai.jpg HTTP/1.1" 200 -
::1 - - [12/Mar/2026 10:32:22] "GET /snack-images-v2/hot_050_spunhxgk.jpg HTTP/1.1" 200 -
::1 - - [12/Mar/2026 10:32:22] "GET /snack-images-v2/hot_052_fwvaigtn.jpg HTTP/1.1" 200 -
::1 - - [12/Mar/2026 10:32:22] "GET /snack-images-v2/hot_051_affbt4pj.jpg HTTP/1.1" 200 -
::1 - - [12/Mar/2026 10:32:22] "GET /snack-images-v2/hot_053_qc3nijx3.jpg HTTP/1.1" 200 -
::1 - - [12/Mar/2026 10:32:22] "GET /snack-images-v2/hot_054_9k495nik.jpg HTTP/1.1" 200 -
::1 - - [12/Mar/2026 10:32:22] "GET /snack-images-v2/hot_056_lfgp0smz.jpg HTTP/1.1" 200 -
::1 - - [12/Mar/2026 10:32:22] "GET /snack-images-v2/hot_059_3ijhjywz.jpg HTTP/1.1" 200 -
::1 - - [12/Mar/2026 10:32:22] "GET /snack-images-v2/hot_055_bumkqf1l.jpg HTTP/1.1" 200 -
::1 - - [12/Mar/2026 10:32:22] "GET /snack-images-v2/hot_060_ss7suczx.jpg HTTP/1.1" 200 -
::1 - - [12/Mar/2026 10:32:22] "GET /snack-images-v2/hot_057_kkozfgr2.jpg HTTP/1.1" 200 -
::1 - - [12/Mar/2026 10:32:22] "GET /snack-images-v2/hot_058_fabzqpz4.jpg HTTP/1.1" 200 -
::1 - - [12/Mar/2026 10:32:27] "GET /snack-images-v2/hot_061_w20hpnu2.jpg HTTP/1.1" 200 -
::1 - - [12/Mar/2026 10:32:27] "GET /snack-images-v2/hot_062_9ehi6cp1.jpg HTTP/1.1" 200 -
::1 - - [12/Mar/2026 10:32:27] "GET /snack-images-v2/hot_063_v0rcs2li.jpg HTTP/1.1" 200 -
::1 - - [12/Mar/2026 10:32:27] "GET /snack-images-v2/hot_064_jurp3z6l.jpg HTTP/1.1" 200 -
::1 - - [12/Mar/2026 10:32:27] "GET /snack-images-v2/hot_065_oflrly7x.jpg HTTP/1.1" 200 -
::1 - - [12/Mar/2026 10:32:27] "GET /snack-images-v2/hot_066_r5bowyt4.jpg HTTP/1.1" 200 -
::1 - - [12/Mar/2026 10:32:28] "GET /snack-images-v2/hot_068_qhmbmm21.jpg HTTP/1.1" 200 -
::1 - - [12/Mar/2026 10:32:28] "GET /snack-images-v2/hot_067_0iw485to.jpg HTTP/1.1" 200 -
::1 - - [12/Mar/2026 10:32:28] "GET /snack-images-v2/hot_069_99flm86v.jpg HTTP/1.1" 200 -
::1 - - [12/Mar/2026 10:32:28] "GET /snack-images-v2/hot_070_j6f6qp4m.jpg HTTP/1.1" 200 -
::1 - - [12/Mar/2026 10:32:28] "GET /snack-images-v2/hot_072_rygvlhem.jpg HTTP/1.1" 200 -
::1 - - [12/Mar/2026 10:32:28] "GET /snack-images-v2/hot_071_ecyqe4xc.jpg HTTP/1.1" 200 -
::1 - - [12/Mar/2026 10:32:29] "GET /snack-images-v2/hot_073_y8p0g43k.jpg HTTP/1.1" 200 -
::1 - - [12/Mar/2026 10:32:29] "GET /snack-images-v2/hot_074_bl5oif3d.jpg HTTP/1.1" 200 -
::1 - - [12/Mar/2026 10:32:29] "GET /snack-images-v2/hot_075_kx02fj98.jpg HTTP/1.1" 200 -
::1 - - [12/Mar/2026 10:32:29] "GET /snack-images-v2/hot_077_i1jyb749.jpg HTTP/1.1" 200 -
::1 - - [12/Mar/2026 10:32:29] "GET /snack-images-v2/hot_078_s5wknn0y.jpg HTTP/1.1" 200 -
::1 - - [12/Mar/2026 10:32:29] "GET /snack-images-v2/hot_076_8ea3mv4m.jpg HTTP/1.1" 200 -
::1 - - [12/Mar/2026 10:32:29] "GET /snack-images-v2/hot_079_ny9syj15.jpg HTTP/1.1" 200 -
::1 - - [12/Mar/2026 10:32:29] "GET /snack-images-v2/hot_080_hm80hw94.jpg HTTP/1.1" 200 -
::1 - - [12/Mar/2026 10:32:29] "GET /snack-images-v2/hot_082_a93v43ao.jpg HTTP/1.1" 200 -
::1 - - [12/Mar/2026 10:32:29] "GET /snack-images-v2/hot_083_ktah3vzz.jpg HTTP/1.1" 200 -
::1 - - [12/Mar/2026 10:32:29] "GET /snack-images-v2/hot_081_mgiqfkqw.jpg HTTP/1.1" 200 -
::1 - - [12/Mar/2026 10:32:29] "GET /snack-images-v2/hot_084_ppp49bnh.jpg HTTP/1.1" 200 -
::1 - - [12/Mar/2026 10:32:29] "GET /snack-images-v2/hot_085_vwqh6ix7.jpg HTTP/1.1" 200 -
::1 - - [12/Mar/2026 10:32:29] "GET /snack-images-v2/hot_086_x2655gfv.jpg HTTP/1.1" 200 -
::1 - - [12/Mar/2026 10:32:29] "GET /snack-images-v2/hot_087_rqx7qulx.jpg HTTP/1.1" 200 -
::1 - - [12/Mar/2026 10:32:29] "GET /snack-images-v2/hot_088_o28t6v2p.jpg HTTP/1.1" 200 -
::1 - - [12/Mar/2026 10:32:29] "GET /snack-images-v2/hot_089_p4nkbmdu.jpg HTTP/1.1" 200 -
::1 - - [12/Mar/2026 10:32:29] "GET /snack-images-v2/hot_090_3oqryc2i.jpg HTTP/1.1" 200 -
::1 - - [12/Mar/2026 10:32:44] "GET /snack-images-v2/hot_091_elbskd15.jpg HTTP/1.1" 200 -
::1 - - [12/Mar/2026 10:32:44] "GET /snack-images-v2/hot_092_iqz07zww.jpg HTTP/1.1" 200 -
::1 - - [12/Mar/2026 10:32:44] "GET /snack-images-v2/hot_094_fxi0u476.jpg HTTP/1.1" 200 -
::1 - - [12/Mar/2026 10:32:44] "GET /snack-images-v2/hot_095_9hryttl6.jpg HTTP/1.1" 200 -
::1 - - [12/Mar/2026 10:32:44] "GET /snack-images-v2/hot_093_erxq8qgx.jpg HTTP/1.1" 200 -
::1 - - [12/Mar/2026 10:33:27] "GET /snack-images/42.jpg HTTP/1.1" 304 -
::1 - - [12/Mar/2026 10:33:27] "GET /snack-images/38.jpg HTTP/1.1" 304 -
::1 - - [12/Mar/2026 10:33:27] "GET /snack-images/7.jpg HTTP/1.1" 304 -
::1 - - [12/Mar/2026 10:33:27] "GET /snack-images/88.jpg HTTP/1.1" 304 -
::1 - - [12/Mar/2026 10:33:32] "GET /snack-images/101.jpg HTTP/1.1" 304 -
::1 - - [12/Mar/2026 10:33:33] "GET /snack-images/140.jpg HTTP/1.1" 200 -
::1 - - [12/Mar/2026 10:33:33] "GET /snack-images/151.jpg HTTP/1.1" 200 -
::1 - - [12/Mar/2026 10:33:33] "GET /snack-images/153.jpg HTTP/1.1" 200 -
::1 - - [12/Mar/2026 10:33:33] "GET /snack-images/261.jpg HTTP/1.1" 200 -
::1 - - [12/Mar/2026 10:33:33] "GET /snack-images/264.jpg HTTP/1.1" 200 -
::1 - - [12/Mar/2026 10:33:33] "GET /snack-images/269.jpg HTTP/1.1" 200 -
::1 - - [12/Mar/2026 10:33:33] "GET /snack-images/270.jpg HTTP/1.1" 200 -
::1 - - [12/Mar/2026 10:33:33] "GET /snack-images/262.jpg HTTP/1.1" 200 -
::1 - - [12/Mar/2026 10:42:42] "GET /snack-images/luosifen.jpg HTTP/1.1" 200 -
::1 - - [12/Mar/2026 10:42:49] "GET /snack-images/weilong.jpg HTTP/1.1" 200 -
::1 - - [12/Mar/2026 10:42:53] "GET /snack-images/weilong.jpg HTTP/1.1" 304 -
::1 - - [12/Mar/2026 10:43:13] "GET / HTTP/1.1" 200 -
::1 - - [12/Mar/2026 10:43:13] "GET /assets/index-DgE7anea.js HTTP/1.1" 200 -
::1 - - [12/Mar/2026 10:43:13] "GET /assets/index-9hd5hYDG.css HTTP/1.1" 200 -
::1 - - [12/Mar/2026 10:43:13] "GET /snack-images/33.jpg HTTP/1.1" 200 -
::1 - - [12/Mar/2026 10:43:13] "GET /snack-images/39.jpg HTTP/1.1" 200 -
::1 - - [12/Mar/2026 10:43:13] "GET /snack-images/29.jpg HTTP/1.1" 200 -
::1 - - [12/Mar/2026 10:43:13] "GET /snack-images/43.jpg HTTP/1.1" 200 -
::1 - - [12/Mar/2026 10:43:13] "GET /snack-images/1.jpg HTTP/1.1" 200 -
::1 - - [12/Mar/2026 10:43:13] "GET /snack-images/5.jpg HTTP/1.1" 200 -
::1 - - [12/Mar/2026 10:43:13] "GET /snack-images/6.jpg HTTP/1.1" 200 -
::1 - - [12/Mar/2026 10:43:13] "GET /snack-images/16.jpg HTTP/1.1" 200 -
::1 - - [12/Mar/2026 10:43:13] "GET /snack-images/30.jpg HTTP/1.1" 200 -
::1 - - [12/Mar/2026 10:43:13] "GET /snack-images/14.jpg HTTP/1.1" 200 -
::1 - - [12/Mar/2026 10:43:13] "GET /snack-images/19.jpg HTTP/1.1" 200 -
::1 - - [12/Mar/2026 10:43:13] "GET /snack-images/27.jpg HTTP/1.1" 200 -
::1 - - [12/Mar/2026 10:43:13] "GET /snack-images/11.jpg HTTP/1.1" 200 -
::1 - - [12/Mar/2026 10:43:13] "GET /snack-images/38.jpg HTTP/1.1" 200 -
::1 - - [12/Mar/2026 10:43:13] "GET /snack-images/13.jpg HTTP/1.1" 200 -
::1 - - [12/Mar/2026 10:43:13] "GET /snack-images/44.jpg HTTP/1.1" 200 -
::1 - - [12/Mar/2026 10:43:13] "GET /snack-images/36.jpg HTTP/1.1" 200 -
::1 - - [12/Mar/2026 10:43:13] "GET /snack-images/18.jpg HTTP/1.1" 200 -
::1 - - [12/Mar/2026 10:43:13] "GET /snack-images/31.jpg HTTP/1.1" 200 -
::1 - - [12/Mar/2026 10:43:13] "GET /snack-images/8.jpg HTTP/1.1" 200 -
::1 - - [12/Mar/2026 10:43:13] "GET /snack-images/3.jpg HTTP/1.1" 200 -
::1 - - [12/Mar/2026 10:43:13] "GET /snack-images/34.jpg HTTP/1.1" 200 -
::1 - - [12/Mar/2026 10:43:13] "GET /snack-images/4.jpg HTTP/1.1" 200 -
::1 - - [12/Mar/2026 10:43:13] "GET /snack-images/37.jpg HTTP/1.1" 200 -
::1 - - [12/Mar/2026 10:43:13] "GET /snack-images/21.jpg HTTP/1.1" 200 -
::1 - - [12/Mar/2026 10:43:13] "GET /snack-images/23.jpg HTTP/1.1" 200 -
::1 - - [12/Mar/2026 10:43:13] "GET /assets/snack-placeholder.svg HTTP/1.1" 200 -
::1 - - [12/Mar/2026 10:43:13] "GET /snack-images/15.jpg HTTP/1.1" 200 -
::1 - - [12/Mar/2026 10:43:13] "GET /snack-images/2.jpg HTTP/1.1" 200 -
::1 - - [12/Mar/2026 10:43:13] "GET /snack-images/26.jpg HTTP/1.1" 200 -
::1 - - [12/Mar/2026 10:43:13] "GET /snack-images/40.jpg HTTP/1.1" 200 -
::1 - - [12/Mar/2026 10:43:13] "GET /snack-images/10.jpg HTTP/1.1" 200 -
::1 - - [12/Mar/2026 10:43:13] "GET /snack-images/28.jpg HTTP/1.1" 200 -
::1 - - [12/Mar/2026 10:43:13] "GET /snack-images/35.jpg HTTP/1.1" 200 -
::1 - - [12/Mar/2026 10:43:13] "GET /snack-images/42.jpg HTTP/1.1" 200 -
::1 - - [12/Mar/2026 10:43:13] "GET /snack-images/12.jpg HTTP/1.1" 200 -
::1 - - [12/Mar/2026 10:43:13] "GET /snack-images/24.jpg HTTP/1.1" 200 -
::1 - - [12/Mar/2026 10:43:13] "GET /snack-images/32.jpg HTTP/1.1" 200 -
::1 - - [12/Mar/2026 10:43:13] "GET /snack-images/46.jpg HTTP/1.1" 200 -
::1 - - [12/Mar/2026 10:43:13] "GET /snack-images/20.jpg HTTP/1.1" 200 -
::1 - - [12/Mar/2026 10:43:13] "GET /snack-images/9.jpg HTTP/1.1" 200 -
::1 - - [12/Mar/2026 10:43:13] "GET /snack-images/22.jpg HTTP/1.1" 200 -
::1 - - [12/Mar/2026 10:43:13] "GET /snack-images/41.jpg HTTP/1.1" 200 -
::1 - - [12/Mar/2026 10:43:13] "GET /snack-images/17.jpg HTTP/1.1" 200 -
::1 - - [12/Mar/2026 10:43:13] "GET /snack-images/45.jpg HTTP/1.1" 200 -
::1 - - [12/Mar/2026 10:43:13] "GET /snack-images/25.jpg HTTP/1.1" 200 -
::1 - - [12/Mar/2026 10:43:13] "GET /snack-images/7.jpg HTTP/1.1" 200 -
::1 - - [12/Mar/2026 10:43:20] "GET /snack-images/38.jpg HTTP/1.1" 304 -
::1 - - [12/Mar/2026 10:43:20] "GET /snack-images/42.jpg HTTP/1.1" 304 -
::1 - - [12/Mar/2026 10:43:20] "GET /snack-images/7.jpg HTTP/1.1" 304 -
::1 - - [12/Mar/2026 10:43:59] "GET /snack-images/139.jpg HTTP/1.1" 200 -
::1 - - [12/Mar/2026 10:43:59] "GET /snack-images/144.jpg HTTP/1.1" 200 -
::1 - - [12/Mar/2026 10:43:59] "GET /snack-images/141.jpg HTTP/1.1" 200 -
::1 - - [12/Mar/2026 10:43:59] "GET /snack-images/136.jpg HTTP/1.1" 200 -
::1 - - [12/Mar/2026 10:43:59] "GET /snack-images/146.jpg HTTP/1.1" 200 -
::1 - - [12/Mar/2026 10:43:59] "GET /snack-images/147.jpg HTTP/1.1" 200 -
::1 - - [12/Mar/2026 10:43:59] "GET /snack-images/148.jpg HTTP/1.1" 200 -
::1 - - [12/Mar/2026 10:43:59] "GET /snack-images/149.jpg HTTP/1.1" 200 -
::1 - - [12/Mar/2026 10:43:59] "GET /snack-images/150.jpg HTTP/1.1" 200 -
::1 - - [12/Mar/2026 10:43:59] "GET /snack-images/232.jpg HTTP/1.1" 200 -
::1 - - [12/Mar/2026 10:43:59] "GET /snack-images/238.jpg HTTP/1.1" 200 -
::1 - - [12/Mar/2026 10:43:59] "GET /snack-images/236.jpg HTTP/1.1" 200 -
::1 - - [12/Mar/2026 10:43:59] "GET /snack-images/239.jpg HTTP/1.1" 200 -
::1 - - [12/Mar/2026 10:43:59] "GET /snack-images/245.jpg HTTP/1.1" 200 -
::1 - - [12/Mar/2026 10:43:59] "GET /snack-images/240.jpg HTTP/1.1" 200 -
::1 - - [12/Mar/2026 10:43:59] "GET /snack-images/252.jpg HTTP/1.1" 200 -
::1 - - [12/Mar/2026 10:43:59] "GET /snack-images/249.jpg HTTP/1.1" 200 -
::1 - - [12/Mar/2026 10:43:59] "GET /snack-images/233.jpg HTTP/1.1" 200 -
::1 - - [12/Mar/2026 10:43:59] "GET /snack-images/250.jpg HTTP/1.1" 200 -
::1 - - [12/Mar/2026 10:43:59] "GET /snack-images/260.jpg HTTP/1.1" 200 -
::1 - - [12/Mar/2026 10:43:59] "GET /snack-images/77.jpg HTTP/1.1" 200 -
::1 - - [12/Mar/2026 10:43:59] "GET /snack-images/91.jpg HTTP/1.1" 200 -
::1 - - [12/Mar/2026 10:43:59] "GET /snack-images/102.jpg HTTP/1.1" 200 -
::1 - - [12/Mar/2026 10:43:59] "GET /snack-images/78.jpg HTTP/1.1" 200 -
::1 - - [12/Mar/2026 10:43:59] "GET /snack-images/106.jpg HTTP/1.1" 200 -
::1 - - [12/Mar/2026 10:43:59] "GET /snack-images/113.jpg HTTP/1.1" 200 -
::1 - - [12/Mar/2026 10:43:59] "GET /snack-images/117.jpg HTTP/1.1" 200 -
::1 - - [12/Mar/2026 10:43:59] "GET /snack-images/227.jpg HTTP/1.1" 200 -
::1 - - [12/Mar/2026 10:43:59] "GET /snack-images/228.jpg HTTP/1.1" 200 -
::1 - - [12/Mar/2026 10:43:59] "GET /snack-images/229.jpg HTTP/1.1" 200 -
::1 - - [12/Mar/2026 10:43:59] "GET /snack-images/243.jpg HTTP/1.1" 200 -
::1 - - [12/Mar/2026 10:43:59] "GET /snack-images/242.jpg HTTP/1.1" 200 -
::1 - - [12/Mar/2026 10:43:59] "GET /snack-images/256.jpg HTTP/1.1" 200 -
::1 - - [12/Mar/2026 10:43:59] "GET /snack-images/259.jpg HTTP/1.1" 200 -
::1 - - [12/Mar/2026 10:43:59] "GET /snack-images/265.jpg HTTP/1.1" 200 -
::1 - - [12/Mar/2026 10:43:59] "GET /snack-images/105.jpg HTTP/1.1" 200 -
::1 - - [12/Mar/2026 10:43:59] "GET /snack-images/96.jpg HTTP/1.1" 200 -
::1 - - [12/Mar/2026 10:43:59] "GET /snack-images/135.jpg HTTP/1.1" 200 -
::1 - - [12/Mar/2026 10:43:59] "GET /snack-images/253.jpg HTTP/1.1" 200 -
::1 - - [12/Mar/2026 10:43:59] "GET /snack-images/264.jpg HTTP/1.1" 200 -
::1 - - [12/Mar/2026 10:43:59] "GET /snack-images/270.jpg HTTP/1.1" 200 -
::1 - - [12/Mar/2026 10:43:59] "GET /snack-images/108.jpg HTTP/1.1" 200 -
::1 - - [12/Mar/2026 10:43:59] "GET /snack-images/109.jpg HTTP/1.1" 200 -
::1 - - [12/Mar/2026 10:43:59] "GET /snack-images/103.jpg HTTP/1.1" 200 -
::1 - - [12/Mar/2026 10:43:59] "GET /snack-images/140.jpg HTTP/1.1" 200 -
::1 - - [12/Mar/2026 10:43:59] "GET /snack-images/269.jpg HTTP/1.1" 200 -
::1 - - [12/Mar/2026 10:43:59] "GET /snack-images/266.jpg HTTP/1.1" 200 -
::1 - - [12/Mar/2026 10:43:59] "GET /snack-images/207.jpg HTTP/1.1" 200 -
::1 - - [12/Mar/2026 10:43:59] "GET /snack-images/104.jpg HTTP/1.1" 200 -
::1 - - [12/Mar/2026 10:43:59] "GET /snack-images/99.jpg HTTP/1.1" 200 -
::1 - - [12/Mar/2026 10:43:59] "GET /snack-images/97.jpg HTTP/1.1" 200 -
::1 - - [12/Mar/2026 10:43:59] "GET /snack-images/268.jpg HTTP/1.1" 200 -
::1 - - [12/Mar/2026 10:43:59] "GET /snack-images/261.jpg HTTP/1.1" 200 -
::1 - - [12/Mar/2026 10:43:59] "GET /snack-images/100.jpg HTTP/1.1" 200 -
::1 - - [12/Mar/2026 10:43:59] "GET /snack-images/110.jpg HTTP/1.1" 200 -
::1 - - [12/Mar/2026 10:43:59] "GET /snack-images/255.jpg HTTP/1.1" 200 -
::1 - - [12/Mar/2026 10:43:59] "GET /snack-images/111.jpg HTTP/1.1" 200 -
::1 - - [12/Mar/2026 10:43:59] "GET /snack-images/101.jpg HTTP/1.1" 200 -
::1 - - [12/Mar/2026 10:43:59] "GET /snack-images/187.jpg HTTP/1.1" 200 -
::1 - - [12/Mar/2026 10:43:59] "GET /snack-images/254.jpg HTTP/1.1" 200 -
::1 - - [12/Mar/2026 10:43:59] "GET /snack-images/112.jpg HTTP/1.1" 200 -
::1 - - [12/Mar/2026 10:43:59] "GET /snack-images/263.jpg HTTP/1.1" 200 -
::1 - - [12/Mar/2026 10:43:59] "GET /snack-images/216.jpg HTTP/1.1" 200 -
::1 - - [12/Mar/2026 10:43:59] "GET /snack-images/7.jpg HTTP/1.1" 304 -
::1 - - [12/Mar/2026 10:43:59] "GET /snack-images/151.jpg HTTP/1.1" 200 -
::1 - - [12/Mar/2026 10:43:59] "GET /snack-images/262.jpg HTTP/1.1" 200 -
::1 - - [12/Mar/2026 10:43:59] "GET /snack-images/153.jpg HTTP/1.1" 200 -
::1 - - [12/Mar/2026 10:43:59] "GET /snack-images/212.jpg HTTP/1.1" 200 -
::1 - - [12/Mar/2026 10:44:00] "GET /snack-images/luosifen.jpg HTTP/1.1" 304 -
::1 - - [12/Mar/2026 10:44:33] "GET /snack-images/weilong.jpg HTTP/1.1" 304 -
::1 - - [12/Mar/2026 11:14:38] "GET / HTTP/1.1" 200 -
::1 - - [12/Mar/2026 11:14:38] "GET /assets/index-DfO2c7rs.js HTTP/1.1" 200 -
::1 - - [12/Mar/2026 11:14:38] "GET /assets/index-9hd5hYDG.css HTTP/1.1" 200 -
::1 - - [12/Mar/2026 11:14:38] "GET /snack-images/4.jpg HTTP/1.1" 200 -
::1 - - [12/Mar/2026 11:14:38] "GET /snack-images/31.jpg HTTP/1.1" 200 -
::1 - - [12/Mar/2026 11:14:38] "GET /snack-images/37.jpg HTTP/1.1" 200 -
::1 - - [12/Mar/2026 11:14:38] "GET /snack-images/46.jpg HTTP/1.1" 200 -
::1 - - [12/Mar/2026 11:14:38] "GET /snack-images/6.jpg HTTP/1.1" 200 -
::1 - - [12/Mar/2026 11:14:38] "GET /snack-images/14.jpg HTTP/1.1" 200 -
::1 - - [12/Mar/2026 11:14:38] "GET /snack-images/15.jpg HTTP/1.1" 200 -
::1 - - [12/Mar/2026 11:14:38] "GET /snack-images/41.jpg HTTP/1.1" 200 -
::1 - - [12/Mar/2026 11:14:38] "GET /snack-images/25.jpg HTTP/1.1" 200 -
::1 - - [12/Mar/2026 11:14:38] "GET /snack-images/33.jpg HTTP/1.1" 200 -
::1 - - [12/Mar/2026 11:14:38] "GET /snack-images/12.jpg HTTP/1.1" 200 -
::1 - - [12/Mar/2026 11:14:38] "GET /snack-images/23.jpg HTTP/1.1" 200 -
::1 - - [12/Mar/2026 11:14:38] "GET /snack-images/42.jpg HTTP/1.1" 200 -
::1 - - [12/Mar/2026 11:14:38] "GET /snack-images/39.jpg HTTP/1.1" 200 -
::1 - - [12/Mar/2026 11:14:38] "GET /snack-images/43.jpg HTTP/1.1" 200 -
::1 - - [12/Mar/2026 11:14:38] "GET /snack-images/34.jpg HTTP/1.1" 200 -
::1 - - [12/Mar/2026 11:14:38] "GET /snack-images/20.jpg HTTP/1.1" 200 -
::1 - - [12/Mar/2026 11:14:38] "GET /snack-images/21.jpg HTTP/1.1" 200 -
::1 - - [12/Mar/2026 11:14:38] "GET /snack-images/3.jpg HTTP/1.1" 200 -
::1 - - [12/Mar/2026 11:14:38] "GET /snack-images/24.jpg HTTP/1.1" 200 -
::1 - - [12/Mar/2026 11:14:38] "GET /snack-images/11.jpg HTTP/1.1" 200 -
::1 - - [12/Mar/2026 11:14:38] "GET /snack-images/45.jpg HTTP/1.1" 200 -
::1 - - [12/Mar/2026 11:14:38] "GET /snack-images/27.jpg HTTP/1.1" 200 -
::1 - - [12/Mar/2026 11:14:38] "GET /snack-images/35.jpg HTTP/1.1" 200 -
::1 - - [12/Mar/2026 11:14:38] "GET /snack-images/19.jpg HTTP/1.1" 200 -
::1 - - [12/Mar/2026 11:14:38] "GET /snack-images/16.jpg HTTP/1.1" 200 -
::1 - - [12/Mar/2026 11:14:38] "GET /snack-images/10.jpg HTTP/1.1" 200 -
::1 - - [12/Mar/2026 11:14:38] "GET /snack-images/2.jpg HTTP/1.1" 200 -
::1 - - [12/Mar/2026 11:14:38] "GET /snack-images/28.jpg HTTP/1.1" 200 -
::1 - - [12/Mar/2026 11:14:38] "GET /snack-images/18.jpg HTTP/1.1" 200 -
::1 - - [12/Mar/2026 11:14:38] "GET /snack-images/9.jpg HTTP/1.1" 200 -
::1 - - [12/Mar/2026 11:14:38] "GET /snack-images/38.jpg HTTP/1.1" 200 -
::1 - - [12/Mar/2026 11:14:38] "GET /snack-images/7.jpg HTTP/1.1" 200 -
::1 - - [12/Mar/2026 11:14:38] "GET /snack-images/30.jpg HTTP/1.1" 200 -
::1 - - [12/Mar/2026 11:14:38] "GET /snack-images/44.jpg HTTP/1.1" 200 -
::1 - - [12/Mar/2026 11:14:38] "GET /snack-images/13.jpg HTTP/1.1" 200 -
::1 - - [12/Mar/2026 11:14:38] "GET /snack-images/40.jpg HTTP/1.1" 200 -
::1 - - [12/Mar/2026 11:14:38] "GET /snack-images/8.jpg HTTP/1.1" 200 -
::1 - - [12/Mar/2026 11:14:38] "GET /snack-images/32.jpg HTTP/1.1" 200 -
::1 - - [12/Mar/2026 11:14:38] "GET /snack-images/22.jpg HTTP/1.1" 200 -
::1 - - [12/Mar/2026 11:14:38] "GET /snack-images/5.jpg HTTP/1.1" 200 -
::1 - - [12/Mar/2026 11:14:38] "GET /snack-images/26.jpg HTTP/1.1" 200 -
::1 - - [12/Mar/2026 11:14:38] "GET /snack-images/17.jpg HTTP/1.1" 200 -
::1 - - [12/Mar/2026 11:14:38] "GET /snack-images/36.jpg HTTP/1.1" 200 -
::1 - - [12/Mar/2026 11:14:38] "GET /snack-images/29.jpg HTTP/1.1" 200 -
::1 - - [12/Mar/2026 11:14:38] "GET /snack-images/1.jpg HTTP/1.1" 200 -
::1 - - [12/Mar/2026 11:14:38] "GET /assets/snack-placeholder.svg HTTP/1.1" 200 -
::1 - - [12/Mar/2026 11:14:42] "GET /snack-images/146.jpg HTTP/1.1" 200 -
::1 - - [12/Mar/2026 11:14:42] "GET /snack-images/136.jpg HTTP/1.1" 200 -
::1 - - [12/Mar/2026 11:14:42] "GET /snack-images/139.jpg HTTP/1.1" 200 -
::1 - - [12/Mar/2026 11:14:42] "GET /snack-images/141.jpg HTTP/1.1" 200 -
::1 - - [12/Mar/2026 11:14:42] "GET /snack-images/147.jpg HTTP/1.1" 200 -
::1 - - [12/Mar/2026 11:14:42] "GET /snack-images/148.jpg HTTP/1.1" 200 -
::1 - - [12/Mar/2026 11:14:42] "GET /snack-images/144.jpg HTTP/1.1" 200 -
::1 - - [12/Mar/2026 11:14:42] "GET /snack-images/149.jpg HTTP/1.1" 200 -
::1 - - [12/Mar/2026 11:14:42] "GET /snack-images/150.jpg HTTP/1.1" 200 -
::1 - - [12/Mar/2026 11:14:42] "GET /snack-images/236.jpg HTTP/1.1" 200 -
::1 - - [12/Mar/2026 11:14:42] "GET /snack-images/245.jpg HTTP/1.1" 200 -
::1 - - [12/Mar/2026 11:14:42] "GET /snack-images/232.jpg HTTP/1.1" 200 -
::1 - - [12/Mar/2026 11:14:42] "GET /snack-images/238.jpg HTTP/1.1" 200 -
::1 - - [12/Mar/2026 11:14:42] "GET /snack-images/239.jpg HTTP/1.1" 200 -
::1 - - [12/Mar/2026 11:14:42] "GET /snack-images/240.jpg HTTP/1.1" 200 -
::1 - - [12/Mar/2026 11:14:42] "GET /snack-images/249.jpg HTTP/1.1" 200 -
::1 - - [12/Mar/2026 11:14:42] "GET /snack-images/252.jpg HTTP/1.1" 200 -
::1 - - [12/Mar/2026 11:14:42] "GET /snack-images/260.jpg HTTP/1.1" 200 -
::1 - - [12/Mar/2026 11:14:42] "GET /snack-images/233.jpg HTTP/1.1" 200 -
::1 - - [12/Mar/2026 11:14:42] "GET /snack-images/77.jpg HTTP/1.1" 200 -
::1 - - [12/Mar/2026 11:14:42] "GET /snack-images/250.jpg HTTP/1.1" 200 -
::1 - - [12/Mar/2026 11:14:42] "GET /snack-images/91.jpg HTTP/1.1" 200 -
::1 - - [12/Mar/2026 11:14:42] "GET /snack-images/102.jpg HTTP/1.1" 200 -
::1 - - [12/Mar/2026 11:14:42] "GET /snack-images/78.jpg HTTP/1.1" 200 -
::1 - - [12/Mar/2026 11:14:42] "GET /snack-images/117.jpg HTTP/1.1" 200 -
::1 - - [12/Mar/2026 11:14:42] "GET /snack-images/106.jpg HTTP/1.1" 200 -
::1 - - [12/Mar/2026 11:14:42] "GET /snack-images/113.jpg HTTP/1.1" 200 -
::1 - - [12/Mar/2026 11:14:42] "GET /snack-images/227.jpg HTTP/1.1" 200 -
::1 - - [12/Mar/2026 11:14:42] "GET /snack-images/228.jpg HTTP/1.1" 200 -
::1 - - [12/Mar/2026 11:14:42] "GET /snack-images/229.jpg HTTP/1.1" 200 -
::1 - - [12/Mar/2026 11:14:42] "GET /snack-images/140.jpg HTTP/1.1" 200 -
::1 - - [12/Mar/2026 11:14:42] "GET /snack-images/153.jpg HTTP/1.1" 200 -
::1 - - [12/Mar/2026 11:14:42] "GET /snack-images/242.jpg HTTP/1.1" 200 -
::1 - - [12/Mar/2026 11:14:42] "GET /snack-images/96.jpg HTTP/1.1" 200 -
::1 - - [12/Mar/2026 11:14:42] "GET /snack-images/99.jpg HTTP/1.1" 200 -
::1 - - [12/Mar/2026 11:14:42] "GET /snack-images/109.jpg HTTP/1.1" 200 -
::1 - - [12/Mar/2026 11:14:42] "GET /snack-images/261.jpg HTTP/1.1" 200 -
::1 - - [12/Mar/2026 11:14:42] "GET /snack-images/108.jpg HTTP/1.1" 200 -
::1 - - [12/Mar/2026 11:14:42] "GET /snack-images/101.jpg HTTP/1.1" 200 -
::1 - - [12/Mar/2026 11:14:42] "GET /snack-images/100.jpg HTTP/1.1" 200 -
::1 - - [12/Mar/2026 11:14:42] "GET /snack-images/105.jpg HTTP/1.1" 200 -
::1 - - [12/Mar/2026 11:14:42] "GET /snack-images/264.jpg HTTP/1.1" 200 -
::1 - - [12/Mar/2026 11:14:42] "GET /snack-images/269.jpg HTTP/1.1" 200 -
::1 - - [12/Mar/2026 11:14:42] "GET /snack-images/255.jpg HTTP/1.1" 200 -
::1 - - [12/Mar/2026 11:14:42] "GET /snack-images/135.jpg HTTP/1.1" 200 -
::1 - - [12/Mar/2026 11:14:42] "GET /snack-images/263.jpg HTTP/1.1" 200 -
::1 - - [12/Mar/2026 11:14:42] "GET /snack-images/262.jpg HTTP/1.1" 200 -
::1 - - [12/Mar/2026 11:14:42] "GET /snack-images/259.jpg HTTP/1.1" 200 -
::1 - - [12/Mar/2026 11:14:42] "GET /snack-images/270.jpg HTTP/1.1" 200 -
::1 - - [12/Mar/2026 11:14:42] "GET /snack-images/254.jpg HTTP/1.1" 200 -
::1 - - [12/Mar/2026 11:14:42] "GET /snack-images/265.jpg HTTP/1.1" 200 -
::1 - - [12/Mar/2026 11:14:42] "GET /snack-images/253.jpg HTTP/1.1" 200 -
::1 - - [12/Mar/2026 11:14:42] "GET /snack-images/110.jpg HTTP/1.1" 200 -
::1 - - [12/Mar/2026 11:14:42] "GET /snack-images/256.jpg HTTP/1.1" 200 -
::1 - - [12/Mar/2026 11:14:42] "GET /snack-images/266.jpg HTTP/1.1" 200 -
::1 - - [12/Mar/2026 11:14:42] "GET /snack-images/212.jpg HTTP/1.1" 200 -
::1 - - [12/Mar/2026 11:14:42] "GET /snack-images/97.jpg HTTP/1.1" 200 -
::1 - - [12/Mar/2026 11:14:42] "GET /snack-images/112.jpg HTTP/1.1" 200 -
::1 - - [12/Mar/2026 11:14:42] "GET /snack-images/151.jpg HTTP/1.1" 200 -
::1 - - [12/Mar/2026 11:14:42] "GET /snack-images/207.jpg HTTP/1.1" 200 -
::1 - - [12/Mar/2026 11:14:42] "GET /snack-images/104.jpg HTTP/1.1" 200 -
::1 - - [12/Mar/2026 11:14:42] "GET /snack-images/103.jpg HTTP/1.1" 200 -
::1 - - [12/Mar/2026 11:14:42] "GET /snack-images/216.jpg HTTP/1.1" 200 -
::1 - - [12/Mar/2026 11:14:42] "GET /snack-images/187.jpg HTTP/1.1" 200 -
::1 - - [12/Mar/2026 11:14:42] "GET /snack-images/243.jpg HTTP/1.1" 200 -
::1 - - [12/Mar/2026 11:14:42] "GET /snack-images/268.jpg HTTP/1.1" 200 -
::1 - - [12/Mar/2026 11:14:42] "GET /snack-images/111.jpg HTTP/1.1" 200 -
::1 - - [12/Mar/2026 11:14:45] "GET /snack-images/luosifen.jpg HTTP/1.1" 200 -
::1 - - [12/Mar/2026 11:43:13] "GET / HTTP/1.1" 200 -
::1 - - [12/Mar/2026 11:43:13] "GET /assets/index-WqIzm0Lk.js HTTP/1.1" 200 -
::1 - - [12/Mar/2026 11:43:13] "GET /assets/index-9hd5hYDG.css HTTP/1.1" 200 -
::1 - - [12/Mar/2026 11:43:13] "GET /snack-images-fixed/moyu_cake.jpg HTTP/1.1" 200 -
::1 - - [12/Mar/2026 11:43:13] "GET /snack-images/23.jpg HTTP/1.1" 200 -
::1 - - [12/Mar/2026 11:43:13] "GET /snack-images/29.jpg HTTP/1.1" 200 -
::1 - - [12/Mar/2026 11:43:13] "GET /snack-images/27.jpg HTTP/1.1" 200 -
::1 - - [12/Mar/2026 11:43:13] "GET /snack-images/37.jpg HTTP/1.1" 200 -
::1 - - [12/Mar/2026 11:43:13] "GET /snack-images/8.jpg HTTP/1.1" 200 -
::1 - - [12/Mar/2026 11:43:13] "GET /snack-images/28.jpg HTTP/1.1" 200 -
::1 - - [12/Mar/2026 11:43:13] "GET /snack-images/36.jpg HTTP/1.1" 200 -
::1 - - [12/Mar/2026 11:43:13] "GET /snack-images/21.jpg HTTP/1.1" 200 -
::1 - - [12/Mar/2026 11:43:13] "GET /snack-images/31.jpg HTTP/1.1" 200 -
::1 - - [12/Mar/2026 11:43:13] "GET /snack-images/15.jpg HTTP/1.1" 200 -
::1 - - [12/Mar/2026 11:43:13] "GET /snack-images/26.jpg HTTP/1.1" 200 -
::1 - - [12/Mar/2026 11:43:13] "GET /snack-images/3.jpg HTTP/1.1" 200 -
::1 - - [12/Mar/2026 11:43:13] "GET /snack-images-fixed/moyushuang_spicy.jpg HTTP/1.1" 200 -
::1 - - [12/Mar/2026 11:43:13] "GET /snack-images/18.jpg HTTP/1.1" 200 -
::1 - - [12/Mar/2026 11:43:13] "GET /snack-images/11.jpg HTTP/1.1" 200 -
::1 - - [12/Mar/2026 11:43:13] "GET /snack-images/2.jpg HTTP/1.1" 200 -
::1 - - [12/Mar/2026 11:43:13] "GET /snack-images/22.jpg HTTP/1.1" 200 -
::1 - - [12/Mar/2026 11:43:13] "GET /snack-images/39.jpg HTTP/1.1" 200 -
::1 - - [12/Mar/2026 11:43:13] "GET /snack-images/30.jpg HTTP/1.1" 200 -
::1 - - [12/Mar/2026 11:43:13] "GET /snack-images/45.jpg HTTP/1.1" 200 -
::1 - - [12/Mar/2026 11:43:13] "GET /snack-images/10.jpg HTTP/1.1" 200 -
::1 - - [12/Mar/2026 11:43:13] "GET /snack-images/12.jpg HTTP/1.1" 200 -
::1 - - [12/Mar/2026 11:43:13] "GET /snack-images/20.jpg HTTP/1.1" 200 -
::1 - - [12/Mar/2026 11:43:13] "GET /snack-images/6.jpg HTTP/1.1" 200 -
::1 - - [12/Mar/2026 11:43:13] "GET /snack-images/40.jpg HTTP/1.1" 200 -
::1 - - [12/Mar/2026 11:43:13] "GET /snack-images/32.jpg HTTP/1.1" 200 -
::1 - - [12/Mar/2026 11:43:13] "GET /snack-images/7.jpg HTTP/1.1" 200 -
::1 - - [12/Mar/2026 11:43:13] "GET /snack-images/35.jpg HTTP/1.1" 200 -
::1 - - [12/Mar/2026 11:43:13] "GET /snack-images/42.jpg HTTP/1.1" 200 -
::1 - - [12/Mar/2026 11:43:13] "GET /snack-images/41.jpg HTTP/1.1" 200 -
::1 - - [12/Mar/2026 11:43:13] "GET /snack-images/43.jpg HTTP/1.1" 200 -
::1 - - [12/Mar/2026 11:43:13] "GET /snack-images/5.jpg HTTP/1.1" 200 -
::1 - - [12/Mar/2026 11:43:13] "GET /snack-images/14.jpg HTTP/1.1" 200 -
::1 - - [12/Mar/2026 11:43:13] "GET /snack-images/16.jpg HTTP/1.1" 200 -
::1 - - [12/Mar/2026 11:43:13] "GET /snack-images/46.jpg HTTP/1.1" 200 -
::1 - - [12/Mar/2026 11:43:13] "GET /snack-images/24.jpg HTTP/1.1" 200 -
::1 - - [12/Mar/2026 11:43:13] "GET /snack-images/4.jpg HTTP/1.1" 200 -
::1 - - [12/Mar/2026 11:43:13] "GET /snack-images/33.jpg HTTP/1.1" 200 -
::1 - - [12/Mar/2026 11:43:13] "GET /snack-images/38.jpg HTTP/1.1" 200 -
::1 - - [12/Mar/2026 11:43:13] "GET /snack-images/25.jpg HTTP/1.1" 200 -
::1 - - [12/Mar/2026 11:43:13] "GET /snack-images/13.jpg HTTP/1.1" 200 -
::1 - - [12/Mar/2026 11:43:13] "GET /snack-images/44.jpg HTTP/1.1" 200 -
::1 - - [12/Mar/2026 11:43:13] "GET /snack-images/1.jpg HTTP/1.1" 200 -
::1 - - [12/Mar/2026 11:43:13] "GET /snack-images/34.jpg HTTP/1.1" 200 -
::1 - - [12/Mar/2026 11:43:13] "GET /snack-images-fixed/liziji_luosifen.jpg HTTP/1.1" 200 -
::1 - - [12/Mar/2026 11:43:13] "GET /snack-images/19.jpg HTTP/1.1" 200 -
::1 - - [12/Mar/2026 11:43:13] "GET /snack-images/9.jpg HTTP/1.1" 200 -
::1 - - [12/Mar/2026 11:43:13] "GET /snack-images-fixed/haohuanluo_luosifen.jpg HTTP/1.1" 200 -
::1 - - [12/Mar/2026 11:43:13] "GET /snack-images/17.jpg HTTP/1.1" 200 -
::1 - - [12/Mar/2026 11:43:13] "GET /assets/snack-placeholder.svg HTTP/1.1" 200 -
::1 - - [12/Mar/2026 11:43:19] "GET /snack-images/136.jpg HTTP/1.1" 200 -
::1 - - [12/Mar/2026 11:43:19] "GET /snack-images/146.jpg HTTP/1.1" 200 -
::1 - - [12/Mar/2026 11:43:19] "GET /snack-images/147.jpg HTTP/1.1" 200 -
::1 - - [12/Mar/2026 11:43:19] "GET /snack-images/139.jpg HTTP/1.1" 200 -
::1 - - [12/Mar/2026 11:43:19] "GET /snack-images/141.jpg HTTP/1.1" 200 -
::1 - - [12/Mar/2026 11:43:19] "GET /snack-images/144.jpg HTTP/1.1" 200 -
::1 - - [12/Mar/2026 11:43:19] "GET /snack-images/148.jpg HTTP/1.1" 200 -
::1 - - [12/Mar/2026 11:43:19] "GET /snack-images/149.jpg HTTP/1.1" 200 -
::1 - - [12/Mar/2026 11:43:19] "GET /snack-images/150.jpg HTTP/1.1" 200 -
::1 - - [12/Mar/2026 11:43:19] "GET /snack-images/232.jpg HTTP/1.1" 200 -
::1 - - [12/Mar/2026 11:43:19] "GET /snack-images/238.jpg HTTP/1.1" 200 -
::1 - - [12/Mar/2026 11:43:19] "GET /snack-images/236.jpg HTTP/1.1" 200 -
::1 - - [12/Mar/2026 11:43:19] "GET /snack-images/239.jpg HTTP/1.1" 200 -
::1 - - [12/Mar/2026 11:43:19] "GET /snack-images/240.jpg HTTP/1.1" 200 -
::1 - - [12/Mar/2026 11:43:19] "GET /snack-images/245.jpg HTTP/1.1" 200 -
::1 - - [12/Mar/2026 11:43:19] "GET /snack-images/252.jpg HTTP/1.1" 200 -
::1 - - [12/Mar/2026 11:43:19] "GET /snack-images/233.jpg HTTP/1.1" 200 -
::1 - - [12/Mar/2026 11:43:19] "GET /snack-images/250.jpg HTTP/1.1" 200 -
::1 - - [12/Mar/2026 11:43:19] "GET /snack-images/249.jpg HTTP/1.1" 200 -
::1 - - [12/Mar/2026 11:43:19] "GET /snack-images/77.jpg HTTP/1.1" 200 -
::1 - - [12/Mar/2026 11:43:19] "GET /snack-images/91.jpg HTTP/1.1" 200 -
::1 - - [12/Mar/2026 11:43:19] "GET /snack-images/102.jpg HTTP/1.1" 200 -
::1 - - [12/Mar/2026 11:43:19] "GET /snack-images/78.jpg HTTP/1.1" 200 -
::1 - - [12/Mar/2026 11:43:19] "GET /snack-images/113.jpg HTTP/1.1" 200 -
::1 - - [12/Mar/2026 11:43:19] "GET /snack-images/106.jpg HTTP/1.1" 200 -
::1 - - [12/Mar/2026 11:43:19] "GET /snack-images/117.jpg HTTP/1.1" 200 -
::1 - - [12/Mar/2026 11:43:19] "GET /snack-images/227.jpg HTTP/1.1" 200 -
::1 - - [12/Mar/2026 11:43:19] "GET /snack-images/228.jpg HTTP/1.1" 200 -
::1 - - [12/Mar/2026 11:43:19] "GET /snack-images/229.jpg HTTP/1.1" 200 -
::1 - - [12/Mar/2026 11:43:19] "GET /snack-images/256.jpg HTTP/1.1" 200 -
::1 - - [12/Mar/2026 11:43:19] "GET /snack-images/242.jpg HTTP/1.1" 200 -
::1 - - [12/Mar/2026 11:43:19] "GET /snack-images/243.jpg HTTP/1.1" 200 -
::1 - - [12/Mar/2026 11:43:19] "GET /snack-images/269.jpg HTTP/1.1" 200 -
::1 - - [12/Mar/2026 11:43:19] "GET /snack-images/262.jpg HTTP/1.1" 200 -
::1 - - [12/Mar/2026 11:43:19] "GET /snack-images/187.jpg HTTP/1.1" 200 -
::1 - - [12/Mar/2026 11:43:19] "GET /snack-images/110.jpg HTTP/1.1" 200 -
::1 - - [12/Mar/2026 11:43:19] "GET /snack-images/108.jpg HTTP/1.1" 200 -
::1 - - [12/Mar/2026 11:43:19] "GET /snack-images/96.jpg HTTP/1.1" 200 -
::1 - - [12/Mar/2026 11:43:19] "GET /snack-images/151.jpg HTTP/1.1" 200 -
::1 - - [12/Mar/2026 11:43:19] "GET /snack-images/99.jpg HTTP/1.1" 200 -
::1 - - [12/Mar/2026 11:43:19] "GET /snack-images/101.jpg HTTP/1.1" 200 -
::1 - - [12/Mar/2026 11:43:19] "GET /snack-images/259.jpg HTTP/1.1" 200 -
::1 - - [12/Mar/2026 11:43:19] "GET /snack-images/105.jpg HTTP/1.1" 200 -
::1 - - [12/Mar/2026 11:43:19] "GET /snack-images/111.jpg HTTP/1.1" 200 -
::1 - - [12/Mar/2026 11:43:19] "GET /snack-images/265.jpg HTTP/1.1" 200 -
::1 - - [12/Mar/2026 11:43:19] "GET /snack-images/253.jpg HTTP/1.1" 200 -
::1 - - [12/Mar/2026 11:43:19] "GET /snack-images/216.jpg HTTP/1.1" 200 -
::1 - - [12/Mar/2026 11:43:19] "GET /snack-images/207.jpg HTTP/1.1" 200 -
::1 - - [12/Mar/2026 11:43:19] "GET /snack-images/100.jpg HTTP/1.1" 200 -
::1 - - [12/Mar/2026 11:43:19] "GET /snack-images/261.jpg HTTP/1.1" 200 -
::1 - - [12/Mar/2026 11:43:19] "GET /snack-images/260.jpg HTTP/1.1" 200 -
::1 - - [12/Mar/2026 11:43:19] "GET /snack-images/153.jpg HTTP/1.1" 200 -
::1 - - [12/Mar/2026 11:43:19] "GET /snack-images/112.jpg HTTP/1.1" 200 -
::1 - - [12/Mar/2026 11:43:19] "GET /snack-images/109.jpg HTTP/1.1" 200 -
::1 - - [12/Mar/2026 11:43:19] "GET /snack-images/104.jpg HTTP/1.1" 200 -
::1 - - [12/Mar/2026 11:43:19] "GET /snack-images/140.jpg HTTP/1.1" 200 -
::1 - - [12/Mar/2026 11:43:19] "GET /snack-images/212.jpg HTTP/1.1" 200 -
::1 - - [12/Mar/2026 11:43:19] "GET /snack-images/97.jpg HTTP/1.1" 200 -
::1 - - [12/Mar/2026 11:43:19] "GET /snack-images/266.jpg HTTP/1.1" 200 -
::1 - - [12/Mar/2026 11:43:19] "GET /snack-images/270.jpg HTTP/1.1" 200 -
::1 - - [12/Mar/2026 11:43:19] "GET /snack-images/263.jpg HTTP/1.1" 200 -
::1 - - [12/Mar/2026 11:43:19] "GET /snack-images/268.jpg HTTP/1.1" 200 -
::1 - - [12/Mar/2026 11:43:19] "GET /snack-images/264.jpg HTTP/1.1" 200 -
::1 - - [12/Mar/2026 11:43:19] "GET /snack-images/254.jpg HTTP/1.1" 200 -
::1 - - [12/Mar/2026 11:43:19] "GET /snack-images/255.jpg HTTP/1.1" 200 -
::1 - - [12/Mar/2026 11:43:19] "GET /snack-images/103.jpg HTTP/1.1" 200 -
::1 - - [12/Mar/2026 11:43:19] "GET /snack-images/135.jpg HTTP/1.1" 200 -
::1 - - [12/Mar/2026 11:43:21] "GET /snack-images/luosifen.jpg HTTP/1.1" 200 -
::1 - - [12/Mar/2026 11:43:24] "GET / HTTP/1.1" 304 -
::1 - - [12/Mar/2026 11:43:29] "GET /snack-images/48.jpg HTTP/1.1" 200 -
::1 - - [12/Mar/2026 11:43:29] "GET /snack-images/47.jpg HTTP/1.1" 200 -
::1 - - [12/Mar/2026 11:43:29] "GET /snack-images/52.jpg HTTP/1.1" 200 -
::1 - - [12/Mar/2026 11:43:29] "GET /snack-images/49.jpg HTTP/1.1" 200 -
::1 - - [12/Mar/2026 11:43:29] "GET /snack-images/50.jpg HTTP/1.1" 200 -
::1 - - [12/Mar/2026 11:43:29] "GET /snack-images/51.jpg HTTP/1.1" 200 -
::1 - - [12/Mar/2026 11:43:29] "GET /snack-images/53.jpg HTTP/1.1" 200 -
::1 - - [12/Mar/2026 11:43:29] "GET /snack-images/54.jpg HTTP/1.1" 200 -
::1 - - [12/Mar/2026 11:43:30] "GET /snack-images/56.jpg HTTP/1.1" 200 -
::1 - - [12/Mar/2026 11:43:30] "GET /snack-images/57.jpg HTTP/1.1" 200 -
::1 - - [12/Mar/2026 11:43:30] "GET /snack-images/55.jpg HTTP/1.1" 200 -
::1 - - [12/Mar/2026 11:43:30] "GET /snack-images/59.jpg HTTP/1.1" 200 -
::1 - - [12/Mar/2026 11:43:30] "GET /snack-images/60.jpg HTTP/1.1" 200 -
::1 - - [12/Mar/2026 11:43:30] "GET /snack-images/58.jpg HTTP/1.1" 200 -
::1 - - [12/Mar/2026 11:43:30] "GET /snack-images/61.jpg HTTP/1.1" 200 -
::1 - - [12/Mar/2026 11:43:30] "GET /snack-images/63.jpg HTTP/1.1" 200 -
::1 - - [12/Mar/2026 11:43:30] "GET /snack-images/62.jpg HTTP/1.1" 200 -
::1 - - [12/Mar/2026 11:43:30] "GET /snack-images/64.jpg HTTP/1.1" 200 -
::1 - - [12/Mar/2026 11:43:30] "GET /snack-images/65.jpg HTTP/1.1" 200 -
::1 - - [12/Mar/2026 11:43:30] "GET /snack-images/66.jpg HTTP/1.1" 200 -
::1 - - [12/Mar/2026 11:43:30] "GET /snack-images/67.jpg HTTP/1.1" 200 -
::1 - - [12/Mar/2026 11:43:30] "GET /snack-images/69.jpg HTTP/1.1" 200 -
::1 - - [12/Mar/2026 11:43:30] "GET /snack-images/70.jpg HTTP/1.1" 200 -
::1 - - [12/Mar/2026 11:43:30] "GET /snack-images/71.jpg HTTP/1.1" 200 -
::1 - - [12/Mar/2026 11:43:30] "GET /snack-images/72.jpg HTTP/1.1" 200 -
::1 - - [12/Mar/2026 11:43:30] "GET /snack-images/68.jpg HTTP/1.1" 200 -
::1 - - [12/Mar/2026 11:43:30] "GET /snack-images/74.jpg HTTP/1.1" 200 -
::1 - - [12/Mar/2026 11:43:30] "GET /snack-images/76.jpg HTTP/1.1" 200 -
::1 - - [12/Mar/2026 11:43:30] "GET /snack-images/73.jpg HTTP/1.1" 200 -
::1 - - [12/Mar/2026 11:43:30] "GET /snack-images/75.jpg HTTP/1.1" 200 -
::1 - - [12/Mar/2026 11:43:30] "GET /snack-images/79.jpg HTTP/1.1" 200 -
::1 - - [12/Mar/2026 11:43:30] "GET /snack-images/81.jpg HTTP/1.1" 200 -
::1 - - [12/Mar/2026 11:43:30] "GET /snack-images/80.jpg HTTP/1.1" 200 -
::1 - - [12/Mar/2026 11:43:30] "GET /snack-images/82.jpg HTTP/1.1" 200 -
::1 - - [12/Mar/2026 11:43:30] "GET /snack-images/83.jpg HTTP/1.1" 200 -
::1 - - [12/Mar/2026 11:43:30] "GET /snack-images/84.jpg HTTP/1.1" 200 -
::1 - - [12/Mar/2026 11:43:30] "GET /snack-images/88.jpg HTTP/1.1" 200 -
::1 - - [12/Mar/2026 11:43:30] "GET /snack-images/86.jpg HTTP/1.1" 200 -
::1 - - [12/Mar/2026 11:43:30] "GET /snack-images/85.jpg HTTP/1.1" 200 -
::1 - - [12/Mar/2026 11:43:30] "GET /snack-images/87.jpg HTTP/1.1" 200 -
::1 - - [12/Mar/2026 11:43:30] "GET /snack-images/90.jpg HTTP/1.1" 200 -
::1 - - [12/Mar/2026 11:43:30] "GET /snack-images/89.jpg HTTP/1.1" 200 -
::1 - - [12/Mar/2026 11:43:30] "GET /snack-images/95.jpg HTTP/1.1" 200 -
::1 - - [12/Mar/2026 11:43:30] "GET /snack-images/92.jpg HTTP/1.1" 200 -
::1 - - [12/Mar/2026 11:43:30] "GET /snack-images/93.jpg HTTP/1.1" 200 -
::1 - - [12/Mar/2026 11:43:30] "GET /snack-images/94.jpg HTTP/1.1" 200 -
::1 - - [12/Mar/2026 11:43:31] "GET /snack-images/98.jpg HTTP/1.1" 200 -
::1 - - [12/Mar/2026 11:43:31] "GET /snack-images/107.jpg HTTP/1.1" 200 -
::1 - - [12/Mar/2026 11:43:31] "GET /snack-images/114.jpg HTTP/1.1" 200 -
::1 - - [12/Mar/2026 11:43:31] "GET /snack-images/115.jpg HTTP/1.1" 200 -
::1 - - [12/Mar/2026 11:43:31] "GET /snack-images/118.jpg HTTP/1.1" 200 -
::1 - - [12/Mar/2026 11:43:31] "GET /snack-images/119.jpg HTTP/1.1" 200 -
::1 - - [12/Mar/2026 11:43:31] "GET /snack-images/116.jpg HTTP/1.1" 200 -
::1 - - [12/Mar/2026 11:43:31] "GET /snack-images/120.jpg HTTP/1.1" 200 -
::1 - - [12/Mar/2026 11:43:32] "GET /snack-images/124.jpg HTTP/1.1" 200 -
::1 - - [12/Mar/2026 11:43:32] "GET /snack-images/126.jpg HTTP/1.1" 200 -
::1 - - [12/Mar/2026 11:43:32] "GET /snack-images/125.jpg HTTP/1.1" 200 -
::1 - - [12/Mar/2026 11:43:32] "GET /snack-images/121.jpg HTTP/1.1" 200 -
::1 - - [12/Mar/2026 11:43:32] "GET /snack-images/122.jpg HTTP/1.1" 200 -
::1 - - [12/Mar/2026 11:43:32] "GET /snack-images/123.jpg HTTP/1.1" 200 -
::1 - - [12/Mar/2026 11:43:32] "GET /snack-images/130.jpg HTTP/1.1" 200 -
::1 - - [12/Mar/2026 11:43:32] "GET /snack-images/131.jpg HTTP/1.1" 200 -
::1 - - [12/Mar/2026 11:43:32] "GET /snack-images/132.jpg HTTP/1.1" 200 -
::1 - - [12/Mar/2026 11:43:32] "GET /snack-images/129.jpg HTTP/1.1" 200 -
::1 - - [12/Mar/2026 11:43:32] "GET /snack-images/127.jpg HTTP/1.1" 200 -
::1 - - [12/Mar/2026 11:43:32] "GET /snack-images/128.jpg HTTP/1.1" 200 -
::1 - - [12/Mar/2026 11:43:32] "GET /snack-images/133.jpg HTTP/1.1" 200 -
::1 - - [12/Mar/2026 11:43:32] "GET /snack-images/134.jpg HTTP/1.1" 200 -
::1 - - [12/Mar/2026 11:43:32] "GET /snack-images/137.jpg HTTP/1.1" 200 -
::1 - - [12/Mar/2026 11:43:32] "GET /snack-images/138.jpg HTTP/1.1" 200 -
::1 - - [12/Mar/2026 11:43:32] "GET /snack-images-fixed/weilong_old.jpg HTTP/1.1" 200 -
::1 - - [12/Mar/2026 11:43:32] "GET /snack-images/143.jpg HTTP/1.1" 200 -
::1 - - [12/Mar/2026 11:43:32] "GET /snack-images/142.jpg HTTP/1.1" 200 -
::1 - - [12/Mar/2026 11:43:44] "GET /snack-images/145.jpg HTTP/1.1" 200 -
::1 - - [12/Mar/2026 11:43:45] "GET /snack-images-fixed/qinzuishao_old.jpg HTTP/1.1" 200 -
::1 - - [12/Mar/2026 11:43:45] "GET /snack-images/152.jpg HTTP/1.1" 200 -
::1 - - [12/Mar/2026 11:43:45] "GET /snack-images/155.jpg HTTP/1.1" 200 -
::1 - - [12/Mar/2026 11:43:45] "GET /snack-images/156.jpg HTTP/1.1" 200 -
::1 - - [12/Mar/2026 11:43:45] "GET /snack-images/154.jpg HTTP/1.1" 200 -
::1 - - [12/Mar/2026 11:43:45] "GET /snack-images/weilong.jpg HTTP/1.1" 200 -
::1 - - [12/Mar/2026 11:43:46] "GET /snack-images/158.jpg HTTP/1.1" 200 -
::1 - - [12/Mar/2026 11:43:46] "GET /snack-images/160.jpg HTTP/1.1" 200 -
::1 - - [12/Mar/2026 11:43:46] "GET /snack-images/159.jpg HTTP/1.1" 200 -
::1 - - [12/Mar/2026 11:43:46] "GET /snack-images/157.jpg HTTP/1.1" 200 -
::1 - - [12/Mar/2026 11:43:46] "GET /snack-images/162.jpg HTTP/1.1" 200 -
::1 - - [12/Mar/2026 11:43:46] "GET /snack-images/161.jpg HTTP/1.1" 200 -
::1 - - [12/Mar/2026 11:43:46] "GET /snack-images/moyushuang.jpg HTTP/1.1" 200 -
::1 - - [12/Mar/2026 11:43:46] "GET /snack-images/165.jpg HTTP/1.1" 200 -
::1 - - [12/Mar/2026 11:43:46] "GET /snack-images/168.jpg HTTP/1.1" 200 -
::1 - - [12/Mar/2026 11:43:46] "GET /snack-images/163.jpg HTTP/1.1" 200 -
::1 - - [12/Mar/2026 11:43:46] "GET /snack-images/164.jpg HTTP/1.1" 200 -
::1 - - [12/Mar/2026 11:43:46] "GET /snack-images/173.jpg HTTP/1.1" 200 -
::1 - - [12/Mar/2026 11:43:46] "GET /snack-images/169.jpg HTTP/1.1" 200 -
::1 - - [12/Mar/2026 11:43:46] "GET /snack-images/172.jpg HTTP/1.1" 200 -
::1 - - [12/Mar/2026 11:43:46] "GET /snack-images/171.jpg HTTP/1.1" 200 -
::1 - - [12/Mar/2026 11:43:46] "GET /snack-images/174.jpg HTTP/1.1" 200 -
::1 - - [12/Mar/2026 11:43:46] "GET /snack-images/178.jpg HTTP/1.1" 200 -
::1 - - [12/Mar/2026 11:43:46] "GET /snack-images/175.jpg HTTP/1.1" 200 -
::1 - - [12/Mar/2026 11:43:46] "GET /snack-images/176.jpg HTTP/1.1" 200 -
::1 - - [12/Mar/2026 11:43:46] "GET /snack-images/179.jpg HTTP/1.1" 200 -
::1 - - [12/Mar/2026 11:43:46] "GET /snack-images/180.jpg HTTP/1.1" 200 -
::1 - - [12/Mar/2026 11:43:46] "GET /snack-images/177.jpg HTTP/1.1" 200 -
::1 - - [12/Mar/2026 11:43:47] "GET /snack-images/183.jpg HTTP/1.1" 200 -
::1 - - [12/Mar/2026 11:43:47] "GET /snack-images/181.jpg HTTP/1.1" 200 -
::1 - - [12/Mar/2026 11:43:47] "GET /snack-images/186.jpg HTTP/1.1" 200 -
::1 - - [12/Mar/2026 11:43:47] "GET /snack-images/184.jpg HTTP/1.1" 200 -
::1 - - [12/Mar/2026 11:43:47] "GET /snack-images/182.jpg HTTP/1.1" 200 -
::1 - - [12/Mar/2026 11:43:47] "GET /snack-images/185.jpg HTTP/1.1" 200 -
::1 - - [12/Mar/2026 11:43:47] "GET /snack-images/188.jpg HTTP/1.1" 200 -
::1 - - [12/Mar/2026 11:43:47] "GET /snack-images/189.jpg HTTP/1.1" 200 -
::1 - - [12/Mar/2026 11:43:47] "GET /snack-images/191.jpg HTTP/1.1" 200 -
::1 - - [12/Mar/2026 11:43:47] "GET /snack-images/190.jpg HTTP/1.1" 200 -
::1 - - [12/Mar/2026 11:43:47] "GET /snack-images/192.jpg HTTP/1.1" 200 -
::1 - - [12/Mar/2026 11:43:48] "GET /snack-images/194.jpg HTTP/1.1" 200 -
::1 - - [12/Mar/2026 11:43:48] "GET /snack-images/197.jpg HTTP/1.1" 200 -
::1 - - [12/Mar/2026 11:43:48] "GET /snack-images/198.jpg HTTP/1.1" 200 -
::1 - - [12/Mar/2026 11:43:48] "GET /snack-images/193.jpg HTTP/1.1" 200 -
::1 - - [12/Mar/2026 11:43:48] "GET /snack-images/196.jpg HTTP/1.1" 200 -
::1 - - [12/Mar/2026 11:43:48] "GET /snack-images/195.jpg HTTP/1.1" 200 -
::1 - - [12/Mar/2026 11:43:48] "GET /snack-images/199.jpg HTTP/1.1" 200 -
::1 - - [12/Mar/2026 11:43:48] "GET /snack-images/200.jpg HTTP/1.1" 200 -
::1 - - [12/Mar/2026 11:43:48] "GET /snack-images/203.jpg HTTP/1.1" 200 -
::1 - - [12/Mar/2026 11:43:48] "GET /snack-images/201.jpg HTTP/1.1" 200 -
::1 - - [12/Mar/2026 11:43:48] "GET /snack-images/204.jpg HTTP/1.1" 200 -
::1 - - [12/Mar/2026 11:43:48] "GET /snack-images/202.jpg HTTP/1.1" 200 -
::1 - - [12/Mar/2026 11:43:48] "GET /snack-images/205.jpg HTTP/1.1" 200 -
::1 - - [12/Mar/2026 11:43:48] "GET /snack-images/208.jpg HTTP/1.1" 200 -
::1 - - [12/Mar/2026 11:43:48] "GET /snack-images/206.jpg HTTP/1.1" 200 -
::1 - - [12/Mar/2026 11:43:48] "GET /snack-images/209.jpg HTTP/1.1" 200 -
::1 - - [12/Mar/2026 11:43:48] "GET /snack-images/210.jpg HTTP/1.1" 200 -
::1 - - [12/Mar/2026 11:43:49] "GET /snack-images/211.jpg HTTP/1.1" 200 -
::1 - - [12/Mar/2026 11:43:49] "GET /snack-images/214.jpg HTTP/1.1" 200 -
::1 - - [12/Mar/2026 11:43:49] "GET /snack-images/213.jpg HTTP/1.1" 200 -
::1 - - [12/Mar/2026 11:43:49] "GET /snack-images/215.jpg HTTP/1.1" 200 -
::1 - - [12/Mar/2026 11:43:49] "GET /snack-images/220.jpg HTTP/1.1" 200 -
::1 - - [12/Mar/2026 11:43:49] "GET /snack-images/219.jpg HTTP/1.1" 200 -
::1 - - [12/Mar/2026 11:43:49] "GET /snack-images/217.jpg HTTP/1.1" 200 -
::1 - - [12/Mar/2026 11:43:49] "GET /snack-images/221.jpg HTTP/1.1" 200 -
::1 - - [12/Mar/2026 11:43:49] "GET /snack-images/218.jpg HTTP/1.1" 200 -
::1 - - [12/Mar/2026 11:43:49] "GET /snack-images/222.jpg HTTP/1.1" 200 -
::1 - - [12/Mar/2026 11:43:49] "GET /snack-images/226.jpg HTTP/1.1" 200 -
::1 - - [12/Mar/2026 11:43:49] "GET /snack-images/225.jpg HTTP/1.1" 200 -
::1 - - [12/Mar/2026 11:43:49] "GET /snack-images/224.jpg HTTP/1.1" 200 -
::1 - - [12/Mar/2026 11:43:49] "GET /snack-images/223.jpg HTTP/1.1" 200 -
::1 - - [12/Mar/2026 11:43:49] "GET /snack-images/231.jpg HTTP/1.1" 200 -
::1 - - [12/Mar/2026 11:43:49] "GET /snack-images-fixed/nanjiecun_noodles.jpg HTTP/1.1" 200 -
::1 - - [12/Mar/2026 11:43:49] "GET /snack-images/230.jpg HTTP/1.1" 200 -
::1 - - [12/Mar/2026 11:43:49] "GET /snack-images/235.jpg HTTP/1.1" 200 -
::1 - - [12/Mar/2026 11:43:49] "GET /snack-images/237.jpg HTTP/1.1" 200 -
::1 - - [12/Mar/2026 11:43:49] "GET /snack-images/241.jpg HTTP/1.1" 200 -
::1 - - [12/Mar/2026 11:43:49] "GET /snack-images/244.jpg HTTP/1.1" 200 -
::1 - - [12/Mar/2026 11:43:49] "GET /snack-images/246.jpg HTTP/1.1" 200 -
::1 - - [12/Mar/2026 11:43:49] "GET /snack-images/247.jpg HTTP/1.1" 200 -
::1 - - [12/Mar/2026 11:43:49] "GET /snack-images/251.jpg HTTP/1.1" 200 -
::1 - - [12/Mar/2026 11:43:49] "GET /snack-images/248.jpg HTTP/1.1" 200 -
::1 - - [12/Mar/2026 11:43:49] "GET /snack-images/257.jpg HTTP/1.1" 200 -
::1 - - [12/Mar/2026 11:43:49] "GET /snack-images/258.jpg HTTP/1.1" 200 -
::1 - - [12/Mar/2026 11:43:50] "GET /snack-images-fixed/tangdaren.jpg HTTP/1.1" 200 -
::1 - - [12/Mar/2026 11:43:50] "GET /snack-images/xinlamian.jpg HTTP/1.1" 200 -
::1 - - [12/Mar/2026 11:43:50] "GET /snack-images/chuyiqian.jpg HTTP/1.1" 200 -
::1 - - [12/Mar/2026 11:43:50] "GET /snack-images-fixed/suanlafen.jpg HTTP/1.1" 200 -
::1 - - [12/Mar/2026 11:43:50] "GET /snack-images/267.jpg HTTP/1.1" 200 -
::1 - - [12/Mar/2026 11:43:51] "GET /snack-images-fixed/banana_milk.jpg HTTP/1.1" 200 -
::1 - - [12/Mar/2026 11:43:51] "GET /snack-images-fixed/luosifen_generic.jpg HTTP/1.1" 200 -
::1 - - [12/Mar/2026 11:43:51] "GET /snack-images-fixed/zire_hotpot.jpg HTTP/1.1" 200 -
::1 - - [12/Mar/2026 11:43:51] "GET /snack-images-fixed/zire_rice.jpg HTTP/1.1" 200 -
::1 - - [12/Mar/2026 11:49:03] "GET / HTTP/1.1" 304 -
::1 - - [12/Mar/2026 11:49:03] "GET /assets/index-9hd5hYDG.css HTTP/1.1" 304 -
::1 - - [12/Mar/2026 11:49:03] "GET /assets/index-WqIzm0Lk.js HTTP/1.1" 304 -
::1 - - [12/Mar/2026 11:49:03] "GET /snack-images/2.jpg HTTP/1.1" 304 -
::1 - - [12/Mar/2026 11:49:03] "GET /snack-images/8.jpg HTTP/1.1" 304 -
::1 - - [12/Mar/2026 11:49:03] "GET /snack-images/6.jpg HTTP/1.1" 304 -
::1 - - [12/Mar/2026 11:49:03] "GET /snack-images/27.jpg HTTP/1.1" 304 -
::1 - - [12/Mar/2026 11:49:03] "GET /snack-images/35.jpg HTTP/1.1" 304 -
::1 - - [12/Mar/2026 11:49:03] "GET /snack-images/39.jpg HTTP/1.1" 304 -
::1 - - [12/Mar/2026 11:49:03] "GET /snack-images/20.jpg HTTP/1.1" 304 -
::1 - - [12/Mar/2026 11:49:03] "GET /snack-images/19.jpg HTTP/1.1" 304 -
::1 - - [12/Mar/2026 11:49:03] "GET /snack-images/1.jpg HTTP/1.1" 304 -
::1 - - [12/Mar/2026 11:49:03] "GET /snack-images/24.jpg HTTP/1.1" 304 -
::1 - - [12/Mar/2026 11:49:03] "GET /snack-images-fixed/liziji_luosifen.jpg HTTP/1.1" 304 -
::1 - - [12/Mar/2026 11:49:03] "GET /snack-images/12.jpg HTTP/1.1" 304 -
::1 - - [12/Mar/2026 11:49:03] "GET /snack-images/17.jpg HTTP/1.1" 304 -
::1 - - [12/Mar/2026 11:49:03] "GET /snack-images/46.jpg HTTP/1.1" 304 -
::1 - - [12/Mar/2026 11:49:03] "GET /snack-images/13.jpg HTTP/1.1" 304 -
::1 - - [12/Mar/2026 11:49:03] "GET /snack-images/28.jpg HTTP/1.1" 304 -
::1 - - [12/Mar/2026 11:49:03] "GET /snack-images/34.jpg HTTP/1.1" 304 -
::1 - - [12/Mar/2026 11:49:03] "GET /snack-images/36.jpg HTTP/1.1" 304 -
::1 - - [12/Mar/2026 11:49:03] "GET /snack-images/23.jpg HTTP/1.1" 304 -
::1 - - [12/Mar/2026 11:49:03] "GET /snack-images/18.jpg HTTP/1.1" 304 -
::1 - - [12/Mar/2026 11:49:03] "GET /snack-images/45.jpg HTTP/1.1" 304 -
::1 - - [12/Mar/2026 11:49:03] "GET /snack-images/9.jpg HTTP/1.1" 304 -
::1 - - [12/Mar/2026 11:49:03] "GET /snack-images/15.jpg HTTP/1.1" 304 -
::1 - - [12/Mar/2026 11:49:03] "GET /snack-images/21.jpg HTTP/1.1" 304 -
::1 - - [12/Mar/2026 11:49:03] "GET /snack-images/25.jpg HTTP/1.1" 304 -
::1 - - [12/Mar/2026 11:49:03] "GET /snack-images/14.jpg HTTP/1.1" 304 -
::1 - - [12/Mar/2026 11:49:03] "GET /snack-images/37.jpg HTTP/1.1" 304 -
::1 - - [12/Mar/2026 11:49:03] "GET /snack-images/42.jpg HTTP/1.1" 304 -
::1 - - [12/Mar/2026 11:49:03] "GET /snack-images-fixed/haohuanluo_luosifen.jpg HTTP/1.1" 304 -
::1 - - [12/Mar/2026 11:49:03] "GET /snack-images/43.jpg HTTP/1.1" 304 -
::1 - - [12/Mar/2026 11:49:03] "GET /snack-images/30.jpg HTTP/1.1" 304 -
::1 - - [12/Mar/2026 11:49:03] "GET /snack-images/38.jpg HTTP/1.1" 304 -
::1 - - [12/Mar/2026 11:49:03] "GET /snack-images/11.jpg HTTP/1.1" 304 -
::1 - - [12/Mar/2026 11:49:03] "GET /snack-images/32.jpg HTTP/1.1" 304 -
::1 - - [12/Mar/2026 11:49:03] "GET /snack-images/29.jpg HTTP/1.1" 304 -
::1 - - [12/Mar/2026 11:49:03] "GET /snack-images/4.jpg HTTP/1.1" 304 -
::1 - - [12/Mar/2026 11:49:03] "GET /snack-images/26.jpg HTTP/1.1" 304 -
::1 - - [12/Mar/2026 11:49:03] "GET /snack-images/40.jpg HTTP/1.1" 304 -
::1 - - [12/Mar/2026 11:49:03] "GET /snack-images-fixed/moyu_cake.jpg HTTP/1.1" 304 -
::1 - - [12/Mar/2026 11:49:03] "GET /snack-images/44.jpg HTTP/1.1" 304 -
::1 - - [12/Mar/2026 11:49:03] "GET /snack-images/16.jpg HTTP/1.1" 304 -
::1 - - [12/Mar/2026 11:49:03] "GET /snack-images/31.jpg HTTP/1.1" 304 -
::1 - - [12/Mar/2026 11:49:03] "GET /snack-images/5.jpg HTTP/1.1" 304 -
::1 - - [12/Mar/2026 11:49:03] "GET /snack-images/33.jpg HTTP/1.1" 304 -
::1 - - [12/Mar/2026 11:49:03] "GET /snack-images/7.jpg HTTP/1.1" 304 -
::1 - - [12/Mar/2026 11:49:03] "GET /snack-images/10.jpg HTTP/1.1" 304 -
::1 - - [12/Mar/2026 11:49:03] "GET /snack-images/3.jpg HTTP/1.1" 304 -
::1 - - [12/Mar/2026 11:49:03] "GET /snack-images/41.jpg HTTP/1.1" 304 -
::1 - - [12/Mar/2026 11:49:03] "GET /snack-images/22.jpg HTTP/1.1" 304 -
::1 - - [12/Mar/2026 11:49:03] "GET /snack-images-fixed/moyushuang_spicy.jpg HTTP/1.1" 304 -
::1 - - [12/Mar/2026 11:49:03] "GET /assets/snack-placeholder.svg HTTP/1.1" 304 -
::1 - - [12/Mar/2026 12:16:06] "GET / HTTP/1.1" 200 -
::1 - - [12/Mar/2026 12:16:06] "GET /assets/index-BpmwsJSL.js HTTP/1.1" 200 -
::1 - - [12/Mar/2026 12:16:06] "GET /assets/index-9hd5hYDG.css HTTP/1.1" 200 -
::1 - - [12/Mar/2026 12:16:06] "GET /snack-images-v2/hot_016_jldnb4b9.jpg HTTP/1.1" 304 -
::1 - - [12/Mar/2026 12:16:06] "GET /snack-images/8.jpg HTTP/1.1" 200 -
::1 - - [12/Mar/2026 12:16:06] "GET /snack-images-v2/hot_007_t1jt2kcn.jpg HTTP/1.1" 304 -
::1 - - [12/Mar/2026 12:16:06] "GET /snack-images/7.jpg HTTP/1.1" 200 -
::1 - - [12/Mar/2026 12:16:06] "GET /snack-images/5.jpg HTTP/1.1" 200 -
::1 - - [12/Mar/2026 12:16:06] "GET /snack-images/2.jpg HTTP/1.1" 200 -
::1 - - [12/Mar/2026 12:16:06] "GET /snack-images/30.jpg HTTP/1.1" 200 -
::1 - - [12/Mar/2026 12:16:06] "GET /snack-images/1.jpg HTTP/1.1" 200 -
::1 - - [12/Mar/2026 12:16:06] "GET /snack-images/40.jpg HTTP/1.1" 200 -
::1 - - [12/Mar/2026 12:16:06] "GET /snack-images/31.jpg HTTP/1.1" 200 -
::1 - - [12/Mar/2026 12:16:06] "GET /snack-images-v2/hot_019_tizd9rnr.jpg HTTP/1.1" 304 -
::1 - - [12/Mar/2026 12:16:06] "GET /snack-images/46.jpg HTTP/1.1" 200 -
::1 - - [12/Mar/2026 12:16:06] "GET /snack-images-v2/hot_008_j12w8nip.jpg HTTP/1.1" 304 -
::1 - - [12/Mar/2026 12:16:06] "GET /snack-images/34.jpg HTTP/1.1" 200 -
::1 - - [12/Mar/2026 12:16:06] "GET /snack-images/13.jpg HTTP/1.1" 200 -
::1 - - [12/Mar/2026 12:16:06] "GET /snack-images/16.jpg HTTP/1.1" 200 -
::1 - - [12/Mar/2026 12:16:06] "GET /snack-images-fixed/moyu_cake.jpg HTTP/1.1" 200 -
::1 - - [12/Mar/2026 12:16:06] "GET /snack-images/32.jpg HTTP/1.1" 200 -
::1 - - [12/Mar/2026 12:16:06] "GET /snack-images-v2/hot_014_n4zs8muj.jpg HTTP/1.1" 304 -
::1 - - [12/Mar/2026 12:16:06] "GET /snack-images/26.jpg HTTP/1.1" 200 -
::1 - - [12/Mar/2026 12:16:06] "GET /snack-images-v2/hot_012_638cdkvh.jpg HTTP/1.1" 304 -
::1 - - [12/Mar/2026 12:16:06] "GET /snack-images/38.jpg HTTP/1.1" 200 -
::1 - - [12/Mar/2026 12:16:06] "GET /snack-images/4.jpg HTTP/1.1" 200 -
::1 - - [12/Mar/2026 12:16:06] "GET /snack-images-fixed/haohuanluo_luosifen.jpg HTTP/1.1" 200 -
::1 - - [12/Mar/2026 12:16:06] "GET /snack-images/43.jpg HTTP/1.1" 200 -
::1 - - [12/Mar/2026 12:16:06] "GET /assets/snack-placeholder.svg HTTP/1.1" 200 -
::1 - - [12/Mar/2026 12:16:06] "GET /snack-images/17.jpg HTTP/1.1" 200 -
::1 - - [12/Mar/2026 12:16:06] "GET /snack-images/33.jpg HTTP/1.1" 200 -
::1 - - [12/Mar/2026 12:16:06] "GET /snack-images/3.jpg HTTP/1.1" 200 -
::1 - - [12/Mar/2026 12:16:06] "GET /snack-images/45.jpg HTTP/1.1" 200 -
::1 - - [12/Mar/2026 12:16:06] "GET /snack-images/20.jpg HTTP/1.1" 200 -
::1 - - [12/Mar/2026 12:16:06] "GET /snack-images-v2/hot_003_p4dwbck8.jpg HTTP/1.1" 304 -
::1 - - [12/Mar/2026 12:16:06] "GET /snack-images/14.jpg HTTP/1.1" 200 -
::1 - - [12/Mar/2026 12:16:06] "GET /snack-images/11.jpg HTTP/1.1" 200 -
::1 - - [12/Mar/2026 12:16:06] "GET /snack-images/23.jpg HTTP/1.1" 200 -
::1 - - [12/Mar/2026 12:16:06] "GET /snack-images/35.jpg HTTP/1.1" 200 -
::1 - - [12/Mar/2026 12:16:06] "GET /snack-images/21.jpg HTTP/1.1" 200 -
::1 - - [12/Mar/2026 12:16:06] "GET /snack-images/18.jpg HTTP/1.1" 200 -
::1 - - [12/Mar/2026 12:16:06] "GET /snack-images/22.jpg HTTP/1.1" 200 -
::1 - - [12/Mar/2026 12:16:06] "GET /snack-images-v2/hot_009_6qc26sco.jpg HTTP/1.1" 304 -
::1 - - [12/Mar/2026 12:16:06] "GET /snack-images/29.jpg HTTP/1.1" 200 -
::1 - - [12/Mar/2026 12:16:06] "GET /snack-images/10.jpg HTTP/1.1" 200 -
::1 - - [12/Mar/2026 12:16:06] "GET /snack-images/15.jpg HTTP/1.1" 200 -
::1 - - [12/Mar/2026 12:16:06] "GET /snack-images-v2/hot_013_redr0lxn.jpg HTTP/1.1" 304 -
::1 - - [12/Mar/2026 12:16:06] "GET /snack-images-v2/hot_011_ht6268p0.jpg HTTP/1.1" 304 -
::1 - - [12/Mar/2026 12:16:06] "GET /snack-images/6.jpg HTTP/1.1" 200 -
::1 - - [12/Mar/2026 12:16:06] "GET /snack-images/27.jpg HTTP/1.1" 200 -
::1 - - [12/Mar/2026 12:16:06] "GET /snack-images/37.jpg HTTP/1.1" 200 -
::1 - - [12/Mar/2026 12:16:06] "GET /snack-images-v2/hot_004_f63a2w45.jpg HTTP/1.1" 304 -
::1 - - [12/Mar/2026 12:16:06] "GET /snack-images/28.jpg HTTP/1.1" 200 -
::1 - - [12/Mar/2026 12:16:06] "GET /snack-images/42.jpg HTTP/1.1" 200 -
::1 - - [12/Mar/2026 12:16:06] "GET /snack-images/25.jpg HTTP/1.1" 200 -
::1 - - [12/Mar/2026 12:16:06] "GET /snack-images/44.jpg HTTP/1.1" 200 -
::1 - - [12/Mar/2026 12:16:06] "GET /snack-images-fixed/moyushuang_spicy.jpg HTTP/1.1" 200 -
::1 - - [12/Mar/2026 12:16:06] "GET /snack-images-v2/hot_017_m5goc6dr.jpg HTTP/1.1" 304 -
::1 - - [12/Mar/2026 12:16:06] "GET /snack-images-v2/hot_005_ogkemcgq.jpg HTTP/1.1" 304 -
::1 - - [12/Mar/2026 12:16:06] "GET /snack-images/19.jpg HTTP/1.1" 200 -
::1 - - [12/Mar/2026 12:16:06] "GET /snack-images-fixed/liziji_luosifen.jpg HTTP/1.1" 200 -
::1 - - [12/Mar/2026 12:16:06] "GET /snack-images/24.jpg HTTP/1.1" 200 -
::1 - - [12/Mar/2026 12:16:06] "GET /snack-images-v2/hot_018_3qejy78c.jpg HTTP/1.1" 304 -
::1 - - [12/Mar/2026 12:16:06] "GET /snack-images/39.jpg HTTP/1.1" 200 -
::1 - - [12/Mar/2026 12:16:06] "GET /snack-images/12.jpg HTTP/1.1" 200 -
::1 - - [12/Mar/2026 12:16:06] "GET /snack-images/9.jpg HTTP/1.1" 200 -
::1 - - [12/Mar/2026 12:16:06] "GET /snack-images-v2/hot_015_j6mv4xsn.jpg HTTP/1.1" 304 -
::1 - - [12/Mar/2026 12:16:06] "GET /snack-images/36.jpg HTTP/1.1" 200 -
::1 - - [12/Mar/2026 12:16:06] "GET /snack-images/41.jpg HTTP/1.1" 200 -
::1 - - [12/Mar/2026 12:16:10] "GET /snack-images/47.jpg HTTP/1.1" 200 -
::1 - - [12/Mar/2026 12:16:10] "GET /snack-images/48.jpg HTTP/1.1" 200 -
::1 - - [12/Mar/2026 12:16:12] "GET /snack-images/52.jpg HTTP/1.1" 200 -
::1 - - [12/Mar/2026 12:16:12] "GET /snack-images/49.jpg HTTP/1.1" 200 -
::1 - - [12/Mar/2026 12:16:12] "GET /snack-images/51.jpg HTTP/1.1" 200 -
::1 - - [12/Mar/2026 12:16:12] "GET /snack-images/50.jpg HTTP/1.1" 200 -
::1 - - [12/Mar/2026 12:16:12] "GET /snack-images/53.jpg HTTP/1.1" 200 -
::1 - - [12/Mar/2026 12:16:12] "GET /snack-images/54.jpg HTTP/1.1" 200 -
::1 - - [12/Mar/2026 12:16:15] "GET /snack-images/56.jpg HTTP/1.1" 200 -
::1 - - [12/Mar/2026 12:16:15] "GET /snack-images/60.jpg HTTP/1.1" 200 -
::1 - - [12/Mar/2026 12:16:15] "GET /snack-images/55.jpg HTTP/1.1" 200 -
::1 - - [12/Mar/2026 12:16:15] "GET /snack-images/59.jpg HTTP/1.1" 200 -
::1 - - [12/Mar/2026 12:16:15] "GET /snack-images/58.jpg HTTP/1.1" 200 -
::1 - - [12/Mar/2026 12:16:15] "GET /snack-images/57.jpg HTTP/1.1" 200 -
::1 - - [12/Mar/2026 12:16:27] "GET /snack-images/63.jpg HTTP/1.1" 200 -
::1 - - [12/Mar/2026 12:16:27] "GET /snack-images/61.jpg HTTP/1.1" 200 -
::1 - - [12/Mar/2026 12:16:27] "GET /snack-images/64.jpg HTTP/1.1" 200 -
::1 - - [12/Mar/2026 12:16:27] "GET /snack-images/66.jpg HTTP/1.1" 200 -
::1 - - [12/Mar/2026 12:16:27] "GET /snack-images/65.jpg HTTP/1.1" 200 -
::1 - - [12/Mar/2026 12:16:27] "GET /snack-images/62.jpg HTTP/1.1" 200 -
::1 - - [12/Mar/2026 12:16:27] "GET /snack-images/70.jpg HTTP/1.1" 200 -
::1 - - [12/Mar/2026 12:16:27] "GET /snack-images/72.jpg HTTP/1.1" 200 -
::1 - - [12/Mar/2026 12:16:27] "GET /snack-images/67.jpg HTTP/1.1" 200 -
::1 - - [12/Mar/2026 12:16:27] "GET /snack-images/68.jpg HTTP/1.1" 200 -
::1 - - [12/Mar/2026 12:16:27] "GET /snack-images/69.jpg HTTP/1.1" 200 -
::1 - - [12/Mar/2026 12:16:27] "GET /snack-images/71.jpg HTTP/1.1" 200 -
::1 - - [12/Mar/2026 12:16:27] "GET /snack-images/77.jpg HTTP/1.1" 200 -
::1 - - [12/Mar/2026 12:16:27] "GET /snack-images/75.jpg HTTP/1.1" 200 -
::1 - - [12/Mar/2026 12:16:27] "GET /snack-images/76.jpg HTTP/1.1" 200 -
::1 - - [12/Mar/2026 12:16:27] "GET /snack-images/78.jpg HTTP/1.1" 200 -
::1 - - [12/Mar/2026 12:16:27] "GET /snack-images/73.jpg HTTP/1.1" 200 -
::1 - - [12/Mar/2026 12:16:27] "GET /snack-images/74.jpg HTTP/1.1" 200 -
::1 - - [12/Mar/2026 12:16:27] "GET /snack-images/79.jpg HTTP/1.1" 200 -
::1 - - [12/Mar/2026 12:16:27] "GET /snack-images/80.jpg HTTP/1.1" 200 -
::1 - - [12/Mar/2026 12:16:27] "GET /snack-images/83.jpg HTTP/1.1" 200 -
::1 - - [12/Mar/2026 12:16:27] "GET /snack-images/81.jpg HTTP/1.1" 200 -
::1 - - [12/Mar/2026 12:16:27] "GET /snack-images/84.jpg HTTP/1.1" 200 -
::1 - - [12/Mar/2026 12:16:27] "GET /snack-images/82.jpg HTTP/1.1" 200 -
::1 - - [12/Mar/2026 12:16:27] "GET /snack-images/86.jpg HTTP/1.1" 200 -
::1 - - [12/Mar/2026 12:16:27] "GET /snack-images/85.jpg HTTP/1.1" 200 -
::1 - - [12/Mar/2026 12:16:27] "GET /snack-images/87.jpg HTTP/1.1" 200 -
::1 - - [12/Mar/2026 12:16:27] "GET /snack-images/89.jpg HTTP/1.1" 200 -
::1 - - [12/Mar/2026 12:16:27] "GET /snack-images/88.jpg HTTP/1.1" 200 -
::1 - - [12/Mar/2026 12:16:27] "GET /snack-images/90.jpg HTTP/1.1" 200 -
::1 - - [12/Mar/2026 12:16:28] "GET /snack-images/91.jpg HTTP/1.1" 200 -
::1 - - [12/Mar/2026 12:16:28] "GET /snack-images/94.jpg HTTP/1.1" 200 -
::1 - - [12/Mar/2026 12:16:28] "GET /snack-images/92.jpg HTTP/1.1" 200 -
::1 - - [12/Mar/2026 12:16:28] "GET /snack-images/93.jpg HTTP/1.1" 200 -
::1 - - [12/Mar/2026 12:16:28] "GET /snack-images/95.jpg HTTP/1.1" 200 -
::1 - - [12/Mar/2026 12:16:28] "GET /snack-images/96.jpg HTTP/1.1" 200 -
::1 - - [12/Mar/2026 12:16:29] "GET /snack-images/97.jpg HTTP/1.1" 200 -
::1 - - [12/Mar/2026 12:16:29] "GET /snack-images/102.jpg HTTP/1.1" 200 -
::1 - - [12/Mar/2026 12:16:29] "GET /snack-images/99.jpg HTTP/1.1" 200 -
::1 - - [12/Mar/2026 12:16:29] "GET /snack-images/98.jpg HTTP/1.1" 200 -
::1 - - [12/Mar/2026 12:16:29] "GET /snack-images/100.jpg HTTP/1.1" 200 -
::1 - - [12/Mar/2026 12:16:29] "GET /snack-images/101.jpg HTTP/1.1" 200 -
::1 - - [12/Mar/2026 12:16:29] "GET /snack-images/104.jpg HTTP/1.1" 200 -
::1 - - [12/Mar/2026 12:16:29] "GET /snack-images/108.jpg HTTP/1.1" 200 -
::1 - - [12/Mar/2026 12:16:29] "GET /snack-images/103.jpg HTTP/1.1" 200 -
::1 - - [12/Mar/2026 12:16:29] "GET /snack-images/105.jpg HTTP/1.1" 200 -
::1 - - [12/Mar/2026 12:16:29] "GET /snack-images/106.jpg HTTP/1.1" 200 -
::1 - - [12/Mar/2026 12:16:29] "GET /snack-images/107.jpg HTTP/1.1" 200 -
::1 - - [12/Mar/2026 12:20:27] "GET /snack-images/27.jpg HTTP/1.1" 304 -
::1 - - [12/Mar/2026 12:20:27] "GET /snack-images/33.jpg HTTP/1.1" 304 -
::1 - - [12/Mar/2026 12:20:27] "GET /snack-images/22.jpg HTTP/1.1" 304 -
::1 - - [12/Mar/2026 12:20:27] "GET /snack-images/38.jpg HTTP/1.1" 304 -
::1 - - [12/Mar/2026 12:20:27] "GET /snack-images/32.jpg HTTP/1.1" 304 -
::1 - - [12/Mar/2026 12:20:27] "GET /snack-images/6.jpg HTTP/1.1" 304 -
::1 - - [12/Mar/2026 12:20:27] "GET /snack-images/13.jpg HTTP/1.1" 304 -
::1 - - [12/Mar/2026 12:20:27] "GET /snack-images/7.jpg HTTP/1.1" 304 -
::1 - - [12/Mar/2026 12:20:27] "GET /snack-images/16.jpg HTTP/1.1" 304 -
::1 - - [12/Mar/2026 12:20:27] "GET /snack-images/14.jpg HTTP/1.1" 304 -
::1 - - [12/Mar/2026 12:20:27] "GET /snack-images-fixed/haohuanluo_luosifen.jpg HTTP/1.1" 304 -
::1 - - [12/Mar/2026 12:20:27] "GET /snack-images/2.jpg HTTP/1.1" 304 -
::1 - - [12/Mar/2026 12:20:27] "GET /snack-images/24.jpg HTTP/1.1" 304 -
::1 - - [12/Mar/2026 12:20:27] "GET /snack-images/37.jpg HTTP/1.1" 304 -
::1 - - [12/Mar/2026 12:20:27] "GET /snack-images/36.jpg HTTP/1.1" 304 -
::1 - - [12/Mar/2026 12:20:27] "GET /snack-images/34.jpg HTTP/1.1" 304 -
::1 - - [12/Mar/2026 12:20:27] "GET /snack-images/20.jpg HTTP/1.1" 304 -
::1 - - [12/Mar/2026 12:20:27] "GET /snack-images/41.jpg HTTP/1.1" 304 -
::1 - - [12/Mar/2026 12:20:27] "GET /snack-images/11.jpg HTTP/1.1" 304 -
::1 - - [12/Mar/2026 12:20:27] "GET /snack-images/29.jpg HTTP/1.1" 304 -
::1 - - [12/Mar/2026 12:20:27] "GET /assets/snack-placeholder.svg HTTP/1.1" 304 -
::1 - - [12/Mar/2026 12:20:27] "GET /snack-images/4.jpg HTTP/1.1" 304 -
::1 - - [12/Mar/2026 12:20:27] "GET /snack-images/30.jpg HTTP/1.1" 304 -
::1 - - [12/Mar/2026 12:20:27] "GET /snack-images/12.jpg HTTP/1.1" 304 -
::1 - - [12/Mar/2026 12:20:27] "GET /snack-images/45.jpg HTTP/1.1" 304 -
::1 - - [12/Mar/2026 12:20:27] "GET /snack-images-fixed/moyushuang_spicy.jpg HTTP/1.1" 304 -
::1 - - [12/Mar/2026 12:20:27] "GET /snack-images-fixed/moyu_cake.jpg HTTP/1.1" 304 -
::1 - - [12/Mar/2026 12:20:27] "GET /snack-images/23.jpg HTTP/1.1" 304 -
::1 - - [12/Mar/2026 12:20:27] "GET /snack-images/25.jpg HTTP/1.1" 304 -
::1 - - [12/Mar/2026 12:20:27] "GET /snack-images/3.jpg HTTP/1.1" 304 -
::1 - - [12/Mar/2026 12:20:27] "GET /snack-images/5.jpg HTTP/1.1" 304 -
::1 - - [12/Mar/2026 12:20:27] "GET /snack-images/15.jpg HTTP/1.1" 304 -
::1 - - [12/Mar/2026 12:20:27] "GET /snack-images/40.jpg HTTP/1.1" 304 -
::1 - - [12/Mar/2026 12:20:27] "GET /snack-images/39.jpg HTTP/1.1" 304 -
::1 - - [12/Mar/2026 12:20:27] "GET /snack-images/19.jpg HTTP/1.1" 304 -
::1 - - [12/Mar/2026 12:20:27] "GET /snack-images/1.jpg HTTP/1.1" 304 -
::1 - - [12/Mar/2026 12:20:27] "GET /snack-images/31.jpg HTTP/1.1" 304 -
::1 - - [12/Mar/2026 12:20:27] "GET /snack-images/8.jpg HTTP/1.1" 304 -
::1 - - [12/Mar/2026 12:20:27] "GET /snack-images/18.jpg HTTP/1.1" 304 -
::1 - - [12/Mar/2026 12:20:27] "GET /snack-images/10.jpg HTTP/1.1" 304 -
::1 - - [12/Mar/2026 12:20:27] "GET /snack-images/42.jpg HTTP/1.1" 304 -
::1 - - [12/Mar/2026 12:20:27] "GET /snack-images/46.jpg HTTP/1.1" 304 -
::1 - - [12/Mar/2026 12:20:27] "GET /snack-images/43.jpg HTTP/1.1" 304 -
::1 - - [12/Mar/2026 12:20:27] "GET /snack-images/35.jpg HTTP/1.1" 304 -
::1 - - [12/Mar/2026 12:20:27] "GET /snack-images/26.jpg HTTP/1.1" 304 -
::1 - - [12/Mar/2026 12:20:27] "GET /snack-images-fixed/liziji_luosifen.jpg HTTP/1.1" 304 -
::1 - - [12/Mar/2026 12:20:27] "GET /snack-images/21.jpg HTTP/1.1" 304 -
::1 - - [12/Mar/2026 12:20:27] "GET /snack-images/28.jpg HTTP/1.1" 304 -
::1 - - [12/Mar/2026 12:20:27] "GET /snack-images/17.jpg HTTP/1.1" 304 -
::1 - - [12/Mar/2026 12:20:27] "GET /snack-images/44.jpg HTTP/1.1" 304 -
::1 - - [12/Mar/2026 12:20:27] "GET /snack-images/9.jpg HTTP/1.1" 304 -
