2026-03-11 19:46:35,643 - INFO - ====== WebDriver manager ======
2026-03-11 19:46:35,934 - INFO - Get LATEST chromedriver version for google-chrome
2026-03-11 19:46:36,766 - INFO - Get LATEST chromedriver version for google-chrome
2026-03-11 19:46:37,244 - INFO - Driver [/Users/zoe/.wdm/drivers/chromedriver/mac64/146.0.7680.72/chromedriver-mac-arm64/chromedriver] found in cache
2026-03-11 19:46:38,378 - INFO - ✅ Chrome浏览器初始化成功
2026-03-11 19:46:38,380 - INFO -   🔍 搜索URL: https://image.baidu.com/search/index?tn=baiduimage&word=%E5%86%BB%E5%B9%B2%E8%8D%89%E8%8E%93%E8%84%86+%E9%9B%B6%E9%A3%9F+%E5%AE%9E%E6%8B%8D
2026-03-11 19:48:03,563 - ERROR -   ❌ 搜索失败: Message: javascript error: Cannot read properties of null (reading 'scrollHeight')
  (Session info: chrome=146.0.7680.72)
Stacktrace:
0   chromedriver                        0x00000001030ff464 cxxbridge1$str$ptr + 3160724
1   chromedriver                        0x00000001030f74f8 cxxbridge1$str$ptr + 3128104
2   chromedriver                        0x0000000102bcb924 _RNvCskE0kXQ3GIWk_7___rustc35___rust_no_alloc_shim_is_unstable_v2 + 75032
3   chromedriver                        0x0000000102bd1b54 _RNvCskE0kXQ3GIWk_7___rustc35___rust_no_alloc_shim_is_unstable_v2 + 100168
4   chromedriver                        0x0000000102bd408c _RNvCskE0kXQ3GIWk_7___rustc35___rust_no_alloc_shim_is_unstable_v2 + 109696
5   chromedriver                        0x0000000102c5345c _RNvCskE0kXQ3GIWk_7___rustc35___rust_no_alloc_shim_is_unstable_v2 + 630864
6   chromedriver                        0x0000000102c524e4 _RNvCskE0kXQ3GIWk_7___rustc35___rust_no_alloc_shim_is_unstable_v2 + 626904
7   chromedriver                        0x0000000102c091b4 _RNvCskE0kXQ3GIWk_7___rustc35___rust_no_alloc_shim_is_unstable_v2 + 327080
8   chromedriver                        0x00000001030bde00 cxxbridge1$str$ptr + 2892848
9   chromedriver                        0x00000001030c14f0 cxxbridge1$str$ptr + 2906912
10  chromedriver                        0x00000001030a355c cxxbridge1$str$ptr + 2784140
11  chromedriver                        0x00000001030c1d74 cxxbridge1$str$ptr + 2909092
12  chromedriver                        0x0000000103093fec cxxbridge1$str$ptr + 2721308
13  chromedriver                        0x00000001030e6928 cxxbridge1$str$ptr + 3059544
14  chromedriver                        0x00000001030e6aa4 cxxbridge1$str$ptr + 3059924
15  chromedriver                        0x00000001030f7150 cxxbridge1$str$ptr + 3127168
16  libsystem_pthread.dylib             0x000000018e53bc08 _pthread_start + 136
17  libsystem_pthread.dylib             0x000000018e536ba8 thread_start + 8

2026-03-11 19:48:03,566 - INFO -   🔍 搜索URL: https://image.baidu.com/search/index?tn=baiduimage&word=%E5%86%BB%E5%B9%B2%E8%8D%89%E8%8E%93%E8%84%86+%E9%9B%B6%E9%A3%9F
2026-03-11 19:48:12,612 - INFO -   📸 找到 538 个图片元素
2026-03-11 19:48:12,827 - INFO -   [ALT验证] '草莓干零食' -> ✅
2026-03-11 19:48:12,831 - INFO -   [ALT验证] '草莓零食' -> ✅
2026-03-11 19:48:12,834 - INFO -   [ALT验证] '脆脆的零食' -> ❌
2026-03-11 19:48:12,837 - INFO -   [ALT验证] '冻干草莓' -> ✅
2026-03-11 19:48:12,840 - INFO -   [ALT验证] '王子脆脆多小零食' -> ❌
2026-03-11 19:48:12,971 - INFO -   [ALT验证] '草莓零食制作大全' -> ✅
2026-03-11 19:48:12,974 - INFO -   [ALT验证] '正方形的脆脆的零食' -> ❌
2026-03-11 19:48:12,977 - INFO -   [ALT验证] '脆脆的零食像螺丝卷的' -> ❌
2026-03-11 19:48:12,980 - INFO -   [ALT验证] '冻干草莓图片' -> ✅
2026-03-11 19:48:12,983 - INFO -   [ALT验证] '脆的辣的螺旋零食' -> ❌
2026-03-11 19:48:13,103 - INFO -   [ALT验证] '豌豆脆零食' -> ❌
2026-03-11 19:48:13,106 - INFO -   [ALT验证] '冻干食品' -> ✅
2026-03-11 19:48:13,111 - INFO -   [ALT验证] '小方便面零食一口脆' -> ❌
2026-03-11 19:48:13,114 - INFO -   [ALT验证] '冻干蔬菜' -> ✅
2026-03-11 19:48:13,117 - INFO -   [ALT验证] '冻干榴莲' -> ✅
2026-03-11 19:48:13,117 - INFO -   ✅ 通过ALT验证: 8/538
2026-03-11 19:48:30,836 - INFO -   🔍 搜索URL: https://image.baidu.com/search/index?tn=baiduimage&word=%E5%86%BB%E5%B9%B2%E8%8D%89%E8%8E%93%E8%84%86
2026-03-11 19:48:38,771 - INFO -   📸 找到 692 个图片元素
2026-03-11 19:48:38,961 - INFO -   [ALT验证] '冻干草莓' -> ✅
2026-03-11 19:48:38,964 - INFO -   [ALT验证] '冻干草莓图片' -> ✅
2026-03-11 19:48:38,968 - INFO -   [ALT验证] '冻干草' -> ✅
2026-03-11 19:48:38,971 - INFO -   [ALT验证] '冻干' -> ✅
2026-03-11 19:48:38,977 - INFO -   [ALT验证] '冻干蔬菜' -> ✅
2026-03-11 19:48:39,101 - INFO -   [ALT验证] '冻干水果' -> ✅
2026-03-11 19:48:39,104 - INFO -   [ALT验证] '冻干技术' -> ✅
2026-03-11 19:48:39,109 - INFO -   [ALT验证] '冻干榴莲' -> ✅
2026-03-11 19:48:39,109 - INFO -   ✅ 通过ALT验证: 8/692
2026-03-11 19:48:59,260 - INFO -   🔍 搜索URL: https://image.baidu.com/search/index?tn=baiduimage&word=%E5%86%BB%E5%B9%B2%E8%8D%89%E8%8E%93%E8%84%86
2026-03-11 19:49:05,950 - INFO -   📸 找到 781 个图片元素
2026-03-11 19:49:06,134 - INFO -   [ALT验证] '冻干草莓' -> ✅
2026-03-11 19:49:06,138 - INFO -   [ALT验证] '冻干草莓图片' -> ✅
2026-03-11 19:49:06,141 - INFO -   [ALT验证] '冻干草' -> ✅
2026-03-11 19:49:06,144 - INFO -   [ALT验证] '冻干' -> ✅
2026-03-11 19:49:06,148 - INFO -   [ALT验证] '冻干蔬菜' -> ✅
2026-03-11 19:49:06,252 - INFO -   [ALT验证] '冻干水果' -> ✅
2026-03-11 19:49:06,256 - INFO -   [ALT验证] '冻干技术' -> ✅
2026-03-11 19:49:06,259 - INFO -   [ALT验证] '冻干榴莲' -> ✅
2026-03-11 19:49:06,259 - INFO -   ✅ 通过ALT验证: 8/781
2026-03-11 19:49:21,195 - INFO -   🔍 搜索URL: https://image.baidu.com/search/index?tn=baiduimage&word=%E5%8D%AB%E9%BE%99%E8%BE%A3%E6%9D%A1+%E9%9B%B6%E9%A3%9F+%E5%AE%9E%E6%8B%8D
2026-03-11 19:49:29,835 - INFO -   📸 找到 856 个图片元素
2026-03-11 19:49:30,029 - INFO -   [ALT验证] '辣条零食麻辣儿时' -> ✅
2026-03-11 19:49:30,032 - INFO -   [ALT验证] '零食辣条图片真实' -> ✅
2026-03-11 19:49:30,036 - INFO -   [ALT验证] '卫龙辣条' -> ✅
2026-03-11 19:49:30,040 - INFO -   [ALT验证] '辣条零食' -> ✅
2026-03-11 19:49:30,043 - INFO -   [ALT验证] '卫龙辣条图片' -> ✅
2026-03-11 19:49:30,230 - INFO -   [ALT验证] '卫龙辣条包装' -> ✅
2026-03-11 19:49:30,233 - INFO -   [ALT验证] '卫龙辣条小包' -> ✅
2026-03-11 19:49:30,237 - INFO -   [ALT验证] '辣条零食图片' -> ✅
2026-03-11 19:49:30,237 - INFO -   ✅ 通过ALT验证: 8/856
2026-03-11 19:49:45,562 - INFO -   🔍 搜索URL: https://image.baidu.com/search/index?tn=baiduimage&word=%E5%8D%AB%E9%BE%99%E8%BE%A3%E6%9D%A1+%E9%9B%B6%E9%A3%9F
2026-03-11 19:49:52,569 - INFO -   📸 找到 796 个图片元素
2026-03-11 19:49:52,803 - INFO -   [ALT验证] '辣条零食麻辣儿时' -> ✅
2026-03-11 19:49:52,807 - INFO -   [ALT验证] '卫龙辣条' -> ✅
2026-03-11 19:49:52,810 - INFO -   [ALT验证] '辣条零食' -> ✅
2026-03-11 19:49:52,814 - INFO -   [ALT验证] '卫龙辣条包装' -> ✅
2026-03-11 19:49:52,817 - INFO -   [ALT验证] '卫龙辣条小包' -> ✅
2026-03-11 19:49:52,964 - INFO -   [ALT验证] '卫龙辣条图片' -> ✅
2026-03-11 19:49:52,969 - INFO -   [ALT验证] '卫龙辣条商标' -> ✅
2026-03-11 19:49:52,972 - INFO -   [ALT验证] '辣条零食图片' -> ✅
2026-03-11 19:49:52,972 - INFO -   ✅ 通过ALT验证: 8/796
2026-03-11 19:50:10,023 - INFO -   🔍 搜索URL: https://image.baidu.com/search/index?tn=baiduimage&word=%E5%8D%AB%E9%BE%99%E8%BE%A3%E6%9D%A1
2026-03-11 19:50:16,886 - INFO -   📸 找到 803 个图片元素
2026-03-11 19:50:17,165 - INFO -   [ALT验证] '卫龙广告' -> ✅
2026-03-11 19:50:17,168 - INFO -   [ALT验证] '卫龙辣条事件' -> ✅
2026-03-11 19:50:17,172 - INFO -   [ALT验证] '卫龙辣条吃出情趣用品' -> ✅
2026-03-11 19:50:17,175 - INFO -   [ALT验证] '卫龙图片大全' -> ✅
2026-03-11 19:50:17,178 - INFO -   [ALT验证] '卫龙董事长千金照片' -> ✅
2026-03-11 19:50:17,312 - INFO -   [ALT验证] '卫龙生产车间' -> ✅
2026-03-11 19:50:17,316 - INFO -   [ALT验证] '卫龙面筋' -> ✅
2026-03-11 19:50:17,321 - INFO -   [ALT验证] '爱情公寓辣条' -> ✅
2026-03-11 19:50:17,321 - INFO -   ✅ 通过ALT验证: 8/803
2026-03-11 19:50:33,778 - INFO -   🔍 搜索URL: https://image.baidu.com/search/index?tn=baiduimage&word=%E5%8D%AB%E9%BE%99%E8%BE%A3%E6%9D%A1
2026-03-11 19:50:40,362 - INFO -   📸 找到 803 个图片元素
2026-03-11 19:50:40,596 - INFO -   [ALT验证] '卫龙广告' -> ✅
2026-03-11 19:50:40,599 - INFO -   [ALT验证] '卫龙辣条事件' -> ✅
2026-03-11 19:50:40,602 - INFO -   [ALT验证] '卫龙辣条吃出情趣用品' -> ✅
2026-03-11 19:50:40,605 - INFO -   [ALT验证] '卫龙图片大全' -> ✅
2026-03-11 19:50:40,608 - INFO -   [ALT验证] '卫龙董事长千金照片' -> ✅
2026-03-11 19:50:40,738 - INFO -   [ALT验证] '卫龙生产车间' -> ✅
2026-03-11 19:50:40,741 - INFO -   [ALT验证] '卫龙面筋' -> ✅
2026-03-11 19:50:40,744 - INFO -   [ALT验证] '爱情公寓辣条' -> ✅
2026-03-11 19:50:40,744 - INFO -   ✅ 通过ALT验证: 8/803
2026-03-11 19:50:57,753 - INFO -   🔍 搜索URL: https://image.baidu.com/search/index?tn=baiduimage&word=%E8%9B%8B%E9%BB%84%E9%85%A5+%E9%9B%B6%E9%A3%9F+%E5%AE%9E%E6%8B%8D
2026-03-11 19:51:07,393 - INFO -   📸 找到 696 个图片元素
2026-03-11 19:51:07,589 - INFO -   [ALT验证] '蛋黄酥图片真实' -> ✅
2026-03-11 19:51:07,592 - INFO -   [ALT验证] '蛋黄酥的做法' -> ✅
2026-03-11 19:51:07,597 - INFO -   [ALT验证] '蛋黄酥' -> ✅
2026-03-11 19:51:07,600 - INFO -   [ALT验证] '蛋黄酥的做法与配料' -> ✅
2026-03-11 19:51:07,603 - INFO -   [ALT验证] '蛋黄酥图片' -> ✅
2026-03-11 19:51:07,775 - INFO -   [ALT验证] '蛋黄酥包装' -> ✅
2026-03-11 19:51:07,778 - INFO -   [ALT验证] '蛋黄酥卡通' -> ✅
2026-03-11 19:51:07,781 - INFO -   [ALT验证] '蛋黄酥图片高清' -> ✅
2026-03-11 19:51:07,781 - INFO -   ✅ 通过ALT验证: 8/696
2026-03-11 19:51:25,386 - INFO -   🔍 搜索URL: https://image.baidu.com/search/index?tn=baiduimage&word=%E8%9B%8B%E9%BB%84%E9%85%A5+%E9%9B%B6%E9%A3%9F
2026-03-11 19:51:32,878 - INFO -   📸 找到 821 个图片元素
2026-03-11 19:51:33,072 - INFO -   [ALT验证] '蛋黄酥' -> ✅
2026-03-11 19:51:33,077 - INFO -   [ALT验证] '蛋黄酥的做法' -> ✅
2026-03-11 19:51:33,080 - INFO -   [ALT验证] '蛋黄酥包装' -> ✅
2026-03-11 19:51:33,085 - INFO -   [ALT验证] '蛋黄酥图片' -> ✅
2026-03-11 19:51:33,088 - INFO -   [ALT验证] '蛋黄酥卡通' -> ✅
2026-03-11 19:51:33,239 - INFO -   [ALT验证] '雪媚娘蛋黄酥' -> ✅
2026-03-11 19:51:33,242 - INFO -   [ALT验证] '轩妈蛋黄酥' -> ✅
2026-03-11 19:51:33,245 - INFO -   [ALT验证] '蛋黄酥的做法与配料' -> ✅
2026-03-11 19:51:33,245 - INFO -   ✅ 通过ALT验证: 8/821
2026-03-11 19:51:48,092 - INFO -   🔍 搜索URL: https://image.baidu.com/search/index?tn=baiduimage&word=%E8%9B%8B%E9%BB%84%E9%85%A5
2026-03-11 19:51:56,651 - INFO -   📸 找到 893 个图片元素
2026-03-11 19:51:56,937 - INFO -   [ALT验证] '芋泥酥' -> ❌
2026-03-11 19:51:56,942 - INFO -   [ALT验证] '提子酥' -> ❌
2026-03-11 19:51:56,945 - INFO -   [ALT验证] '汤圆酥' -> ❌
2026-03-11 19:51:56,950 - INFO -   [ALT验证] '肉松青团' -> ❌
2026-03-11 19:51:56,953 - INFO -   [ALT验证] '彩色蛋黄酥' -> ✅
2026-03-11 19:51:57,150 - INFO -   [ALT验证] '蛋黄酥壁纸' -> ✅
2026-03-11 19:51:57,153 - INFO -   [ALT验证] '蛋黄酥banner图' -> ✅
2026-03-11 19:51:57,157 - INFO -   [ALT验证] '蛋黄酥详情页' -> ✅
2026-03-11 19:51:57,160 - INFO -   [ALT验证] '紫薯芋泥饼' -> ❌
2026-03-11 19:51:57,165 - INFO -   [ALT验证] '芝士酥' -> ❌
2026-03-11 19:51:57,365 - INFO -   [ALT验证] '蛋黄酥发霉' -> ✅
2026-03-11 19:51:57,368 - INFO -   [ALT验证] '酥类点心' -> ❌
2026-03-11 19:51:57,371 - INFO -   [ALT验证] '蛋挞酥' -> ❌
2026-03-11 19:51:57,374 - INFO -   [ALT验证] '蛋黄苏' -> ✅
2026-03-11 19:51:57,377 - INFO -   [ALT验证] '蛋黄烧卖' -> ✅
2026-03-11 19:51:57,571 - INFO -   [ALT验证] '蛋黄酥的做法制作方法' -> ✅
2026-03-11 19:51:57,571 - INFO -   ✅ 通过ALT验证: 8/893
2026-03-11 19:52:12,989 - INFO -   🔍 搜索URL: https://image.baidu.com/search/index?tn=baiduimage&word=%E8%9B%8B%E9%BB%84%E9%85%A5
2026-03-11 19:52:19,781 - INFO -   📸 找到 951 个图片元素
2026-03-11 19:52:20,076 - INFO -   [ALT验证] '芋泥酥' -> ❌
2026-03-11 19:52:20,079 - INFO -   [ALT验证] '提子酥' -> ❌
2026-03-11 19:52:20,082 - INFO -   [ALT验证] '汤圆酥' -> ❌
2026-03-11 19:52:20,085 - INFO -   [ALT验证] '肉松青团' -> ❌
2026-03-11 19:52:20,088 - INFO -   [ALT验证] '彩色蛋黄酥' -> ✅
2026-03-11 19:52:20,247 - INFO -   [ALT验证] '蛋黄酥壁纸' -> ✅
2026-03-11 19:52:20,250 - INFO -   [ALT验证] '蛋黄酥banner图' -> ✅
2026-03-11 19:52:20,253 - INFO -   [ALT验证] '蛋黄酥详情页' -> ✅
2026-03-11 19:52:20,256 - INFO -   [ALT验证] '紫薯芋泥饼' -> ❌
2026-03-11 19:52:20,259 - INFO -   [ALT验证] '芝士酥' -> ❌
2026-03-11 19:52:20,433 - INFO -   [ALT验证] '蛋黄酥发霉' -> ✅
2026-03-11 19:52:20,436 - INFO -   [ALT验证] '酥类点心' -> ❌
2026-03-11 19:52:20,440 - INFO -   [ALT验证] '蛋挞酥' -> ❌
2026-03-11 19:52:20,443 - INFO -   [ALT验证] '蛋黄苏' -> ✅
2026-03-11 19:52:20,448 - INFO -   [ALT验证] '蛋黄烧卖' -> ✅
2026-03-11 19:52:20,634 - INFO -   [ALT验证] '蛋黄酥的做法制作方法' -> ✅
2026-03-11 19:52:20,634 - INFO -   ✅ 通过ALT验证: 8/951
