2026-03-12 10:47:23,816 - INFO - 🔍 京东搜索: 李子柒李子柒螺蛳粉 商品
2026-03-12 10:47:24,193 - INFO -   ✅ 找到 0 张京东商品图
2026-03-12 10:47:24,195 - INFO - 🔍 京东搜索: 李子柒螺蛳粉 李子柒
2026-03-12 10:47:24,604 - INFO -   ✅ 找到 0 张京东商品图
2026-03-12 10:47:24,605 - INFO - 🔍 京东搜索: 李子柒 李子柒螺蛳粉
2026-03-12 10:47:25,177 - INFO -   ✅ 找到 0 张京东商品图
2026-03-12 10:47:25,178 - INFO - 🔍 京东搜索: 李子柒螺蛳粉
2026-03-12 10:47:25,607 - INFO -   ✅ 找到 0 张京东商品图
2026-03-12 10:47:25,609 - INFO - 🔍 淘宝搜索: 李子柒李子柒螺蛳粉 商品
2026-03-12 10:47:25,877 - INFO -   ✅ 找到 0 张淘宝商品图
2026-03-12 10:47:25,878 - INFO - 🔍 淘宝搜索: 李子柒螺蛳粉 李子柒
2026-03-12 10:47:26,239 - INFO -   ✅ 找到 0 张淘宝商品图
2026-03-12 10:47:26,241 - INFO - 🔍 淘宝搜索: 李子柒 李子柒螺蛳粉
2026-03-12 10:47:26,559 - INFO -   ✅ 找到 0 张淘宝商品图
2026-03-12 10:47:26,560 - INFO - 🔍 淘宝搜索: 李子柒螺蛳粉
2026-03-12 10:47:26,831 - INFO -   ✅ 找到 0 张淘宝商品图
2026-03-12 10:47:31,817 - INFO - 🔍 京东搜索: 好欢螺好欢螺螺蛳粉 商品
2026-03-12 10:47:32,093 - INFO -   ✅ 找到 0 张京东商品图
2026-03-12 10:47:32,094 - INFO - 🔍 京东搜索: 好欢螺螺蛳粉 好欢螺
2026-03-12 10:47:32,423 - INFO -   ✅ 找到 0 张京东商品图
2026-03-12 10:47:32,426 - INFO - 🔍 京东搜索: 好欢螺 好欢螺螺蛳粉
2026-03-12 10:47:32,743 - INFO -   ✅ 找到 0 张京东商品图
2026-03-12 10:47:32,746 - INFO - 🔍 京东搜索: 好欢螺螺蛳粉
2026-03-12 10:47:33,132 - INFO -   ✅ 找到 0 张京东商品图
2026-03-12 10:47:33,135 - INFO - 🔍 淘宝搜索: 好欢螺好欢螺螺蛳粉 商品
2026-03-12 10:47:33,514 - INFO -   ✅ 找到 0 张淘宝商品图
2026-03-12 10:47:33,516 - INFO - 🔍 淘宝搜索: 好欢螺螺蛳粉 好欢螺
2026-03-12 10:47:33,749 - INFO -   ✅ 找到 0 张淘宝商品图
2026-03-12 10:47:33,751 - INFO - 🔍 淘宝搜索: 好欢螺 好欢螺螺蛳粉
2026-03-12 10:47:34,077 - INFO -   ✅ 找到 0 张淘宝商品图
2026-03-12 10:47:34,079 - INFO - 🔍 淘宝搜索: 好欢螺螺蛳粉
2026-03-12 10:47:34,426 - INFO -   ✅ 找到 0 张淘宝商品图
2026-03-12 10:47:38,597 - INFO - 🔍 京东搜索: 通用螺蛳粉 商品
2026-03-12 10:47:38,914 - INFO -   ✅ 找到 0 张京东商品图
2026-03-12 10:47:38,917 - INFO - 🔍 京东搜索: 螺蛳粉 通用
2026-03-12 10:47:39,251 - INFO -   ✅ 找到 0 张京东商品图
2026-03-12 10:47:39,254 - INFO - 🔍 京东搜索: 通用 螺蛳粉
2026-03-12 10:47:40,058 - INFO -   ✅ 找到 0 张京东商品图
2026-03-12 10:47:40,060 - INFO - 🔍 京东搜索: 螺蛳粉
2026-03-12 10:47:40,451 - INFO -   ✅ 找到 0 张京东商品图
2026-03-12 10:47:40,454 - INFO - 🔍 淘宝搜索: 通用螺蛳粉 商品
2026-03-12 10:47:40,717 - INFO -   ✅ 找到 0 张淘宝商品图
2026-03-12 10:47:40,718 - INFO - 🔍 淘宝搜索: 螺蛳粉 通用
2026-03-12 10:47:40,990 - INFO -   ✅ 找到 0 张淘宝商品图
2026-03-12 10:47:40,992 - INFO - 🔍 淘宝搜索: 通用 螺蛳粉
2026-03-12 10:47:41,386 - INFO -   ✅ 找到 0 张淘宝商品图
2026-03-12 10:47:41,388 - INFO - 🔍 淘宝搜索: 螺蛳粉
2026-03-12 10:47:41,764 - INFO -   ✅ 找到 0 张淘宝商品图
2026-03-12 10:47:47,766 - INFO - 🔍 京东搜索: 卫龙卫龙老版透明包装 商品
2026-03-12 10:47:48,149 - INFO -   ✅ 找到 0 张京东商品图
2026-03-12 10:47:48,151 - INFO - 🔍 京东搜索: 卫龙老版透明包装 卫龙
2026-03-12 10:47:48,438 - INFO -   ✅ 找到 0 张京东商品图
2026-03-12 10:47:48,441 - INFO - 🔍 京东搜索: 卫龙 卫龙老版透明包装
2026-03-12 10:47:48,771 - INFO -   ✅ 找到 0 张京东商品图
2026-03-12 10:47:48,774 - INFO - 🔍 京东搜索: 卫龙老版透明包装
2026-03-12 10:47:49,108 - INFO -   ✅ 找到 0 张京东商品图
2026-03-12 10:47:49,110 - INFO - 🔍 淘宝搜索: 卫龙卫龙老版透明包装 商品
2026-03-12 10:47:49,425 - INFO -   ✅ 找到 0 张淘宝商品图
2026-03-12 10:47:49,426 - INFO - 🔍 淘宝搜索: 卫龙老版透明包装 卫龙
2026-03-12 10:47:49,764 - INFO -   ✅ 找到 0 张淘宝商品图
2026-03-12 10:47:49,765 - INFO - 🔍 淘宝搜索: 卫龙 卫龙老版透明包装
2026-03-12 10:47:50,403 - INFO -   ✅ 找到 0 张淘宝商品图
2026-03-12 10:47:50,405 - INFO - 🔍 淘宝搜索: 卫龙老版透明包装
2026-03-12 10:47:50,677 - INFO -   ✅ 找到 0 张淘宝商品图
2026-03-12 10:47:54,228 - INFO - 🔍 京东搜索: 卫龙亲嘴烧老包装 商品
2026-03-12 10:47:54,604 - INFO -   ✅ 找到 0 张京东商品图
2026-03-12 10:47:54,607 - INFO - 🔍 京东搜索: 亲嘴烧老包装 卫龙
2026-03-12 10:47:54,983 - INFO -   ✅ 找到 0 张京东商品图
2026-03-12 10:47:54,985 - INFO - 🔍 京东搜索: 卫龙 亲嘴烧老包装
2026-03-12 10:47:55,246 - INFO -   ✅ 找到 0 张京东商品图
2026-03-12 10:47:55,248 - INFO - 🔍 京东搜索: 亲嘴烧老包装
2026-03-12 10:47:55,590 - INFO -   ✅ 找到 0 张京东商品图
2026-03-12 10:47:55,592 - INFO - 🔍 淘宝搜索: 卫龙亲嘴烧老包装 商品
2026-03-12 10:47:55,920 - INFO -   ✅ 找到 0 张淘宝商品图
2026-03-12 10:47:55,921 - INFO - 🔍 淘宝搜索: 亲嘴烧老包装 卫龙
2026-03-12 10:47:56,187 - INFO -   ✅ 找到 0 张淘宝商品图
2026-03-12 10:47:56,188 - INFO - 🔍 淘宝搜索: 卫龙 亲嘴烧老包装
2026-03-12 10:47:56,586 - INFO -   ✅ 找到 0 张淘宝商品图
2026-03-12 10:47:56,588 - INFO - 🔍 淘宝搜索: 亲嘴烧老包装
2026-03-12 10:47:56,791 - INFO -   ✅ 找到 0 张淘宝商品图
2026-03-12 10:48:01,938 - INFO - 🔍 京东搜索: 卫龙魔芋爽 商品
2026-03-12 10:48:02,267 - INFO -   ✅ 找到 0 张京东商品图
2026-03-12 10:48:02,270 - INFO - 🔍 京东搜索: 魔芋爽 卫龙
2026-03-12 10:48:02,542 - INFO -   ✅ 找到 0 张京东商品图
2026-03-12 10:48:02,543 - INFO - 🔍 京东搜索: 卫龙 魔芋爽
2026-03-12 10:48:02,925 - INFO -   ✅ 找到 0 张京东商品图
2026-03-12 10:48:02,928 - INFO - 🔍 京东搜索: 魔芋爽
2026-03-12 10:48:03,160 - INFO -   ✅ 找到 0 张京东商品图
2026-03-12 10:48:03,162 - INFO - 🔍 淘宝搜索: 卫龙魔芋爽 商品
2026-03-12 10:48:03,472 - INFO -   ✅ 找到 0 张淘宝商品图
2026-03-12 10:48:03,473 - INFO - 🔍 淘宝搜索: 魔芋爽 卫龙
2026-03-12 10:48:03,677 - INFO -   ✅ 找到 0 张淘宝商品图
2026-03-12 10:48:03,679 - INFO - 🔍 淘宝搜索: 卫龙 魔芋爽
2026-03-12 10:48:04,041 - INFO -   ✅ 找到 0 张淘宝商品图
2026-03-12 10:48:04,042 - INFO - 🔍 淘宝搜索: 魔芋爽
2026-03-12 10:48:04,310 - INFO -   ✅ 找到 0 张淘宝商品图
2026-03-12 10:48:08,086 - INFO - 🔍 京东搜索: 卫龙魔芋爽香辣味 商品
2026-03-12 10:48:08,375 - INFO -   ✅ 找到 0 张京东商品图
2026-03-12 10:48:08,377 - INFO - 🔍 京东搜索: 魔芋爽香辣味 卫龙
2026-03-12 10:48:08,750 - INFO -   ✅ 找到 0 张京东商品图
2026-03-12 10:48:08,752 - INFO - 🔍 京东搜索: 卫龙 魔芋爽香辣味
2026-03-12 10:48:09,116 - INFO -   ✅ 找到 0 张京东商品图
2026-03-12 10:48:09,119 - INFO - 🔍 京东搜索: 魔芋爽香辣味
2026-03-12 10:48:09,400 - INFO -   ✅ 找到 0 张京东商品图
2026-03-12 10:48:09,403 - INFO - 🔍 淘宝搜索: 卫龙魔芋爽香辣味 商品
2026-03-12 10:48:09,736 - INFO -   ✅ 找到 0 张淘宝商品图
2026-03-12 10:48:09,740 - INFO - 🔍 淘宝搜索: 魔芋爽香辣味 卫龙
2026-03-12 10:48:10,074 - INFO -   ✅ 找到 0 张淘宝商品图
2026-03-12 10:48:10,075 - INFO - 🔍 淘宝搜索: 卫龙 魔芋爽香辣味
2026-03-12 10:48:10,301 - INFO -   ✅ 找到 0 张淘宝商品图
2026-03-12 10:48:10,303 - INFO - 🔍 淘宝搜索: 魔芋爽香辣味
2026-03-12 10:48:10,617 - INFO -   ✅ 找到 0 张淘宝商品图
2026-03-12 10:48:14,714 - INFO - 🔍 京东搜索: 徐福记凤梨酥老版 商品
2026-03-12 10:48:15,104 - INFO -   ✅ 找到 0 张京东商品图
2026-03-12 10:48:15,107 - INFO - 🔍 京东搜索: 凤梨酥老版 徐福记
2026-03-12 10:48:15,450 - INFO -   ✅ 找到 0 张京东商品图
2026-03-12 10:48:15,452 - INFO - 🔍 京东搜索: 徐福记 凤梨酥老版
2026-03-12 10:48:16,146 - INFO -   ✅ 找到 0 张京东商品图
2026-03-12 10:48:16,147 - INFO - 🔍 京东搜索: 凤梨酥老版
2026-03-12 10:48:16,528 - INFO -   ✅ 找到 0 张京东商品图
2026-03-12 10:48:16,536 - INFO - 🔍 淘宝搜索: 徐福记凤梨酥老版 商品
2026-03-12 10:48:16,732 - INFO -   ✅ 找到 0 张淘宝商品图
2026-03-12 10:48:16,733 - INFO - 🔍 淘宝搜索: 凤梨酥老版 徐福记
2026-03-12 10:48:17,000 - INFO -   ✅ 找到 0 张淘宝商品图
2026-03-12 10:48:17,001 - INFO - 🔍 淘宝搜索: 徐福记 凤梨酥老版
2026-03-12 10:48:17,286 - INFO -   ✅ 找到 0 张淘宝商品图
2026-03-12 10:48:17,287 - INFO - 🔍 淘宝搜索: 凤梨酥老版
2026-03-12 10:48:17,637 - INFO -   ✅ 找到 0 张淘宝商品图
2026-03-12 10:48:21,507 - INFO - 🔍 京东搜索: 鲨鱼菲特魔芋蛋糕 商品
2026-03-12 10:48:21,848 - INFO -   ✅ 找到 0 张京东商品图
2026-03-12 10:48:21,850 - INFO - 🔍 京东搜索: 魔芋蛋糕 鲨鱼菲特
2026-03-12 10:48:22,242 - INFO -   ✅ 找到 0 张京东商品图
2026-03-12 10:48:22,244 - INFO - 🔍 京东搜索: 鲨鱼菲特 魔芋蛋糕
2026-03-12 10:48:22,542 - INFO -   ✅ 找到 0 张京东商品图
2026-03-12 10:48:22,544 - INFO - 🔍 京东搜索: 魔芋蛋糕
2026-03-12 10:48:22,917 - INFO -   ✅ 找到 0 张京东商品图
2026-03-12 10:48:22,919 - INFO - 🔍 淘宝搜索: 鲨鱼菲特魔芋蛋糕 商品
2026-03-12 10:48:23,239 - INFO -   ✅ 找到 0 张淘宝商品图
2026-03-12 10:48:23,240 - INFO - 🔍 淘宝搜索: 魔芋蛋糕 鲨鱼菲特
2026-03-12 10:48:23,510 - INFO -   ✅ 找到 0 张淘宝商品图
2026-03-12 10:48:23,512 - INFO - 🔍 淘宝搜索: 鲨鱼菲特 魔芋蛋糕
2026-03-12 10:48:23,853 - INFO -   ✅ 找到 0 张淘宝商品图
2026-03-12 10:48:23,854 - INFO - 🔍 淘宝搜索: 魔芋蛋糕
2026-03-12 10:48:24,055 - INFO -   ✅ 找到 0 张淘宝商品图
2026-03-12 10:48:28,618 - INFO - 🔍 京东搜索: 宾格瑞香蕉牛奶 商品
2026-03-12 10:48:29,005 - INFO -   ✅ 找到 0 张京东商品图
2026-03-12 10:48:29,007 - INFO - 🔍 京东搜索: 香蕉牛奶 宾格瑞
2026-03-12 10:48:29,289 - INFO -   ✅ 找到 0 张京东商品图
2026-03-12 10:48:29,292 - INFO - 🔍 京东搜索: 宾格瑞 香蕉牛奶
2026-03-12 10:48:29,733 - INFO -   ✅ 找到 0 张京东商品图
2026-03-12 10:48:29,736 - INFO - 🔍 京东搜索: 香蕉牛奶
2026-03-12 10:48:30,332 - INFO -   ✅ 找到 0 张京东商品图
2026-03-12 10:48:30,335 - INFO - 🔍 淘宝搜索: 宾格瑞香蕉牛奶 商品
2026-03-12 10:48:30,676 - INFO -   ✅ 找到 0 张淘宝商品图
2026-03-12 10:48:30,678 - INFO - 🔍 淘宝搜索: 香蕉牛奶 宾格瑞
2026-03-12 10:48:31,911 - INFO -   ✅ 找到 0 张淘宝商品图
2026-03-12 10:48:31,913 - INFO - 🔍 淘宝搜索: 宾格瑞 香蕉牛奶
2026-03-12 10:48:32,278 - INFO -   ✅ 找到 0 张淘宝商品图
2026-03-12 10:48:32,280 - INFO - 🔍 淘宝搜索: 香蕉牛奶
2026-03-12 10:48:32,513 - INFO -   ✅ 找到 0 张淘宝商品图
2026-03-12 10:48:35,692 - INFO - 🔍 京东搜索: ZEK鱼肠 商品
2026-03-12 10:48:36,070 - INFO -   ✅ 找到 0 张京东商品图
2026-03-12 10:48:36,072 - INFO - 🔍 京东搜索: 鱼肠 ZEK
2026-03-12 10:48:36,423 - INFO -   ✅ 找到 0 张京东商品图
2026-03-12 10:48:36,426 - INFO - 🔍 京东搜索: ZEK 鱼肠
2026-03-12 10:48:36,698 - INFO -   ✅ 找到 0 张京东商品图
2026-03-12 10:48:36,700 - INFO - 🔍 京东搜索: 鱼肠
2026-03-12 10:48:37,055 - INFO -   ✅ 找到 0 张京东商品图
2026-03-12 10:48:37,058 - INFO - 🔍 淘宝搜索: ZEK鱼肠 商品
2026-03-12 10:48:37,386 - INFO -   ✅ 找到 0 张淘宝商品图
2026-03-12 10:48:37,388 - INFO - 🔍 淘宝搜索: 鱼肠 ZEK
2026-03-12 10:48:37,638 - INFO -   ✅ 找到 0 张淘宝商品图
2026-03-12 10:48:37,640 - INFO - 🔍 淘宝搜索: ZEK 鱼肠
2026-03-12 10:48:37,990 - INFO -   ✅ 找到 0 张淘宝商品图
2026-03-12 10:48:37,991 - INFO - 🔍 淘宝搜索: 鱼肠
2026-03-12 10:48:38,196 - INFO -   ✅ 找到 0 张淘宝商品图
2026-03-12 10:48:44,127 - INFO - 🔍 京东搜索: 旺旺旺旺单身狗粮 商品
2026-03-12 10:48:44,408 - INFO -   ✅ 找到 0 张京东商品图
2026-03-12 10:48:44,411 - INFO - 🔍 京东搜索: 旺旺单身狗粮 旺旺
2026-03-12 10:48:44,766 - INFO -   ✅ 找到 0 张京东商品图
2026-03-12 10:48:44,769 - INFO - 🔍 京东搜索: 旺旺 旺旺单身狗粮
2026-03-12 10:48:45,272 - INFO -   ✅ 找到 0 张京东商品图
2026-03-12 10:48:45,275 - INFO - 🔍 京东搜索: 旺旺单身狗粮
2026-03-12 10:48:45,506 - INFO -   ✅ 找到 0 张京东商品图
2026-03-12 10:48:45,507 - INFO - 🔍 淘宝搜索: 旺旺旺旺单身狗粮 商品
2026-03-12 10:48:45,832 - INFO -   ✅ 找到 0 张淘宝商品图
2026-03-12 10:48:45,834 - INFO - 🔍 淘宝搜索: 旺旺单身狗粮 旺旺
2026-03-12 10:48:46,124 - INFO -   ✅ 找到 0 张淘宝商品图
2026-03-12 10:48:46,126 - INFO - 🔍 淘宝搜索: 旺旺 旺旺单身狗粮
2026-03-12 10:48:46,503 - INFO -   ✅ 找到 0 张淘宝商品图
2026-03-12 10:48:46,504 - INFO - 🔍 淘宝搜索: 旺旺单身狗粮
2026-03-12 10:48:46,776 - INFO -   ✅ 找到 0 张淘宝商品图
2026-03-12 10:48:51,715 - INFO - 🔍 京东搜索: 手指饼干早期版 商品
2026-03-12 10:48:52,099 - INFO -   ✅ 找到 0 张京东商品图
2026-03-12 10:48:52,101 - INFO - 🔍 京东搜索: 手指饼干早期版 
2026-03-12 10:48:52,363 - INFO -   ✅ 找到 0 张京东商品图
2026-03-12 10:48:52,365 - INFO - 🔍 京东搜索:  手指饼干早期版
2026-03-12 10:48:52,776 - INFO -   ✅ 找到 0 张京东商品图
2026-03-12 10:48:52,778 - INFO - 🔍 京东搜索: 手指饼干早期版
2026-03-12 10:48:53,147 - INFO -   ✅ 找到 0 张京东商品图
2026-03-12 10:48:53,151 - INFO - 🔍 淘宝搜索: 手指饼干早期版 商品
2026-03-12 10:48:53,422 - INFO -   ✅ 找到 0 张淘宝商品图
2026-03-12 10:48:53,424 - INFO - 🔍 淘宝搜索: 手指饼干早期版 
2026-03-12 10:48:53,770 - INFO -   ✅ 找到 0 张淘宝商品图
2026-03-12 10:48:53,772 - INFO - 🔍 淘宝搜索:  手指饼干早期版
2026-03-12 10:48:54,116 - INFO -   ✅ 找到 0 张淘宝商品图
2026-03-12 10:48:54,118 - INFO - 🔍 淘宝搜索: 手指饼干早期版
2026-03-12 10:48:54,343 - INFO -   ✅ 找到 0 张淘宝商品图
2026-03-12 10:48:57,824 - INFO - 🔍 京东搜索: 南街村南街村拌面早期 商品
2026-03-12 10:48:58,144 - INFO -   ✅ 找到 0 张京东商品图
2026-03-12 10:48:58,147 - INFO - 🔍 京东搜索: 南街村拌面早期 南街村
2026-03-12 10:48:58,535 - INFO -   ✅ 找到 0 张京东商品图
2026-03-12 10:48:58,539 - INFO - 🔍 京东搜索: 南街村 南街村拌面早期
2026-03-12 10:48:58,878 - INFO -   ✅ 找到 0 张京东商品图
2026-03-12 10:48:58,881 - INFO - 🔍 京东搜索: 南街村拌面早期
2026-03-12 10:48:59,147 - INFO -   ✅ 找到 0 张京东商品图
2026-03-12 10:48:59,151 - INFO - 🔍 淘宝搜索: 南街村南街村拌面早期 商品
2026-03-12 10:48:59,565 - INFO -   ✅ 找到 0 张淘宝商品图
2026-03-12 10:48:59,566 - INFO - 🔍 淘宝搜索: 南街村拌面早期 南街村
2026-03-12 10:48:59,884 - INFO -   ✅ 找到 0 张淘宝商品图
2026-03-12 10:48:59,885 - INFO - 🔍 淘宝搜索: 南街村 南街村拌面早期
2026-03-12 10:49:00,161 - INFO -   ✅ 找到 0 张淘宝商品图
2026-03-12 10:49:00,162 - INFO - 🔍 淘宝搜索: 南街村拌面早期
2026-03-12 10:49:00,412 - INFO -   ✅ 找到 0 张淘宝商品图
2026-03-12 10:49:03,739 - INFO - 🔍 京东搜索: 统一汤达人 商品
2026-03-12 10:49:04,071 - INFO -   ✅ 找到 0 张京东商品图
2026-03-12 10:49:04,074 - INFO - 🔍 京东搜索: 汤达人 统一
2026-03-12 10:49:04,346 - INFO -   ✅ 找到 0 张京东商品图
2026-03-12 10:49:04,350 - INFO - 🔍 京东搜索: 统一 汤达人
2026-03-12 10:49:04,748 - INFO -   ✅ 找到 0 张京东商品图
2026-03-12 10:49:04,752 - INFO - 🔍 京东搜索: 汤达人
2026-03-12 10:49:05,125 - INFO -   ✅ 找到 0 张京东商品图
2026-03-12 10:49:05,127 - INFO - 🔍 淘宝搜索: 统一汤达人 商品
2026-03-12 10:49:05,351 - INFO -   ✅ 找到 0 张淘宝商品图
2026-03-12 10:49:05,353 - INFO - 🔍 淘宝搜索: 汤达人 统一
2026-03-12 10:49:05,654 - INFO -   ✅ 找到 0 张淘宝商品图
2026-03-12 10:49:05,656 - INFO - 🔍 淘宝搜索: 统一 汤达人
2026-03-12 10:49:05,862 - INFO -   ✅ 找到 0 张淘宝商品图
2026-03-12 10:49:05,864 - INFO - 🔍 淘宝搜索: 汤达人
2026-03-12 10:49:06,176 - INFO -   ✅ 找到 0 张淘宝商品图
2026-03-12 10:49:11,839 - INFO - 🔍 京东搜索: 酸辣粉 商品
2026-03-12 10:49:12,175 - INFO -   ✅ 找到 0 张京东商品图
2026-03-12 10:49:12,178 - INFO - 🔍 京东搜索: 酸辣粉 
2026-03-12 10:49:12,549 - INFO -   ✅ 找到 0 张京东商品图
2026-03-12 10:49:12,552 - INFO - 🔍 京东搜索:  酸辣粉
2026-03-12 10:49:12,849 - INFO -   ✅ 找到 0 张京东商品图
2026-03-12 10:49:12,852 - INFO - 🔍 京东搜索: 酸辣粉
2026-03-12 10:49:13,236 - INFO -   ✅ 找到 0 张京东商品图
2026-03-12 10:49:13,239 - INFO - 🔍 淘宝搜索: 酸辣粉 商品
2026-03-12 10:49:13,516 - INFO -   ✅ 找到 0 张淘宝商品图
2026-03-12 10:49:13,518 - INFO - 🔍 淘宝搜索: 酸辣粉 
2026-03-12 10:49:13,753 - INFO -   ✅ 找到 0 张淘宝商品图
2026-03-12 10:49:13,755 - INFO - 🔍 淘宝搜索:  酸辣粉
2026-03-12 10:49:14,038 - INFO -   ✅ 找到 0 张淘宝商品图
2026-03-12 10:49:14,040 - INFO - 🔍 淘宝搜索: 酸辣粉
2026-03-12 10:49:14,299 - INFO -   ✅ 找到 0 张淘宝商品图
2026-03-12 10:49:18,186 - INFO - 🔍 京东搜索: 海底捞自热火锅 商品
2026-03-12 10:49:18,528 - INFO -   ✅ 找到 0 张京东商品图
2026-03-12 10:49:18,531 - INFO - 🔍 京东搜索: 自热火锅 海底捞
2026-03-12 10:49:18,882 - INFO -   ✅ 找到 0 张京东商品图
2026-03-12 10:49:18,884 - INFO - 🔍 京东搜索: 海底捞 自热火锅
2026-03-12 10:49:19,402 - INFO -   ✅ 找到 0 张京东商品图
2026-03-12 10:49:19,405 - INFO - 🔍 京东搜索: 自热火锅
2026-03-12 10:49:19,679 - INFO -   ✅ 找到 0 张京东商品图
2026-03-12 10:49:19,683 - INFO - 🔍 淘宝搜索: 海底捞自热火锅 商品
2026-03-12 10:49:20,054 - INFO -   ✅ 找到 0 张淘宝商品图
2026-03-12 10:49:20,056 - INFO - 🔍 淘宝搜索: 自热火锅 海底捞
2026-03-12 10:49:20,330 - INFO -   ✅ 找到 0 张淘宝商品图
2026-03-12 10:49:20,332 - INFO - 🔍 淘宝搜索: 海底捞 自热火锅
2026-03-12 10:49:20,617 - INFO -   ✅ 找到 0 张淘宝商品图
2026-03-12 10:49:20,619 - INFO - 🔍 淘宝搜索: 自热火锅
2026-03-12 10:49:20,997 - INFO -   ✅ 找到 0 张淘宝商品图
2026-03-12 10:49:25,322 - INFO - 🔍 京东搜索: 统一自热米饭 商品
2026-03-12 10:49:25,691 - INFO -   ✅ 找到 0 张京东商品图
2026-03-12 10:49:25,694 - INFO - 🔍 京东搜索: 自热米饭 统一
2026-03-12 10:49:25,963 - INFO -   ✅ 找到 0 张京东商品图
2026-03-12 10:49:25,965 - INFO - 🔍 京东搜索: 统一 自热米饭
2026-03-12 10:49:26,303 - INFO -   ✅ 找到 0 张京东商品图
2026-03-12 10:49:26,305 - INFO - 🔍 京东搜索: 自热米饭
2026-03-12 10:49:26,621 - INFO -   ✅ 找到 0 张京东商品图
2026-03-12 10:49:26,624 - INFO - 🔍 淘宝搜索: 统一自热米饭 商品
2026-03-12 10:49:26,898 - INFO -   ✅ 找到 0 张淘宝商品图
2026-03-12 10:49:26,900 - INFO - 🔍 淘宝搜索: 自热米饭 统一
2026-03-12 10:49:27,146 - INFO -   ✅ 找到 0 张淘宝商品图
2026-03-12 10:49:27,147 - INFO - 🔍 淘宝搜索: 统一 自热米饭
2026-03-12 10:49:27,388 - INFO -   ✅ 找到 0 张淘宝商品图
2026-03-12 10:49:27,390 - INFO - 🔍 淘宝搜索: 自热米饭
2026-03-12 10:49:27,671 - INFO -   ✅ 找到 0 张淘宝商品图
