/Users/zoe/Library/Python/3.9/lib/python/site-packages/urllib3/__init__.py:35: NotOpenSSLWarning: urllib3 v2 only supports OpenSSL 1.1.1+, currently the 'ssl' module is compiled with 'LibreSSL 2.8.3'. See: https://github.com/urllib3/urllib3/issues/3020
  warnings.warn(
2026-03-11 19:17:57,436 - INFO - ====== WebDriver manager ======
2026-03-11 19:17:57,738 - INFO - Get LATEST chromedriver version for google-chrome
2026-03-11 19:17:58,172 - INFO - Get LATEST chromedriver version for google-chrome
2026-03-11 19:17:58,610 - INFO - Driver [/Users/zoe/.wdm/drivers/chromedriver/mac64/146.0.7680.72/chromedriver-mac-arm64/chromedriver] found in cache
2026-03-11 19:17:59,750 - INFO - ✅ Chrome浏览器初始化成功
2026-03-11 19:17:59,751 - INFO - 🔍 访问: https://image.baidu.com/search/index?tn=baiduimage&word=%E5%86%BB%E5%B9%B2%E8%8D...
2026-03-11 19:18:08,765 - INFO - 📸 找到 538 个图片元素
2026-03-11 19:18:08,793 - INFO - ✅ 提取到 5 个有效图片URL
2026-03-11 19:18:09,074 - INFO - 💾 已保存: output/dried_fruit/冻干草莓脆/冻干草莓脆_01.jpg (500x500)
2026-03-11 19:18:09,152 - INFO - 💾 已保存: output/dried_fruit/冻干草莓脆/冻干草莓脆_02.jpg (500x500)
2026-03-11 19:18:09,234 - INFO - 💾 已保存: output/dried_fruit/冻干草莓脆/冻干草莓脆_03.jpg (500x500)
2026-03-11 19:18:12,922 - INFO - 🔍 访问: https://image.baidu.com/search/index?tn=baiduimage&word=%E5%86%BB%E5%B9%B2%E6%A6...
2026-03-11 19:18:20,602 - INFO - 📸 找到 544 个图片元素
2026-03-11 19:18:20,638 - INFO - ✅ 提取到 5 个有效图片URL
2026-03-11 19:18:20,828 - INFO - 💾 已保存: output/dried_fruit/冻干榴莲干/冻干榴莲干_01.jpg (500x500)
2026-03-11 19:18:20,983 - INFO - 💾 已保存: output/dried_fruit/冻干榴莲干/冻干榴莲干_02.jpg (500x500)
2026-03-11 19:18:21,071 - INFO - 💾 已保存: output/dried_fruit/冻干榴莲干/冻干榴莲干_03.jpg (500x500)
2026-03-11 19:18:24,734 - INFO - 🔍 访问: https://image.baidu.com/search/index?tn=baiduimage&word=%E5%86%BB%E5%B9%B2%E8%8A...
2026-03-11 19:18:32,633 - INFO - 📸 找到 561 个图片元素
2026-03-11 19:18:32,662 - INFO - ✅ 提取到 5 个有效图片URL
2026-03-11 19:18:32,811 - INFO - 💾 已保存: output/dried_fruit/冻干芒果脆/冻干芒果脆_01.jpg (500x500)
2026-03-11 19:18:32,874 - INFO - 💾 已保存: output/dried_fruit/冻干芒果脆/冻干芒果脆_02.jpg (375x500)
2026-03-11 19:18:33,025 - INFO - 💾 已保存: output/dried_fruit/冻干芒果脆/冻干芒果脆_03.jpg (375x500)
2026-03-11 19:18:35,472 - INFO - 🔍 访问: https://image.baidu.com/search/index?tn=baiduimage&word=%E5%86%BB%E5%B9%B2%E9%85...
2026-03-11 19:18:43,965 - INFO - 📸 找到 590 个图片元素
2026-03-11 19:18:43,989 - INFO - ✅ 提取到 5 个有效图片URL
2026-03-11 19:18:44,293 - INFO - 💾 已保存: output/dairy/冻干酸奶块/冻干酸奶块_01.jpg (500x758)
2026-03-11 19:18:46,367 - INFO - 💾 已保存: output/dairy/冻干酸奶块/冻干酸奶块_02.jpg (500x500)
2026-03-11 19:18:46,445 - INFO - 💾 已保存: output/dairy/冻干酸奶块/冻干酸奶块_03.jpg (500x500)
2026-03-11 19:18:49,881 - INFO - 🔍 访问: https://image.baidu.com/search/index?tn=baiduimage&word=%E7%9B%8A%E7%94%9F%E8%8F...
2026-03-11 19:18:58,503 - INFO - 📸 找到 661 个图片元素
2026-03-11 19:18:58,531 - INFO - ✅ 提取到 5 个有效图片URL
2026-03-11 19:18:58,784 - INFO - 💾 已保存: output/dairy/益生菌冻干奶酪块/益生菌冻干奶酪块_01.jpg (1036x584)
2026-03-11 19:18:58,854 - INFO - 💾 已保存: output/dairy/益生菌冻干奶酪块/益生菌冻干奶酪块_02.jpg (500x500)
2026-03-11 19:18:58,929 - INFO - 💾 已保存: output/dairy/益生菌冻干奶酪块/益生菌冻干奶酪块_03.jpg (500x500)
2026-03-11 19:19:01,970 - INFO - 🔍 访问: https://image.baidu.com/search/index?tn=baiduimage&word=%E9%AD%94%E8%8A%8B%E7%88...
2026-03-11 19:19:10,280 - INFO - 📸 找到 549 个图片元素
2026-03-11 19:19:10,312 - INFO - ✅ 提取到 5 个有效图片URL
2026-03-11 19:19:10,582 - INFO - 💾 已保存: output/spicy_strips/魔芋爽香辣味/魔芋爽香辣味_01.jpg (500x667)
2026-03-11 19:19:10,894 - INFO - 💾 已保存: output/spicy_strips/魔芋爽香辣味/魔芋爽香辣味_02.jpg (667x500)
2026-03-11 19:19:10,999 - INFO - 💾 已保存: output/spicy_strips/魔芋爽香辣味/魔芋爽香辣味_03.jpg (667x500)
2026-03-11 19:19:13,853 - INFO - 🔍 访问: https://image.baidu.com/search/index?tn=baiduimage&word=%E9%AD%94%E8%8A%8B%E7%88...
2026-03-11 19:19:20,722 - INFO - 📸 找到 682 个图片元素
2026-03-11 19:19:20,757 - INFO - ✅ 提取到 5 个有效图片URL
2026-03-11 19:19:20,962 - INFO - 💾 已保存: output/spicy_strips/魔芋爽酸辣味/魔芋爽酸辣味_01.jpg (500x667)
2026-03-11 19:19:21,067 - INFO - 💾 已保存: output/spicy_strips/魔芋爽酸辣味/魔芋爽酸辣味_02.jpg (667x500)
2026-03-11 19:19:21,237 - INFO - 💾 已保存: output/spicy_strips/魔芋爽酸辣味/魔芋爽酸辣味_03.jpg (667x500)
2026-03-11 19:19:25,059 - INFO - 🔍 访问: https://image.baidu.com/search/index?tn=baiduimage&word=%E9%AD%94%E8%8A%8B%E7%B4...
2026-03-11 19:19:32,682 - INFO - 📸 找到 593 个图片元素
2026-03-11 19:19:32,706 - INFO - ✅ 提取到 5 个有效图片URL
2026-03-11 19:19:33,011 - INFO - 💾 已保存: output/spicy_strips/魔芋素毛肚/魔芋素毛肚_01.jpg (666x500)
2026-03-11 19:19:33,319 - INFO - 💾 已保存: output/spicy_strips/魔芋素毛肚/魔芋素毛肚_02.jpg (508x500)
2026-03-11 19:19:33,399 - INFO - 💾 已保存: output/spicy_strips/魔芋素毛肚/魔芋素毛肚_03.jpg (500x609)
2026-03-11 19:19:36,837 - INFO - 🔍 访问: https://image.baidu.com/search/index?tn=baiduimage&word=%E4%BD%8E%E5%8D%A1%E9%AD...
2026-03-11 19:19:44,265 - INFO - 📸 找到 728 个图片元素
2026-03-11 19:19:44,291 - INFO - ✅ 提取到 5 个有效图片URL
2026-03-11 19:19:44,556 - INFO - 💾 已保存: output/jelly/低卡魔芋果冻/低卡魔芋果冻_01.jpg (500x500)
2026-03-11 19:19:44,731 - INFO - 💾 已保存: output/jelly/低卡魔芋果冻/低卡魔芋果冻_02.jpg (500x653)
2026-03-11 19:19:45,419 - INFO - 💾 已保存: output/jelly/低卡魔芋果冻/低卡魔芋果冻_03.jpg (500x661)
2026-03-11 19:19:48,963 - INFO - 🔍 访问: https://image.baidu.com/search/index?tn=baiduimage&word=%E9%AD%94%E8%8A%8B%E8%9B...
2026-03-11 19:19:56,796 - INFO - 📸 找到 660 个图片元素
2026-03-11 19:19:56,824 - INFO - ✅ 提取到 5 个有效图片URL
2026-03-11 19:19:57,056 - INFO - 💾 已保存: output/pastry/魔芋蛋糕/魔芋蛋糕_01.jpg (800x450)
2026-03-11 19:19:57,140 - INFO - 💾 已保存: output/pastry/魔芋蛋糕/魔芋蛋糕_02.jpg (1036x584)
2026-03-11 19:19:57,230 - INFO - 💾 已保存: output/pastry/魔芋蛋糕/魔芋蛋糕_03.jpg (1036x584)
2026-03-11 19:20:00,550 - INFO - 🔍 访问: https://image.baidu.com/search/index?tn=baiduimage&word=Royce%E7%94%9F%E5%B7%A7%...
2026-03-11 19:20:07,419 - INFO - 📸 找到 539 个图片元素
2026-03-11 19:20:07,455 - INFO - ✅ 提取到 5 个有效图片URL
2026-03-11 19:20:07,716 - INFO - 💾 已保存: output/chocolate/Royce生巧克力/Royce生巧克力_01.jpg (822x800)
2026-03-11 19:20:07,978 - INFO - 💾 已保存: output/chocolate/Royce生巧克力/Royce生巧克力_02.jpg (500x652)
2026-03-11 19:20:08,198 - INFO - 💾 已保存: output/chocolate/Royce生巧克力/Royce生巧克力_03.jpg (500x653)
2026-03-11 19:20:10,953 - INFO - 🔍 访问: https://image.baidu.com/search/index?tn=baiduimage&word=%E6%AF%8F%E6%97%A5%E9%BB...
2026-03-11 19:20:17,569 - INFO - 📸 找到 488 个图片元素
2026-03-11 19:20:17,604 - INFO - ✅ 提取到 5 个有效图片URL
2026-03-11 19:20:17,880 - INFO - 💾 已保存: output/chocolate/每日黑巧/每日黑巧_01.jpg (500x667)
2026-03-11 19:20:17,984 - INFO - 💾 已保存: output/chocolate/每日黑巧/每日黑巧_02.jpg (500x667)
2026-03-11 19:20:18,082 - INFO - 💾 已保存: output/chocolate/每日黑巧/每日黑巧_03.jpg (500x667)
2026-03-11 19:20:20,521 - INFO - 🔍 访问: https://image.baidu.com/search/index?tn=baiduimage&word=%E8%AF%BA%E6%A2%B5%E6%9D...
2026-03-11 19:22:20,524 - ERROR - ❌ 搜索失败: HTTPConnectionPool(host='localhost', port=49892): Read timed out. (read timeout=120)
2026-03-11 19:22:20,525 - INFO - 🔍 访问: https://image.baidu.com/search/index?tn=baiduimage&word=%E8%AF%BA%E6%A2%B5%E6%9D...
2026-03-11 19:23:23,592 - INFO - 📸 找到 500 个图片元素
2026-03-11 19:23:23,625 - INFO - ✅ 提取到 5 个有效图片URL
2026-03-11 19:23:24,131 - INFO - 💾 已保存: output/chocolate/诺梵松露巧克力/诺梵松露巧克力_01.jpg (800x1069)
2026-03-11 19:23:24,312 - INFO - 💾 已保存: output/chocolate/诺梵松露巧克力/诺梵松露巧克力_02.jpg (800x1069)
2026-03-11 19:23:24,514 - INFO - 💾 已保存: output/chocolate/诺梵松露巧克力/诺梵松露巧克力_03.jpg (800x1069)
2026-03-11 19:23:27,870 - INFO - 🔍 访问: https://image.baidu.com/search/index?tn=baiduimage&word=%E7%94%9F%E5%B7%A7%E7%86...
2026-03-11 19:23:35,424 - INFO - 📸 找到 726 个图片元素
2026-03-11 19:23:35,453 - INFO - ✅ 提取到 5 个有效图片URL
2026-03-11 19:23:35,688 - INFO - 💾 已保存: output/pastry/生巧熔岩蛋糕/生巧熔岩蛋糕_01.jpg (800x450)
2026-03-11 19:23:35,771 - INFO - 💾 已保存: output/pastry/生巧熔岩蛋糕/生巧熔岩蛋糕_02.jpg (1036x584)
2026-03-11 19:23:35,895 - INFO - 💾 已保存: output/pastry/生巧熔岩蛋糕/生巧熔岩蛋糕_03.jpg (1036x584)

============================================================
🚀 零食图片爬虫 (Selenium版)
============================================================

📦 进度: [1/95]

============================================================
🍿 冻干草莓脆
============================================================

🔍 搜索: 冻干草莓脆 零食
  [1] 下载: https://www.baidu.com/img/flexible/logo/pc/result@...
      ❌ 失败
  [2] 下载: https://t13.baidu.com/it/u=2094866295,2755441966&f...
      ✅ 成功
  [3] 下载: https://t13.baidu.com/it/u=332296971,646422419&fm=...
      ✅ 成功
  [4] 下载: https://t15.baidu.com/it/u=854582137,1934856216&fm...
      ✅ 成功

📥 共下载: 3 张

📦 进度: [2/95]

============================================================
🍿 冻干榴莲干
============================================================

🔍 搜索: 冻干榴莲干 零食
  [1] 下载: https://www.baidu.com/img/flexible/logo/pc/result@...
      ❌ 失败
  [2] 下载: https://t14.baidu.com/it/u=464121007,1857116329&fm...
      ✅ 成功
  [3] 下载: https://t14.baidu.com/it/u=3633626854,3924211413&f...
      ✅ 成功
  [4] 下载: https://t13.baidu.com/it/u=2293875276,3511414502&f...
      ✅ 成功

📥 共下载: 3 张

📦 进度: [3/95]

============================================================
🍿 冻干芒果脆
============================================================

🔍 搜索: 冻干芒果脆 零食
  [1] 下载: https://www.baidu.com/img/flexible/logo/pc/result@...
      ❌ 失败
  [2] 下载: https://t15.baidu.com/it/u=4137716097,1758081498&f...
      ✅ 成功
  [3] 下载: https://t15.baidu.com/it/u=1694585076,3216780437&f...
      ✅ 成功
  [4] 下载: https://t14.baidu.com/it/u=42194350,1641783182&fm=...
      ✅ 成功

📥 共下载: 3 张

📦 进度: [4/95]

============================================================
🍿 冻干酸奶块
============================================================

🔍 搜索: 冻干酸奶块 零食
  [1] 下载: https://www.baidu.com/img/flexible/logo/pc/result@...
      ❌ 失败
  [2] 下载: https://img0.baidu.com/it/u=2900596932,1104684567&...
      ✅ 成功
  [3] 下载: https://t13.baidu.com/it/u=758146356,3844270165&fm...
      ✅ 成功
  [4] 下载: https://t13.baidu.com/it/u=4255626795,1709980797&f...
      ✅ 成功

📥 共下载: 3 张

📦 进度: [5/95]

============================================================
🍿 益生菌冻干奶酪块
============================================================

🔍 搜索: 益生菌冻干奶酪块 零食
  [1] 下载: https://www.baidu.com/img/flexible/logo/pc/result@...
      ❌ 失败
  [2] 下载: https://ns-strategy.cdn.bcebos.com/ns-strategy/upl...
      ✅ 成功
  [3] 下载: https://t13.baidu.com/it/u=680823891,420744424&fm=...
      ✅ 成功
  [4] 下载: https://t13.baidu.com/it/u=1481652663,1663251709&f...
      ✅ 成功

📥 共下载: 3 张

📦 进度: [6/95]

============================================================
🍿 魔芋爽香辣味
============================================================

🔍 搜索: 魔芋爽香辣味 零食
  [1] 下载: https://www.baidu.com/img/flexible/logo/pc/result@...
      ❌ 失败
  [2] 下载: https://img0.baidu.com/it/u=3470273169,2485624836&...
      ✅ 成功
  [3] 下载: https://img1.baidu.com/it/u=3100536992,3529912593&...
      ✅ 成功
  [4] 下载: https://img2.baidu.com/it/u=3648623680,2946415320&...
      ✅ 成功

📥 共下载: 3 张

📦 进度: [7/95]

============================================================
🍿 魔芋爽酸辣味
============================================================

🔍 搜索: 魔芋爽酸辣味 零食
  [1] 下载: https://www.baidu.com/img/flexible/logo/pc/result@...
      ❌ 失败
  [2] 下载: https://img0.baidu.com/it/u=3470273169,2485624836&...
      ✅ 成功
  [3] 下载: https://img1.baidu.com/it/u=3100536992,3529912593&...
      ✅ 成功
  [4] 下载: https://img2.baidu.com/it/u=3648623680,2946415320&...
      ✅ 成功

📥 共下载: 3 张

📦 进度: [8/95]

============================================================
🍿 魔芋素毛肚
============================================================

🔍 搜索: 魔芋素毛肚 零食
  [1] 下载: https://www.baidu.com/img/flexible/logo/pc/result@...
      ❌ 失败
  [2] 下载: https://img2.baidu.com/it/u=1437946281,398045144&f...
      ✅ 成功
  [3] 下载: https://img2.baidu.com/it/u=1003395289,325576182&f...
      ✅ 成功
  [4] 下载: https://img1.baidu.com/it/u=2187612151,77187387&fm...
      ✅ 成功

📥 共下载: 3 张

📦 进度: [9/95]

============================================================
🍿 低卡魔芋果冻
============================================================

🔍 搜索: 低卡魔芋果冻 零食
  [1] 下载: https://www.baidu.com/img/flexible/logo/pc/result@...
      ❌ 失败
  [2] 下载: https://t13.baidu.com/it/u=371462785,1604649219&fm...
      ✅ 成功
  [3] 下载: https://img0.baidu.com/it/u=3696759025,2569390946&...
      ✅ 成功
  [4] 下载: https://img2.baidu.com/it/u=2151850244,821199731&f...
      ✅ 成功

📥 共下载: 3 张

📦 进度: [10/95]

============================================================
🍿 魔芋蛋糕
============================================================

🔍 搜索: 魔芋蛋糕 零食
  [1] 下载: https://www.baidu.com/img/flexible/logo/pc/result@...
      ❌ 失败
  [2] 下载: https://ns-strategy.cdn.bcebos.com/ns-strategy/upl...
      ✅ 成功
  [3] 下载: https://ns-strategy.cdn.bcebos.com/ns-strategy/upl...
      ✅ 成功
  [4] 下载: https://ns-strategy.cdn.bcebos.com/ns-strategy/upl...
      ✅ 成功

📥 共下载: 3 张

📦 进度: [11/95]

============================================================
🍿 Royce生巧克力
============================================================

🔍 搜索: Royce生巧克力 零食
  [1] 下载: https://www.baidu.com/img/flexible/logo/pc/result@...
      ❌ 失败
  [2] 下载: https://img0.baidu.com/it/u=4126313065,3790209887&...
      ✅ 成功
  [3] 下载: https://img0.baidu.com/it/u=2365997280,2333445441&...
      ✅ 成功
  [4] 下载: https://img0.baidu.com/it/u=3573727607,1465957575&...
      ✅ 成功

📥 共下载: 3 张

📦 进度: [12/95]

============================================================
🍿 每日黑巧
============================================================

🔍 搜索: 每日黑巧 零食
  [1] 下载: https://www.baidu.com/img/flexible/logo/pc/result@...
      ❌ 失败
  [2] 下载: https://img0.baidu.com/it/u=2431636778,2790282511&...
      ✅ 成功
  [3] 下载: https://img0.baidu.com/it/u=81808906,387353224&fm=...
      ✅ 成功
  [4] 下载: https://img1.baidu.com/it/u=2764039172,3944539405&...
      ✅ 成功

📥 共下载: 3 张

📦 进度: [13/95]

============================================================
🍿 诺梵松露巧克力
============================================================

🔍 搜索: 诺梵松露巧克力 零食

🔍 搜索: 诺梵松露巧克力
  [1] 下载: https://www.baidu.com/img/flexible/logo/pc/result@...
      ❌ 失败
  [2] 下载: https://img0.baidu.com/it/u=3401567805,1432561591&...
      ✅ 成功
  [3] 下载: https://img0.baidu.com/it/u=2020038799,4021671450&...
      ✅ 成功
  [4] 下载: https://img0.baidu.com/it/u=1737490493,2233249207&...
      ✅ 成功

📥 共下载: 3 张

📦 进度: [14/95]

============================================================
🍿 生巧熔岩蛋糕
============================================================

🔍 搜索: 生巧熔岩蛋糕 零食
  [1] 下载: https://www.baidu.com/img/flexible/logo/pc/result@...
      ❌ 失败
  [2] 下载: https://ns-strategy.cdn.bcebos.com/ns-strategy/upl...
      ✅ 成功
  [3] 下载: https://ns-strategy.cdn.bcebos.com/ns-strategy/upl...
      ✅ 成功
  [4] 下载: https://ns-strategy.cdn.bcebos.com/ns-strategy/upl...
      ✅ 成功

📥 共下载: 3 张

📦 进度: [15/95]
2026-03-11 19:23:38,176 - INFO - 🔍 访问: https://image.baidu.com/search/index?tn=baiduimage&word=%E5%86%B0%E5%B1%B1%E7%86...
2026-03-11 19:23:45,072 - INFO - 📸 找到 669 个图片元素
2026-03-11 19:23:45,103 - INFO - ✅ 提取到 5 个有效图片URL
2026-03-11 19:23:45,504 - INFO - 💾 已保存: output/chocolate/冰山熔岩巧克力/冰山熔岩巧克力_01.jpg (514x500)
2026-03-11 19:23:45,601 - INFO - 💾 已保存: output/chocolate/冰山熔岩巧克力/冰山熔岩巧克力_02.jpg (514x500)
2026-03-11 19:23:45,670 - INFO - 💾 已保存: output/chocolate/冰山熔岩巧克力/冰山熔岩巧克力_03.jpg (514x500)
2026-03-11 19:23:48,979 - INFO - 🔍 访问: https://image.baidu.com/search/index?tn=baiduimage&word=%E7%88%86%E6%B5%86%E6%9B...
2026-03-11 19:23:56,193 - INFO - 📸 找到 579 个图片元素
2026-03-11 19:23:56,225 - INFO - ✅ 提取到 5 个有效图片URL
2026-03-11 19:23:56,511 - INFO - 💾 已保存: output/cookies/爆浆曲奇/爆浆曲奇_01.jpg (500x500)
2026-03-11 19:23:56,613 - INFO - 💾 已保存: output/cookies/爆浆曲奇/爆浆曲奇_02.jpg (515x500)
2026-03-11 19:23:56,707 - INFO - 💾 已保存: output/cookies/爆浆曲奇/爆浆曲奇_03.jpg (515x500)
2026-03-11 19:24:00,266 - INFO - 🔍 访问: https://image.baidu.com/search/index?tn=baiduimage&word=%E6%B5%81%E5%BF%83%E5%A5...
2026-03-11 19:24:07,596 - INFO - 📸 找到 564 个图片元素
2026-03-11 19:24:07,626 - INFO - ✅ 提取到 5 个有效图片URL
2026-03-11 19:24:07,839 - INFO - 💾 已保存: output/pastry/流心奶黄月饼/流心奶黄月饼_01.jpg (800x450)
2026-03-11 19:24:08,031 - INFO - 💾 已保存: output/pastry/流心奶黄月饼/流心奶黄月饼_02.jpg (500x659)
2026-03-11 19:24:08,147 - INFO - 💾 已保存: output/pastry/流心奶黄月饼/流心奶黄月饼_03.jpg (500x746)
2026-03-11 19:24:11,889 - INFO - 🔍 访问: https://image.baidu.com/search/index?tn=baiduimage&word=%E7%88%86%E6%B5%86%E8%BD...
2026-03-11 19:24:19,714 - INFO - 📸 找到 537 个图片元素
2026-03-11 19:24:19,747 - INFO - ✅ 提取到 5 个有效图片URL
2026-03-11 19:24:20,101 - INFO - 💾 已保存: output/candy/爆浆软糖/爆浆软糖_01.jpg (500x682)
2026-03-11 19:24:20,218 - INFO - 💾 已保存: output/candy/爆浆软糖/爆浆软糖_02.jpg (500x666)
2026-03-11 19:24:20,325 - INFO - 💾 已保存: output/candy/爆浆软糖/爆浆软糖_03.jpg (500x666)
2026-03-11 19:24:23,163 - INFO - 🔍 访问: https://image.baidu.com/search/index?tn=baiduimage&word=%E7%88%86%E6%B5%86%E5%B0...
2026-03-11 19:24:29,956 - INFO - 📸 找到 585 个图片元素
2026-03-11 19:24:29,980 - INFO - ✅ 提取到 5 个有效图片URL
2026-03-11 19:24:30,344 - INFO - 💾 已保存: output/chocolate/爆浆小丸子/爆浆小丸子_01.jpg (500x644)
2026-03-11 19:24:32,296 - INFO - 💾 已保存: output/chocolate/爆浆小丸子/爆浆小丸子_02.jpg (500x500)
2026-03-11 19:24:32,387 - INFO - 💾 已保存: output/chocolate/爆浆小丸子/爆浆小丸子_03.jpg (500x500)
2026-03-11 19:24:35,301 - INFO - 🔍 访问: https://image.baidu.com/search/index?tn=baiduimage&word=%E8%8A%9D%E5%A3%AB%E7%88...
2026-03-11 19:24:43,081 - INFO - 📸 找到 700 个图片元素
2026-03-11 19:24:43,105 - INFO - ✅ 提取到 5 个有效图片URL
2026-03-11 19:24:43,322 - INFO - 💾 已保存: output/seafood/芝士爆浆鱼蛋/芝士爆浆鱼蛋_01.jpg (500x500)
2026-03-11 19:24:43,404 - INFO - 💾 已保存: output/seafood/芝士爆浆鱼蛋/芝士爆浆鱼蛋_02.jpg (500x500)
2026-03-11 19:24:43,477 - INFO - 💾 已保存: output/seafood/芝士爆浆鱼蛋/芝士爆浆鱼蛋_03.jpg (500x500)
2026-03-11 19:24:45,513 - INFO - 🔍 访问: https://image.baidu.com/search/index?tn=baiduimage&word=%E5%8E%9A%E5%88%87%E7%82...
2026-03-11 19:24:53,622 - INFO - 📸 找到 725 个图片元素
2026-03-11 19:24:53,650 - INFO - ✅ 提取到 5 个有效图片URL
2026-03-11 19:24:53,944 - INFO - 💾 已保存: output/dairy/厚切炒酸奶块/厚切炒酸奶块_01.jpg (508x500)
2026-03-11 19:24:54,027 - INFO - 💾 已保存: output/dairy/厚切炒酸奶块/厚切炒酸奶块_02.jpg (508x500)
2026-03-11 19:24:54,195 - INFO - 💾 已保存: output/dairy/厚切炒酸奶块/厚切炒酸奶块_03.jpg (508x500)
2026-03-11 19:24:56,400 - INFO - 🔍 访问: https://image.baidu.com/search/index?tn=baiduimage&word=%E5%8E%9A%E5%88%87%E8%8A...
2026-03-11 19:25:04,180 - INFO - 📸 找到 588 个图片元素
2026-03-11 19:25:04,214 - INFO - ✅ 提取到 5 个有效图片URL
2026-03-11 19:25:04,680 - INFO - 💾 已保存: output/dried_fruit/厚切芒果干/厚切芒果干_01.jpg (800x1067)
2026-03-11 19:25:04,782 - INFO - 💾 已保存: output/dried_fruit/厚切芒果干/厚切芒果干_02.jpg (800x1067)
2026-03-11 19:25:04,888 - INFO - 💾 已保存: output/dried_fruit/厚切芒果干/厚切芒果干_03.jpg (800x1067)
2026-03-11 19:25:07,013 - INFO - 🔍 访问: https://image.baidu.com/search/index?tn=baiduimage&word=%E5%8E%9A%E5%88%87%E7%89...
2026-03-11 19:25:14,611 - INFO - 📸 找到 563 个图片元素
2026-03-11 19:25:14,640 - INFO - ✅ 提取到 5 个有效图片URL
2026-03-11 19:25:14,893 - INFO - 💾 已保存: output/meat/厚切牛肉干/厚切牛肉干_01.jpg (500x500)
2026-03-11 19:25:15,255 - INFO - 💾 已保存: output/meat/厚切牛肉干/厚切牛肉干_02.jpg (800x1067)
2026-03-11 19:25:15,320 - INFO - 💾 已保存: output/meat/厚切牛肉干/厚切牛肉干_03.jpg (500x500)
2026-03-11 19:25:17,366 - INFO - 🔍 访问: https://image.baidu.com/search/index?tn=baiduimage&word=%E5%8E%9A%E5%88%87%E7%8C...
2026-03-11 19:25:24,535 - INFO - 📸 找到 509 个图片元素
2026-03-11 19:25:24,562 - INFO - ✅ 提取到 5 个有效图片URL
2026-03-11 19:25:25,231 - INFO - 💾 已保存: output/meat/厚切猪肉脯/厚切猪肉脯_01.jpg (500x667)
2026-03-11 19:25:25,307 - INFO - 💾 已保存: output/meat/厚切猪肉脯/厚切猪肉脯_02.jpg (500x500)
2026-03-11 19:25:25,385 - INFO - 💾 已保存: output/meat/厚切猪肉脯/厚切猪肉脯_03.jpg (500x500)
2026-03-11 19:25:28,366 - INFO - 🔍 访问: https://image.baidu.com/search/index?tn=baiduimage&word=%E5%8E%9A%E5%88%87%E5%90...
2026-03-11 19:25:36,060 - INFO - 📸 找到 608 个图片元素
2026-03-11 19:25:36,089 - INFO - ✅ 提取到 5 个有效图片URL
2026-03-11 19:25:36,634 - INFO - 💾 已保存: output/pastry/厚切吐司/厚切吐司_01.jpg (800x1069)
2026-03-11 19:25:36,987 - INFO - 💾 已保存: output/pastry/厚切吐司/厚切吐司_02.jpg (800x1069)
2026-03-11 19:25:37,176 - INFO - 💾 已保存: output/pastry/厚切吐司/厚切吐司_03.jpg (800x1069)
2026-03-11 19:25:39,934 - INFO - 🔍 访问: https://image.baidu.com/search/index?tn=baiduimage&word=%E5%B7%B4%E6%97%A6%E6%9C...
2026-03-11 19:25:47,589 - INFO - 📸 找到 527 个图片元素
2026-03-11 19:25:47,614 - INFO - ✅ 提取到 5 个有效图片URL
2026-03-11 19:25:47,864 - INFO - 💾 已保存: output/nuts/巴旦木夹心奶枣/巴旦木夹心奶枣_01.jpg (824x800)
2026-03-11 19:25:47,968 - INFO - 💾 已保存: output/nuts/巴旦木夹心奶枣/巴旦木夹心奶枣_02.jpg (819x800)
2026-03-11 19:25:48,186 - INFO - 💾 已保存: output/nuts/巴旦木夹心奶枣/巴旦木夹心奶枣_03.jpg (824x800)
2026-03-11 19:25:51,560 - INFO - 🔍 访问: https://image.baidu.com/search/index?tn=baiduimage&word=%E8%8A%9D%E5%A3%AB%E5%A5...
2026-03-11 19:25:58,496 - INFO - 📸 找到 637 个图片元素
2026-03-11 19:25:58,528 - INFO - ✅ 提取到 5 个有效图片URL
2026-03-11 19:25:58,765 - INFO - 💾 已保存: output/nuts/芝士奶枣/芝士奶枣_01.jpg (500x500)
2026-03-11 19:25:58,953 - INFO - 💾 已保存: output/nuts/芝士奶枣/芝士奶枣_02.jpg (500x657)
2026-03-11 19:25:59,028 - INFO - 💾 已保存: output/nuts/芝士奶枣/芝士奶枣_03.jpg (500x500)
2026-03-11 19:26:01,999 - INFO - 🔍 访问: https://image.baidu.com/search/index?tn=baiduimage&word=%E6%8A%B9%E8%8C%B6%E5%A5...
2026-03-11 19:26:09,146 - INFO - 📸 找到 618 个图片元素
2026-03-11 19:26:09,176 - INFO - ✅ 提取到 5 个有效图片URL
2026-03-11 19:26:09,437 - INFO - 💾 已保存: output/nuts/抹茶奶枣/抹茶奶枣_01.jpg (380x380)
2026-03-11 19:26:09,513 - INFO - 💾 已保存: output/nuts/抹茶奶枣/抹茶奶枣_02.jpg (500x500)
2026-03-11 19:26:09,676 - INFO - 💾 已保存: output/nuts/抹茶奶枣/抹茶奶枣_03.jpg (500x500)
2026-03-11 19:26:11,873 - INFO - 🔍 访问: https://image.baidu.com/search/index?tn=baiduimage&word=%E5%8E%9F%E5%91%B3%E5%A5...
2026-03-11 19:26:18,915 - INFO - 📸 找到 637 个图片元素
2026-03-11 19:26:18,948 - INFO - ✅ 提取到 5 个有效图片URL

============================================================
🍿 冰山熔岩巧克力
============================================================

🔍 搜索: 冰山熔岩巧克力 零食
  [1] 下载: https://www.baidu.com/img/flexible/logo/pc/result@...
      ❌ 失败
  [2] 下载: https://img2.baidu.com/it/u=2577812848,3680990873&...
      ✅ 成功
  [3] 下载: https://img1.baidu.com/it/u=365963428,2445776357&f...
      ✅ 成功
  [4] 下载: https://img0.baidu.com/it/u=71439100,2539234878&fm...
      ✅ 成功

📥 共下载: 3 张

📦 进度: [16/95]

============================================================
🍿 爆浆曲奇
============================================================

🔍 搜索: 爆浆曲奇 零食
  [1] 下载: https://www.baidu.com/img/flexible/logo/pc/result@...
      ❌ 失败
  [2] 下载: https://img2.baidu.com/it/u=3753337209,231171645&f...
      ✅ 成功
  [3] 下载: https://img2.baidu.com/it/u=667064549,2615841071&f...
      ✅ 成功
  [4] 下载: https://img2.baidu.com/it/u=2694452760,929359024&f...
      ✅ 成功

📥 共下载: 3 张

📦 进度: [17/95]

============================================================
🍿 流心奶黄月饼
============================================================

🔍 搜索: 流心奶黄月饼 零食
  [1] 下载: https://www.baidu.com/img/flexible/logo/pc/result@...
      ❌ 失败
  [2] 下载: https://ns-strategy.cdn.bcebos.com/ns-strategy/upl...
      ✅ 成功
  [3] 下载: https://img1.baidu.com/it/u=2252272334,556705688&f...
      ✅ 成功
  [4] 下载: https://img0.baidu.com/it/u=2531814773,3738591307&...
      ✅ 成功

📥 共下载: 3 张

📦 进度: [18/95]

============================================================
🍿 爆浆软糖
============================================================

🔍 搜索: 爆浆软糖 零食
  [1] 下载: https://www.baidu.com/img/flexible/logo/pc/result@...
      ❌ 失败
  [2] 下载: https://img0.baidu.com/it/u=1323907440,2550626982&...
      ✅ 成功
  [3] 下载: https://img1.baidu.com/it/u=1957993990,3485864000&...
      ✅ 成功
  [4] 下载: https://img0.baidu.com/it/u=1843867699,1648916199&...
      ✅ 成功

📥 共下载: 3 张

📦 进度: [19/95]

============================================================
🍿 爆浆小丸子
============================================================

🔍 搜索: 爆浆小丸子 零食
  [1] 下载: https://www.baidu.com/img/flexible/logo/pc/result@...
      ❌ 失败
  [2] 下载: https://img2.baidu.com/it/u=3939880777,1276323596&...
      ✅ 成功
  [3] 下载: https://t14.baidu.com/it/u=3301022,38290471&fm=224...
      ✅ 成功
  [4] 下载: https://t13.baidu.com/it/u=1571334664,580400522&fm...
      ✅ 成功

📥 共下载: 3 张

📦 进度: [20/95]

============================================================
🍿 芝士爆浆鱼蛋
============================================================

🔍 搜索: 芝士爆浆鱼蛋 零食
  [1] 下载: https://www.baidu.com/img/flexible/logo/pc/result@...
      ❌ 失败
  [2] 下载: https://t15.baidu.com/it/u=2469181368,223993443&fm...
      ✅ 成功
  [3] 下载: https://t15.baidu.com/it/u=2683940983,1865262999&f...
      ✅ 成功
  [4] 下载: https://t13.baidu.com/it/u=4151873565,2330658607&f...
      ✅ 成功

📥 共下载: 3 张

📦 进度: [21/95]

============================================================
🍿 厚切炒酸奶块
============================================================

🔍 搜索: 厚切炒酸奶块 零食
  [1] 下载: https://www.baidu.com/img/flexible/logo/pc/result@...
      ❌ 失败
  [2] 下载: https://img0.baidu.com/it/u=436504438,2928139734&f...
      ✅ 成功
  [3] 下载: https://img2.baidu.com/it/u=4178908254,943317453&f...
      ✅ 成功
  [4] 下载: https://img0.baidu.com/it/u=1165720243,1780539439&...
      ✅ 成功

📥 共下载: 3 张

📦 进度: [22/95]

============================================================
🍿 厚切芒果干
============================================================

🔍 搜索: 厚切芒果干 零食
  [1] 下载: https://www.baidu.com/img/flexible/logo/pc/result@...
      ❌ 失败
  [2] 下载: https://img1.baidu.com/it/u=331840603,2701911407&f...
      ✅ 成功
  [3] 下载: https://img0.baidu.com/it/u=3861363813,1316985266&...
      ✅ 成功
  [4] 下载: https://img2.baidu.com/it/u=511635613,1100959354&f...
      ✅ 成功

📥 共下载: 3 张

📦 进度: [23/95]

============================================================
🍿 厚切牛肉干
============================================================

🔍 搜索: 厚切牛肉干 零食
  [1] 下载: https://www.baidu.com/img/flexible/logo/pc/result@...
      ❌ 失败
  [2] 下载: https://img2.baidu.com/it/u=2662261135,3644793205&...
      ✅ 成功
  [3] 下载: https://img1.baidu.com/it/u=2910279831,3690005524&...
      ✅ 成功
  [4] 下载: https://t15.baidu.com/it/u=3670480385,1987933280&f...
      ✅ 成功

📥 共下载: 3 张

📦 进度: [24/95]

============================================================
🍿 厚切猪肉脯
============================================================

🔍 搜索: 厚切猪肉脯 零食
  [1] 下载: https://www.baidu.com/img/flexible/logo/pc/result@...
      ❌ 失败
  [2] 下载: https://img2.baidu.com/it/u=1284741306,526957277&f...
      ✅ 成功
  [3] 下载: https://t13.baidu.com/it/u=3276202824,504910163&fm...
      ✅ 成功
  [4] 下载: https://t13.baidu.com/it/u=4112623173,10417565&fm=...
      ✅ 成功

📥 共下载: 3 张

📦 进度: [25/95]

============================================================
🍿 厚切吐司
============================================================

🔍 搜索: 厚切吐司 零食
  [1] 下载: https://www.baidu.com/img/flexible/logo/pc/result@...
      ❌ 失败
  [2] 下载: https://img0.baidu.com/it/u=1632852080,3793182023&...
      ✅ 成功
  [3] 下载: https://img0.baidu.com/it/u=986921213,87790491&fm=...
      ✅ 成功
  [4] 下载: https://img2.baidu.com/it/u=2581976022,718478146&f...
      ✅ 成功

📥 共下载: 3 张

📦 进度: [26/95]

============================================================
🍿 巴旦木夹心奶枣
============================================================

🔍 搜索: 巴旦木夹心奶枣 零食
  [1] 下载: https://www.baidu.com/img/flexible/logo/pc/result@...
      ❌ 失败
  [2] 下载: https://img0.baidu.com/it/u=267391736,1698252545&f...
      ✅ 成功
  [3] 下载: https://img2.baidu.com/it/u=384645171,2443901867&f...
      ✅ 成功
  [4] 下载: https://img1.baidu.com/it/u=3811309482,768591087&f...
      ✅ 成功

📥 共下载: 3 张

📦 进度: [27/95]

============================================================
🍿 芝士奶枣
============================================================

🔍 搜索: 芝士奶枣 零食
  [1] 下载: https://www.baidu.com/img/flexible/logo/pc/result@...
      ❌ 失败
  [2] 下载: https://t15.baidu.com/it/u=3062920995,4232992180&f...
      ✅ 成功
  [3] 下载: https://img2.baidu.com/it/u=4033163704,3129667565&...
      ✅ 成功
  [4] 下载: https://t13.baidu.com/it/u=3950294022,2592884762&f...
      ✅ 成功

📥 共下载: 3 张

📦 进度: [28/95]

============================================================
🍿 抹茶奶枣
============================================================

🔍 搜索: 抹茶奶枣 零食
  [1] 下载: https://www.baidu.com/img/flexible/logo/pc/result@...
      ❌ 失败
  [2] 下载: https://img2.baidu.com/it/u=3878767800,270552754&f...
      ✅ 成功
  [3] 下载: https://t13.baidu.com/it/u=1401068930,849122521&fm...
      ✅ 成功
  [4] 下载: https://t15.baidu.com/it/u=3847063091,1626777202&f...
      ✅ 成功

📥 共下载: 3 张

📦 进度: [29/95]

============================================================
🍿 原味奶枣
============================================================

🔍 搜索: 原味奶枣 零食
  [1] 下载: https://www.baidu.com/img/flexible/logo/pc/result@...
2026-03-11 19:26:19,193 - INFO - 💾 已保存: output/nuts/原味奶枣/原味奶枣_01.jpg (500x500)
2026-03-11 19:26:19,260 - INFO - 💾 已保存: output/nuts/原味奶枣/原味奶枣_02.jpg (500x500)
2026-03-11 19:26:19,440 - INFO - 💾 已保存: output/nuts/原味奶枣/原味奶枣_03.jpg (500x500)
2026-03-11 19:26:22,761 - INFO - 🔍 访问: https://image.baidu.com/search/index?tn=baiduimage&word=%E9%85%B8%E5%A5%B6%E5%B1...
2026-03-11 19:26:29,787 - INFO - 📸 找到 496 个图片元素
2026-03-11 19:26:29,819 - INFO - ✅ 提取到 5 个有效图片URL
2026-03-11 19:26:30,119 - INFO - 💾 已保存: output/nuts/酸奶山楂奶枣/酸奶山楂奶枣_01.jpg (475x475)
2026-03-11 19:26:30,219 - INFO - 💾 已保存: output/nuts/酸奶山楂奶枣/酸奶山楂奶枣_02.jpg (500x500)
2026-03-11 19:26:30,367 - INFO - 💾 已保存: output/nuts/酸奶山楂奶枣/酸奶山楂奶枣_03.jpg (500x660)
2026-03-11 19:26:32,426 - INFO - 🔍 访问: https://image.baidu.com/search/index?tn=baiduimage&word=%E5%92%96%E5%95%A1%E9%A5...
2026-03-11 19:26:39,604 - INFO - 📸 找到 607 个图片元素
2026-03-11 19:26:39,652 - INFO - ✅ 提取到 5 个有效图片URL
2026-03-11 19:26:39,919 - INFO - 💾 已保存: output/cookies/咖啡饼干/咖啡饼干_01.jpg (500x889)
2026-03-11 19:26:40,094 - INFO - 💾 已保存: output/cookies/咖啡饼干/咖啡饼干_02.jpg (500x500)
2026-03-11 19:26:40,168 - INFO - 💾 已保存: output/cookies/咖啡饼干/咖啡饼干_03.jpg (500x500)
2026-03-11 19:26:42,658 - INFO - 🔍 访问: https://image.baidu.com/search/index?tn=baiduimage&word=%E7%94%9F%E6%A4%B0%E6%8B...
2026-03-11 19:26:53,215 - INFO - 📸 找到 753 个图片元素
2026-03-11 19:26:53,243 - INFO - ✅ 提取到 5 个有效图片URL
2026-03-11 19:26:53,556 - INFO - 💾 已保存: output/cookies/生椰拿铁曲奇/生椰拿铁曲奇_01.jpg (500x500)
2026-03-11 19:26:53,917 - INFO - 💾 已保存: output/cookies/生椰拿铁曲奇/生椰拿铁曲奇_02.jpg (500x500)
2026-03-11 19:26:54,256 - INFO - 💾 已保存: output/cookies/生椰拿铁曲奇/生椰拿铁曲奇_03.jpg (500x500)
2026-03-11 19:26:57,374 - INFO - 🔍 访问: https://image.baidu.com/search/index?tn=baiduimage&word=%E6%8A%B9%E8%8C%B6%E6%8B...
2026-03-11 19:27:04,433 - INFO - 📸 找到 380 个图片元素
2026-03-11 19:27:04,459 - INFO - ✅ 提取到 5 个有效图片URL
2026-03-11 19:27:04,752 - INFO - 💾 已保存: output/cookies/抹茶拿铁威化/抹茶拿铁威化_01.jpg (500x500)
2026-03-11 19:27:04,880 - INFO - 💾 已保存: output/cookies/抹茶拿铁威化/抹茶拿铁威化_02.jpg (500x653)
2026-03-11 19:27:04,972 - INFO - 💾 已保存: output/cookies/抹茶拿铁威化/抹茶拿铁威化_03.jpg (500x653)
2026-03-11 19:27:07,464 - INFO - 🔍 访问: https://image.baidu.com/search/index?tn=baiduimage&word=%E7%99%BD%E6%A1%83%E4%B9...
2026-03-11 19:27:14,867 - INFO - 📸 找到 574 个图片元素
2026-03-11 19:27:14,897 - INFO - ✅ 提取到 5 个有效图片URL
2026-03-11 19:27:15,217 - INFO - 💾 已保存: output/tea/白桃乌龙茶包/白桃乌龙茶包_01.jpg (536x500)
2026-03-11 19:27:15,300 - INFO - 💾 已保存: output/tea/白桃乌龙茶包/白桃乌龙茶包_02.jpg (515x500)
2026-03-11 19:27:15,386 - INFO - 💾 已保存: output/tea/白桃乌龙茶包/白桃乌龙茶包_03.jpg (515x500)
2026-03-11 19:27:17,431 - INFO - 🔍 访问: https://image.baidu.com/search/index?tn=baiduimage&word=%E6%A1%82%E8%8A%B1%E4%B9...
2026-03-11 19:27:23,506 - INFO - 📸 找到 632 个图片元素
2026-03-11 19:27:23,537 - INFO - ✅ 提取到 5 个有效图片URL
2026-03-11 19:27:23,918 - INFO - 💾 已保存: output/tea/桂花乌龙茶/桂花乌龙茶_01.jpg (500x666)
2026-03-11 19:27:24,115 - INFO - 💾 已保存: output/tea/桂花乌龙茶/桂花乌龙茶_02.jpg (500x666)
2026-03-11 19:27:24,218 - INFO - 💾 已保存: output/tea/桂花乌龙茶/桂花乌龙茶_03.jpg (500x666)
2026-03-11 19:27:26,230 - INFO - 🔍 访问: https://image.baidu.com/search/index?tn=baiduimage&word=%E9%B8%A1%E8%83%B8%E8%82...
2026-03-11 19:27:33,393 - INFO - 📸 找到 579 个图片元素
2026-03-11 19:27:33,427 - INFO - ✅ 提取到 5 个有效图片URL
2026-03-11 19:27:33,653 - INFO - 💾 已保存: output/meat/鸡胸肉肠/鸡胸肉肠_01.jpg (500x500)
2026-03-11 19:27:33,731 - INFO - 💾 已保存: output/meat/鸡胸肉肠/鸡胸肉肠_02.jpg (500x500)
2026-03-11 19:27:33,804 - INFO - 💾 已保存: output/meat/鸡胸肉肠/鸡胸肉肠_03.jpg (500x500)
2026-03-11 19:27:36,622 - INFO - 🔍 访问: https://image.baidu.com/search/index?tn=baiduimage&word=0%E7%B3%96%E5%A5%A5%E5%8...
2026-03-11 19:27:44,198 - INFO - 📸 找到 679 个图片元素
2026-03-11 19:27:44,229 - INFO - ✅ 提取到 5 个有效图片URL
2026-03-11 19:27:44,744 - INFO - 💾 已保存: output/cookies/0糖奥利奥/0糖奥利奥_01.jpg (500x667)
2026-03-11 19:27:44,858 - INFO - 💾 已保存: output/cookies/0糖奥利奥/0糖奥利奥_02.jpg (500x667)
2026-03-11 19:27:44,952 - INFO - 💾 已保存: output/cookies/0糖奥利奥/0糖奥利奥_03.jpg (500x667)
2026-03-11 19:27:47,732 - INFO - 🔍 访问: https://image.baidu.com/search/index?tn=baiduimage&word=%E5%85%A8%E9%BA%A6%E6%AC...
2026-03-11 19:27:53,890 - INFO - 📸 找到 541 个图片元素
2026-03-11 19:27:53,919 - INFO - ✅ 提取到 5 个有效图片URL
2026-03-11 19:27:54,338 - INFO - 💾 已保存: output/pastry/全麦欧包/全麦欧包_01.jpg (800x1067)
2026-03-11 19:27:54,410 - INFO - 💾 已保存: output/pastry/全麦欧包/全麦欧包_02.jpg (500x500)
2026-03-11 19:27:54,728 - INFO - 💾 已保存: output/pastry/全麦欧包/全麦欧包_03.jpg (750x500)
2026-03-11 19:27:57,749 - INFO - 🔍 访问: https://image.baidu.com/search/index?tn=baiduimage&word=%E9%AD%94%E8%8A%8B%E7%88...
2026-03-11 19:28:04,330 - INFO - 📸 找到 582 个图片元素
2026-03-11 19:28:04,360 - INFO - ✅ 提取到 5 个有效图片URL
2026-03-11 19:28:04,640 - INFO - 💾 已保存: output/spicy_strips/魔芋爽素毛肚/魔芋爽素毛肚_01.jpg (500x643)
2026-03-11 19:28:04,761 - INFO - 💾 已保存: output/spicy_strips/魔芋爽素毛肚/魔芋爽素毛肚_02.jpg (500x641)
2026-03-11 19:28:04,881 - INFO - 💾 已保存: output/spicy_strips/魔芋爽素毛肚/魔芋爽素毛肚_03.jpg (500x643)
2026-03-11 19:28:07,128 - INFO - 🔍 访问: https://image.baidu.com/search/index?tn=baiduimage&word=%E6%97%A0%E7%B3%96%E9%85...
2026-03-11 19:28:14,385 - INFO - 📸 找到 824 个图片元素
2026-03-11 19:28:14,410 - INFO - ✅ 提取到 5 个有效图片URL
2026-03-11 19:28:15,718 - INFO - 💾 已保存: output/dairy/无糖酸奶/无糖酸奶_01.jpg (500x667)
2026-03-11 19:28:15,810 - INFO - 💾 已保存: output/dairy/无糖酸奶/无糖酸奶_02.jpg (500x667)
2026-03-11 19:28:15,900 - INFO - 💾 已保存: output/dairy/无糖酸奶/无糖酸奶_03.jpg (500x667)
2026-03-11 19:28:18,121 - INFO - 🔍 访问: https://image.baidu.com/search/index?tn=baiduimage&word=%E7%99%BD%E8%89%B2%E6%81...
2026-03-11 19:28:24,835 - INFO - 📸 找到 606 个图片元素
2026-03-11 19:28:24,863 - INFO - ✅ 提取到 5 个有效图片URL
2026-03-11 19:28:25,162 - INFO - 💾 已保存: output/cookies/白色恋人饼干/白色恋人饼干_01.jpg (514x500)
2026-03-11 19:28:25,262 - INFO - 💾 已保存: output/cookies/白色恋人饼干/白色恋人饼干_02.jpg (514x500)
2026-03-11 19:28:25,358 - INFO - 💾 已保存: output/cookies/白色恋人饼干/白色恋人饼干_03.jpg (514x500)
2026-03-11 19:28:29,303 - INFO - 🔍 访问: https://image.baidu.com/search/index?tn=baiduimage&word=%E8%96%AF%E6%9D%A1%E4%B8...
2026-03-11 19:28:35,833 - INFO - 📸 找到 503 个图片元素
2026-03-11 19:28:35,863 - INFO - ✅ 提取到 5 个有效图片URL
2026-03-11 19:28:36,110 - INFO - 💾 已保存: output/puffed/薯条三兄弟/薯条三兄弟_01.jpg (500x500)
2026-03-11 19:28:36,184 - INFO - 💾 已保存: output/puffed/薯条三兄弟/薯条三兄弟_02.jpg (500x500)
2026-03-11 19:28:36,259 - INFO - 💾 已保存: output/puffed/薯条三兄弟/薯条三兄弟_03.jpg (500x500)
2026-03-11 19:28:38,835 - INFO - 🔍 访问: https://image.baidu.com/search/index?tn=baiduimage&word=%E7%99%BD%E8%89%B2%E5%B7...
2026-03-11 19:28:45,287 - INFO - 📸 找到 663 个图片元素
2026-03-11 19:28:45,313 - INFO - ✅ 提取到 5 个有效图片URL
2026-03-11 19:28:45,565 - INFO - 💾 已保存: output/chocolate/白色巧克力草莓/白色巧克力草莓_01.jpg (500x500)
      ❌ 失败
  [2] 下载: https://t13.baidu.com/it/u=579306851,1513436195&fm...
      ✅ 成功
  [3] 下载: https://t14.baidu.com/it/u=2410330965,2696210485&f...
      ✅ 成功
  [4] 下载: https://t13.baidu.com/it/u=1917993685,3430262325&f...
      ❌ 失败
  [5] 下载: https://t13.baidu.com/it/u=1224337568,2477506614&f...
      ✅ 成功

📥 共下载: 3 张

📦 进度: [30/95]

============================================================
🍿 酸奶山楂奶枣
============================================================

🔍 搜索: 酸奶山楂奶枣 零食
  [1] 下载: https://www.baidu.com/img/flexible/logo/pc/result@...
      ❌ 失败
  [2] 下载: https://img0.baidu.com/it/u=3508769369,2332218331&...
      ✅ 成功
  [3] 下载: https://t15.baidu.com/it/u=2021094674,3832974258&f...
      ✅ 成功
  [4] 下载: https://img1.baidu.com/it/u=3160850034,3497161325&...
      ✅ 成功

📥 共下载: 3 张

📦 进度: [31/95]

============================================================
🍿 咖啡饼干
============================================================

🔍 搜索: 咖啡饼干 零食
  [1] 下载: https://www.baidu.com/img/flexible/logo/pc/result@...
      ❌ 失败
  [2] 下载: https://img0.baidu.com/it/u=237372293,238996071&fm...
      ✅ 成功
  [3] 下载: https://t13.baidu.com/it/u=1180174715,1614933232&f...
      ✅ 成功
  [4] 下载: https://t13.baidu.com/it/u=1025532579,3861405583&f...
      ✅ 成功

📥 共下载: 3 张

📦 进度: [32/95]

============================================================
🍿 生椰拿铁曲奇
============================================================

🔍 搜索: 生椰拿铁曲奇 零食
  [1] 下载: https://www.baidu.com/img/flexible/logo/pc/result@...
      ❌ 失败
  [2] 下载: https://t13.baidu.com/it/u=987040631,918990723&fm=...
      ✅ 成功
  [3] 下载: https://t15.baidu.com/it/u=2747508606,2512666292&f...
      ✅ 成功
  [4] 下载: https://t15.baidu.com/it/u=1899636463,3025173717&f...
      ✅ 成功

📥 共下载: 3 张

📦 进度: [33/95]

============================================================
🍿 抹茶拿铁威化
============================================================

🔍 搜索: 抹茶拿铁威化 零食
  [1] 下载: https://www.baidu.com/img/flexible/logo/pc/result@...
      ❌ 失败
  [2] 下载: https://img1.baidu.com/it/u=2278400038,3554854957&...
      ✅ 成功
  [3] 下载: https://img2.baidu.com/it/u=1799440086,2855827803&...
      ✅ 成功
  [4] 下载: https://img2.baidu.com/it/u=2442489411,3251941147&...
      ✅ 成功

📥 共下载: 3 张

📦 进度: [34/95]

============================================================
🍿 白桃乌龙茶包
============================================================

🔍 搜索: 白桃乌龙茶包 零食
  [1] 下载: https://www.baidu.com/img/flexible/logo/pc/result@...
      ❌ 失败
  [2] 下载: https://img0.baidu.com/it/u=2810076436,4232057871&...
      ✅ 成功
  [3] 下载: https://img2.baidu.com/it/u=606311947,1423086727&f...
      ✅ 成功
  [4] 下载: https://img1.baidu.com/it/u=755328024,3810364447&f...
      ✅ 成功

📥 共下载: 3 张

📦 进度: [35/95]

============================================================
🍿 桂花乌龙茶
============================================================

🔍 搜索: 桂花乌龙茶 零食
  [1] 下载: https://www.baidu.com/img/flexible/logo/pc/result@...
      ❌ 失败
  [2] 下载: https://img1.baidu.com/it/u=2870004953,2857669029&...
      ✅ 成功
  [3] 下载: https://img1.baidu.com/it/u=3036649883,767068463&f...
      ✅ 成功
  [4] 下载: https://img1.baidu.com/it/u=1367686943,432467062&f...
      ✅ 成功

📥 共下载: 3 张

📦 进度: [36/95]

============================================================
🍿 鸡胸肉肠
============================================================

🔍 搜索: 鸡胸肉肠 零食
  [1] 下载: https://www.baidu.com/img/flexible/logo/pc/result@...
      ❌ 失败
  [2] 下载: https://t14.baidu.com/it/u=3259019059,1085203484&f...
      ✅ 成功
  [3] 下载: https://t13.baidu.com/it/u=3313874521,1273778303&f...
      ✅ 成功
  [4] 下载: https://t15.baidu.com/it/u=1955391633,2172288598&f...
      ✅ 成功

📥 共下载: 3 张

📦 进度: [37/95]

============================================================
🍿 0糖奥利奥
============================================================

🔍 搜索: 0糖奥利奥 零食
  [1] 下载: https://www.baidu.com/img/flexible/logo/pc/result@...
      ❌ 失败
  [2] 下载: https://img1.baidu.com/it/u=3367471845,405914018&f...
      ✅ 成功
  [3] 下载: https://img1.baidu.com/it/u=3066076883,1356009281&...
      ✅ 成功
  [4] 下载: https://img1.baidu.com/it/u=3012602743,1751778130&...
      ✅ 成功

📥 共下载: 3 张

📦 进度: [38/95]

============================================================
🍿 全麦欧包
============================================================

🔍 搜索: 全麦欧包 零食
  [1] 下载: https://www.baidu.com/img/flexible/logo/pc/result@...
      ❌ 失败
  [2] 下载: https://img0.baidu.com/it/u=1089268824,1353877911&...
      ✅ 成功
  [3] 下载: https://t15.baidu.com/it/u=508980888,3187304165&fm...
      ✅ 成功
  [4] 下载: https://img0.baidu.com/it/u=2116855206,3874667071&...
      ✅ 成功

📥 共下载: 3 张

📦 进度: [39/95]

============================================================
🍿 魔芋爽素毛肚
============================================================

🔍 搜索: 魔芋爽素毛肚 零食
  [1] 下载: https://www.baidu.com/img/flexible/logo/pc/result@...
      ❌ 失败
  [2] 下载: https://img2.baidu.com/it/u=1027160958,1320623768&...
      ✅ 成功
  [3] 下载: https://img1.baidu.com/it/u=27570456,2414015574&fm...
      ✅ 成功
  [4] 下载: https://img1.baidu.com/it/u=1679197089,1364165235&...
      ✅ 成功

📥 共下载: 3 张

📦 进度: [40/95]

============================================================
🍿 无糖酸奶
============================================================

🔍 搜索: 无糖酸奶 零食
  [1] 下载: https://www.baidu.com/img/flexible/logo/pc/result@...
      ❌ 失败
  [2] 下载: https://img0.baidu.com/it/u=726745990,2114714839&f...
      ✅ 成功
  [3] 下载: https://img2.baidu.com/it/u=314764021,2061077239&f...
      ✅ 成功
  [4] 下载: https://img0.baidu.com/it/u=3742813531,893575380&f...
      ✅ 成功

📥 共下载: 3 张

📦 进度: [41/95]

============================================================
🍿 白色恋人饼干
============================================================

🔍 搜索: 白色恋人饼干 零食
  [1] 下载: https://www.baidu.com/img/flexible/logo/pc/result@...
      ❌ 失败
  [2] 下载: https://img1.baidu.com/it/u=1544105873,292769023&f...
      ✅ 成功
  [3] 下载: https://img2.baidu.com/it/u=2791444593,862590197&f...
      ✅ 成功
  [4] 下载: https://img2.baidu.com/it/u=1465935261,3246599525&...
      ✅ 成功

📥 共下载: 3 张

📦 进度: [42/95]

============================================================
🍿 薯条三兄弟
============================================================

🔍 搜索: 薯条三兄弟 零食
  [1] 下载: https://www.baidu.com/img/flexible/logo/pc/result@...
      ❌ 失败
  [2] 下载: https://t13.baidu.com/it/u=1897059329,2080237116&f...
      ✅ 成功
  [3] 下载: https://t13.baidu.com/it/u=3284157833,2237934414&f...
      ✅ 成功
  [4] 下载: https://t15.baidu.com/it/u=2387780497,3349716413&f...
      ✅ 成功

📥 共下载: 3 张

📦 进度: [43/95]

============================================================
🍿 白色巧克力草莓
============================================================

🔍 搜索: 白色巧克力草莓 零食
  [1] 下载: https://www.baidu.com/img/flexible/logo/pc/result@...
      ❌ 失败
  [2] 下载: https://img2.baidu.com/it/u=2216365378,1170701045&...
      ✅ 成功
2026-03-11 19:28:45,652 - INFO - 💾 已保存: output/chocolate/白色巧克力草莓/白色巧克力草莓_02.jpg (500x500)
2026-03-11 19:28:45,742 - INFO - 💾 已保存: output/chocolate/白色巧克力草莓/白色巧克力草莓_03.jpg (500x500)
2026-03-11 19:28:47,965 - INFO - 🔍 访问: https://image.baidu.com/search/index?tn=baiduimage&word=%E8%9C%82%E8%9C%9C%E9%BB...
2026-03-11 19:28:55,375 - INFO - 📸 找到 521 个图片元素
2026-03-11 19:28:55,409 - INFO - ✅ 提取到 5 个有效图片URL
2026-03-11 19:28:55,768 - INFO - 💾 已保存: output/nuts/蜂蜜黄油杏仁/蜂蜜黄油杏仁_01.jpg (500x500)
2026-03-11 19:28:55,941 - INFO - 💾 已保存: output/nuts/蜂蜜黄油杏仁/蜂蜜黄油杏仁_02.jpg (500x500)
2026-03-11 19:28:56,027 - INFO - 💾 已保存: output/nuts/蜂蜜黄油杏仁/蜂蜜黄油杏仁_03.jpg (498x500)
2026-03-11 19:28:58,754 - INFO - 🔍 访问: https://image.baidu.com/search/index?tn=baiduimage&word=%E9%A6%99%E8%95%89%E7%89...
2026-03-11 19:29:06,255 - INFO - 📸 找到 681 个图片元素
2026-03-11 19:29:06,286 - INFO - ✅ 提取到 5 个有效图片URL
2026-03-11 19:29:06,517 - INFO - 💾 已保存: output/beverage/香蕉牛奶/香蕉牛奶_01.jpg (500x500)
2026-03-11 19:29:06,646 - INFO - 💾 已保存: output/beverage/香蕉牛奶/香蕉牛奶_02.jpg (800x1065)
2026-03-11 19:29:06,780 - INFO - 💾 已保存: output/beverage/香蕉牛奶/香蕉牛奶_03.jpg (800x1064)
2026-03-11 19:29:09,583 - INFO - 🔍 访问: https://image.baidu.com/search/index?tn=baiduimage&word=%E8%9E%BA%E8%9B%B3%E7%B2...
2026-03-11 19:29:17,490 - INFO - 📸 找到 615 个图片元素
2026-03-11 19:29:17,520 - INFO - ✅ 提取到 5 个有效图片URL
2026-03-11 19:29:17,901 - INFO - 💾 已保存: output/instant_noodle/螺蛳粉/螺蛳粉_01.jpg (800x800)
2026-03-11 19:29:18,095 - INFO - 💾 已保存: output/instant_noodle/螺蛳粉/螺蛳粉_02.jpg (800x800)
2026-03-11 19:29:18,257 - INFO - 💾 已保存: output/instant_noodle/螺蛳粉/螺蛳粉_03.jpg (800x800)
2026-03-11 19:29:20,546 - INFO - 🔍 访问: https://image.baidu.com/search/index?tn=baiduimage&word=%E8%87%AA%E7%83%AD%E7%81...
2026-03-11 19:29:27,492 - INFO - 📸 找到 589 个图片元素
2026-03-11 19:29:27,518 - INFO - ✅ 提取到 5 个有效图片URL
2026-03-11 19:29:27,879 - INFO - 💾 已保存: output/self_heating/自热火锅/自热火锅_01.jpg (500x774)
2026-03-11 19:29:27,964 - INFO - 💾 已保存: output/self_heating/自热火锅/自热火锅_02.jpg (500x500)
2026-03-11 19:29:28,047 - INFO - 💾 已保存: output/self_heating/自热火锅/自热火锅_03.jpg (500x500)
2026-03-11 19:29:31,499 - INFO - 🔍 访问: https://image.baidu.com/search/index?tn=baiduimage&word=%E8%87%AA%E7%83%AD%E7%B1...
2026-03-11 19:29:38,727 - INFO - 📸 找到 581 个图片元素
2026-03-11 19:29:38,757 - INFO - ✅ 提取到 5 个有效图片URL
2026-03-11 19:29:39,075 - INFO - 💾 已保存: output/self_heating/自热米饭/自热米饭_01.jpg (500x647)
2026-03-11 19:29:41,271 - INFO - 💾 已保存: output/self_heating/自热米饭/自热米饭_02.jpg (500x647)
2026-03-11 19:29:41,478 - INFO - 💾 已保存: output/self_heating/自热米饭/自热米饭_03.jpg (500x647)
2026-03-11 19:29:44,243 - INFO - 🔍 访问: https://image.baidu.com/search/index?tn=baiduimage&word=%E6%A6%B4%E8%8E%B2%E5%8D...
2026-03-11 19:29:50,376 - INFO - 📸 找到 593 个图片元素
2026-03-11 19:29:50,414 - INFO - ✅ 提取到 5 个有效图片URL
2026-03-11 19:29:50,607 - INFO - 💾 已保存: output/pastry/榴莲千层/榴莲千层_01.jpg (1036x584)
2026-03-11 19:29:50,733 - INFO - 💾 已保存: output/pastry/榴莲千层/榴莲千层_02.jpg (667x500)
2026-03-11 19:29:50,953 - INFO - 💾 已保存: output/pastry/榴莲千层/榴莲千层_03.jpg (800x1067)
2026-03-11 19:29:53,839 - INFO - 🔍 访问: https://image.baidu.com/search/index?tn=baiduimage&word=%E5%8D%8A%E7%86%9F%E8%8A...
2026-03-11 19:30:00,890 - INFO - 📸 找到 585 个图片元素
2026-03-11 19:30:00,936 - INFO - ✅ 提取到 5 个有效图片URL
2026-03-11 19:30:01,129 - INFO - 💾 已保存: output/pastry/半熟芝士/半熟芝士_01.jpg (750x500)
2026-03-11 19:30:01,240 - INFO - 💾 已保存: output/pastry/半熟芝士/半熟芝士_02.jpg (800x941)
2026-03-11 19:30:01,418 - INFO - 💾 已保存: output/pastry/半熟芝士/半熟芝士_03.jpg (800x961)
2026-03-11 19:30:04,993 - INFO - 🔍 访问: https://image.baidu.com/search/index?tn=baiduimage&word=%E7%86%94%E5%B2%A9%E8%8A...
2026-03-11 19:30:12,435 - INFO - 📸 找到 705 个图片元素
2026-03-11 19:30:12,470 - INFO - ✅ 提取到 5 个有效图片URL
2026-03-11 19:30:12,701 - INFO - 💾 已保存: output/pastry/熔岩芝士蛋糕/熔岩芝士蛋糕_01.jpg (1036x584)
2026-03-11 19:30:12,782 - INFO - 💾 已保存: output/pastry/熔岩芝士蛋糕/熔岩芝士蛋糕_02.jpg (1036x584)
2026-03-11 19:30:12,952 - INFO - 💾 已保存: output/pastry/熔岩芝士蛋糕/熔岩芝士蛋糕_03.jpg (1036x584)
2026-03-11 19:30:16,226 - INFO - 🔍 访问: https://image.baidu.com/search/index?tn=baiduimage&word=%E5%86%B0%E5%B1%B1%E7%86...
2026-03-11 19:30:23,573 - INFO - 📸 找到 651 个图片元素
2026-03-11 19:30:23,602 - INFO - ✅ 提取到 5 个有效图片URL
2026-03-11 19:30:23,824 - INFO - 💾 已保存: output/chocolate/冰山熔岩/冰山熔岩_01.jpg (500x500)
2026-03-11 19:30:24,025 - INFO - 💾 已保存: output/chocolate/冰山熔岩/冰山熔岩_02.jpg (500x500)
2026-03-11 19:30:24,098 - INFO - 💾 已保存: output/chocolate/冰山熔岩/冰山熔岩_03.jpg (500x500)
2026-03-11 19:30:27,784 - INFO - 🔍 访问: https://image.baidu.com/search/index?tn=baiduimage&word=%E7%A9%BA%E6%B0%94%E5%B7...
2026-03-11 19:30:35,372 - INFO - 📸 找到 609 个图片元素
2026-03-11 19:30:35,398 - INFO - ✅ 提取到 5 个有效图片URL
2026-03-11 19:30:35,885 - INFO - 💾 已保存: output/chocolate/空气巧克力/空气巧克力_01.jpg (800x1069)
2026-03-11 19:30:36,110 - INFO - 💾 已保存: output/chocolate/空气巧克力/空气巧克力_02.jpg (800x1069)
2026-03-11 19:30:36,243 - INFO - 💾 已保存: output/chocolate/空气巧克力/空气巧克力_03.jpg (800x1069)
2026-03-11 19:30:40,189 - INFO - 🔍 访问: https://image.baidu.com/search/index?tn=baiduimage&word=%E8%92%B2%E5%85%AC%E8%8B...
2026-03-11 19:30:47,197 - INFO - 📸 找到 527 个图片元素
2026-03-11 19:30:47,239 - INFO - ✅ 提取到 5 个有效图片URL
2026-03-11 19:30:47,667 - INFO - 💾 已保存: output/chocolate/蒲公英巧克力/蒲公英巧克力_01.jpg (667x500)
2026-03-11 19:30:47,853 - INFO - 💾 已保存: output/chocolate/蒲公英巧克力/蒲公英巧克力_02.jpg (500x955)
2026-03-11 19:30:47,932 - INFO - 💾 已保存: output/chocolate/蒲公英巧克力/蒲公英巧克力_03.jpg (500x500)
2026-03-11 19:30:51,742 - INFO - 🔍 访问: https://image.baidu.com/search/index?tn=baiduimage&word=%E9%BB%84%E6%B2%B9%E5%95...
2026-03-11 19:30:59,474 - INFO - 📸 找到 666 个图片元素
2026-03-11 19:30:59,516 - INFO - ✅ 提取到 5 个有效图片URL
2026-03-11 19:31:00,312 - INFO - 💾 已保存: output/beverage/黄油啤酒/黄油啤酒_01.jpg (500x500)
2026-03-11 19:31:00,449 - INFO - 💾 已保存: output/beverage/黄油啤酒/黄油啤酒_02.jpg (500x500)
2026-03-11 19:31:00,649 - INFO - 💾 已保存: output/beverage/黄油啤酒/黄油啤酒_03.jpg (500x500)
2026-03-11 19:31:04,110 - INFO - 🔍 访问: https://image.baidu.com/search/index?tn=baiduimage&word=%E8%84%8F%E8%84%8F%E5%8C...
2026-03-11 19:31:11,556 - INFO - 📸 找到 561 个图片元素
2026-03-11 19:31:11,585 - INFO - ✅ 提取到 5 个有效图片URL
2026-03-11 19:31:11,850 - INFO - 💾 已保存: output/pastry/脏脏包/脏脏包_01.jpg (500x667)
2026-03-11 19:31:11,924 - INFO - 💾 已保存: output/pastry/脏脏包/脏脏包_02.jpg (581x500)
2026-03-11 19:31:12,008 - INFO - 💾 已保存: output/pastry/脏脏包/脏脏包_03.jpg (500x572)
2026-03-11 19:31:14,216 - INFO - 🔍 访问: https://image.baidu.com/search/index?tn=baiduimage&word=%E5%92%B8%E8%9B%8B%E9%BB...
2026-03-11 19:31:21,746 - INFO - 📸 找到 587 个图片元素
2026-03-11 19:31:21,773 - INFO - ✅ 提取到 5 个有效图片URL
2026-03-11 19:31:21,989 - INFO - 💾 已保存: output/pastry/咸蛋黄肉松青团/咸蛋黄肉松青团_01.jpg (667x500)
2026-03-11 19:31:22,143 - INFO - 💾 已保存: output/pastry/咸蛋黄肉松青团/咸蛋黄肉松青团_02.jpg (500x625)
2026-03-11 19:31:22,300 - INFO - 💾 已保存: output/pastry/咸蛋黄肉松青团/咸蛋黄肉松青团_03.jpg (750x500)
  [3] 下载: https://img2.baidu.com/it/u=1610592686,1959690612&...
      ✅ 成功
  [4] 下载: https://img2.baidu.com/it/u=792513982,538204917&fm...
      ✅ 成功

📥 共下载: 3 张

📦 进度: [44/95]

============================================================
🍿 蜂蜜黄油杏仁
============================================================

🔍 搜索: 蜂蜜黄油杏仁 零食
  [1] 下载: https://www.baidu.com/img/flexible/logo/pc/result@...
      ❌ 失败
  [2] 下载: https://img1.baidu.com/it/u=1535565828,2822243054&...
      ✅ 成功
  [3] 下载: https://t14.baidu.com/it/u=3373612550,2132309286&f...
      ✅ 成功
  [4] 下载: https://t15.baidu.com/it/u=2790353781,1122140703&f...
      ✅ 成功

📥 共下载: 3 张

📦 进度: [45/95]

============================================================
🍿 香蕉牛奶
============================================================

🔍 搜索: 香蕉牛奶 零食
  [1] 下载: https://www.baidu.com/img/flexible/logo/pc/result@...
      ❌ 失败
  [2] 下载: https://t15.baidu.com/it/u=218486602,1656241598&fm...
      ✅ 成功
  [3] 下载: https://img2.baidu.com/it/u=3660580787,3997379797&...
      ✅ 成功
  [4] 下载: https://img1.baidu.com/it/u=433414282,30418252&fm=...
      ✅ 成功

📥 共下载: 3 张

📦 进度: [46/95]

============================================================
🍿 螺蛳粉
============================================================

🔍 搜索: 螺蛳粉 零食
  [1] 下载: https://www.baidu.com/img/flexible/logo/pc/result@...
      ❌ 失败
  [2] 下载: https://img1.baidu.com/it/u=2661532971,343651397&f...
      ✅ 成功
  [3] 下载: https://img0.baidu.com/it/u=911565791,3557426177&f...
      ✅ 成功
  [4] 下载: https://img0.baidu.com/it/u=1472811842,1222668730&...
      ✅ 成功

📥 共下载: 3 张

📦 进度: [47/95]

============================================================
🍿 自热火锅
============================================================

🔍 搜索: 自热火锅 零食
  [1] 下载: https://www.baidu.com/img/flexible/logo/pc/result@...
      ❌ 失败
  [2] 下载: https://img1.baidu.com/it/u=4223755971,1598615323&...
      ✅ 成功
  [3] 下载: https://t13.baidu.com/it/u=4073525375,2526188519&f...
      ✅ 成功
  [4] 下载: https://t13.baidu.com/it/u=4009188918,1216331968&f...
      ✅ 成功

📥 共下载: 3 张

📦 进度: [48/95]

============================================================
🍿 自热米饭
============================================================

🔍 搜索: 自热米饭 零食
  [1] 下载: https://www.baidu.com/img/flexible/logo/pc/result@...
      ❌ 失败
  [2] 下载: https://img0.baidu.com/it/u=824839709,2037265175&f...
      ✅ 成功
  [3] 下载: https://img2.baidu.com/it/u=2417100947,1504026618&...
      ✅ 成功
  [4] 下载: https://img2.baidu.com/it/u=1956661498,1283161355&...
      ✅ 成功

📥 共下载: 3 张

📦 进度: [49/95]

============================================================
🍿 榴莲千层
============================================================

🔍 搜索: 榴莲千层 零食
  [1] 下载: https://www.baidu.com/img/flexible/logo/pc/result@...
      ❌ 失败
  [2] 下载: https://ns-strategy.cdn.bcebos.com/ns-strategy/upl...
      ✅ 成功
  [3] 下载: https://img1.baidu.com/it/u=1244245337,2722768276&...
      ✅ 成功
  [4] 下载: https://img1.baidu.com/it/u=1547697100,2561680206&...
      ✅ 成功

📥 共下载: 3 张

📦 进度: [50/95]

============================================================
🍿 半熟芝士
============================================================

🔍 搜索: 半熟芝士 零食
  [1] 下载: https://www.baidu.com/img/flexible/logo/pc/result@...
      ❌ 失败
  [2] 下载: https://img2.baidu.com/it/u=3526395261,1527465462&...
      ✅ 成功
  [3] 下载: https://img0.baidu.com/it/u=123194889,2688231220&f...
      ✅ 成功
  [4] 下载: https://img0.baidu.com/it/u=3261555898,2885743677&...
      ✅ 成功

📥 共下载: 3 张

📦 进度: [51/95]

============================================================
🍿 熔岩芝士蛋糕
============================================================

🔍 搜索: 熔岩芝士蛋糕 零食
  [1] 下载: https://www.baidu.com/img/flexible/logo/pc/result@...
      ❌ 失败
  [2] 下载: https://ns-strategy.cdn.bcebos.com/ns-strategy/upl...
      ✅ 成功
  [3] 下载: https://ns-strategy.cdn.bcebos.com/ns-strategy/upl...
      ✅ 成功
  [4] 下载: https://ns-strategy.cdn.bcebos.com/ns-strategy/upl...
      ✅ 成功

📥 共下载: 3 张

📦 进度: [52/95]

============================================================
🍿 冰山熔岩
============================================================

🔍 搜索: 冰山熔岩 零食
  [1] 下载: https://www.baidu.com/img/flexible/logo/pc/result@...
      ❌ 失败
  [2] 下载: https://t15.baidu.com/it/u=1960706345,1531332527&f...
      ✅ 成功
  [3] 下载: https://t13.baidu.com/it/u=4243578055,3875345066&f...
      ✅ 成功
  [4] 下载: https://t15.baidu.com/it/u=191884569,1970734015&fm...
      ✅ 成功

📥 共下载: 3 张

📦 进度: [53/95]

============================================================
🍿 空气巧克力
============================================================

🔍 搜索: 空气巧克力 零食
  [1] 下载: https://www.baidu.com/img/flexible/logo/pc/result@...
      ❌ 失败
  [2] 下载: https://img2.baidu.com/it/u=2979782883,220025538&f...
      ✅ 成功
  [3] 下载: https://img1.baidu.com/it/u=1839238967,344563152&f...
      ✅ 成功
  [4] 下载: https://img2.baidu.com/it/u=3017120772,3894225971&...
      ✅ 成功

📥 共下载: 3 张

📦 进度: [54/95]

============================================================
🍿 蒲公英巧克力
============================================================

🔍 搜索: 蒲公英巧克力 零食
  [1] 下载: https://www.baidu.com/img/flexible/logo/pc/result@...
      ❌ 失败
  [2] 下载: https://img2.baidu.com/it/u=181063759,2000141416&f...
      ✅ 成功
  [3] 下载: https://img0.baidu.com/it/u=2929860635,1878811215&...
      ✅ 成功
  [4] 下载: https://t13.baidu.com/it/u=4267537495,1382617320&f...
      ✅ 成功

📥 共下载: 3 张

📦 进度: [55/95]

============================================================
🍿 黄油啤酒
============================================================

🔍 搜索: 黄油啤酒 零食
  [1] 下载: https://www.baidu.com/img/flexible/logo/pc/result@...
      ❌ 失败
  [2] 下载: https://img0.baidu.com/it/u=3409655824,3699751878&...
      ✅ 成功
  [3] 下载: https://img1.baidu.com/it/u=2844619380,2271957072&...
      ✅ 成功
  [4] 下载: https://img1.baidu.com/it/u=2460653978,3003058183&...
      ✅ 成功

📥 共下载: 3 张

📦 进度: [56/95]

============================================================
🍿 脏脏包
============================================================

🔍 搜索: 脏脏包 零食
  [1] 下载: https://www.baidu.com/img/flexible/logo/pc/result@...
      ❌ 失败
  [2] 下载: https://img2.baidu.com/it/u=4154513616,2584537738&...
      ✅ 成功
  [3] 下载: https://img0.baidu.com/it/u=2035915226,1064515753&...
      ✅ 成功
  [4] 下载: https://img1.baidu.com/it/u=708181238,703234394&fm...
      ✅ 成功

📥 共下载: 3 张

📦 进度: [57/95]

============================================================
🍿 咸蛋黄肉松青团
============================================================

🔍 搜索: 咸蛋黄肉松青团 零食
  [1] 下载: https://www.baidu.com/img/flexible/logo/pc/result@...
      ❌ 失败
  [2] 下载: https://img1.baidu.com/it/u=1079299942,1072147547&...
      ✅ 成功
  [3] 下载: https://img2.baidu.com/it/u=210786328,1536189256&f...
      ✅ 成功
  [4] 下载: https://img2.baidu.com/it/u=619309424,1519951685&f...
      ✅ 成功

📥 共下载: 3 张

📦 进度: [58/95]

============================================================
🍿 芝士拉丝热狗棒
2026-03-11 19:31:25,055 - INFO - 🔍 访问: https://image.baidu.com/search/index?tn=baiduimage&word=%E8%8A%9D%E5%A3%AB%E6%8B...
2026-03-11 19:31:32,754 - INFO - 📸 找到 664 个图片元素
2026-03-11 19:31:32,789 - INFO - ✅ 提取到 5 个有效图片URL
2026-03-11 19:31:33,054 - INFO - 💾 已保存: output/frozen/芝士拉丝热狗棒/芝士拉丝热狗棒_01.jpg (500x652)
2026-03-11 19:31:33,230 - INFO - 💾 已保存: output/frozen/芝士拉丝热狗棒/芝士拉丝热狗棒_02.jpg (500x652)
2026-03-11 19:31:33,331 - INFO - 💾 已保存: output/frozen/芝士拉丝热狗棒/芝士拉丝热狗棒_03.jpg (500x656)
2026-03-11 19:31:37,071 - INFO - 🔍 访问: https://image.baidu.com/search/index?tn=baiduimage&word=%E9%9F%A9%E5%BC%8F%E7%82...
2026-03-11 19:31:45,759 - INFO - 📸 找到 710 个图片元素
2026-03-11 19:31:45,792 - INFO - ✅ 提取到 5 个有效图片URL
2026-03-11 19:31:46,103 - INFO - 💾 已保存: output/frozen/韩式炸鸡/韩式炸鸡_01.jpg (500x667)
2026-03-11 19:31:46,287 - INFO - 💾 已保存: output/frozen/韩式炸鸡/韩式炸鸡_02.jpg (500x667)
2026-03-11 19:31:46,412 - INFO - 💾 已保存: output/frozen/韩式炸鸡/韩式炸鸡_03.jpg (500x667)
2026-03-11 19:31:48,494 - INFO - 🔍 访问: https://image.baidu.com/search/index?tn=baiduimage&word=%E8%9B%8B%E6%8C%9E%E7%9A...
2026-03-11 19:31:56,838 - INFO - 📸 找到 509 个图片元素
2026-03-11 19:31:56,867 - INFO - ✅ 提取到 5 个有效图片URL
2026-03-11 19:31:57,329 - INFO - 💾 已保存: output/frozen/蛋挞皮/蛋挞皮_01.jpg (800x1069)
2026-03-11 19:31:57,476 - INFO - 💾 已保存: output/frozen/蛋挞皮/蛋挞皮_02.jpg (800x1067)
2026-03-11 19:31:57,666 - INFO - 💾 已保存: output/frozen/蛋挞皮/蛋挞皮_03.jpg (800x1067)
2026-03-11 19:32:00,435 - INFO - 🔍 访问: https://image.baidu.com/search/index?tn=baiduimage&word=%E5%A5%B6%E7%9B%96%E8%9B...
2026-03-11 19:32:07,802 - INFO - 📸 找到 600 个图片元素
2026-03-11 19:32:07,831 - INFO - ✅ 提取到 5 个有效图片URL
2026-03-11 19:32:08,003 - INFO - 💾 已保存: output/pastry/奶盖蛋糕/奶盖蛋糕_01.jpg (800x450)
2026-03-11 19:32:08,089 - INFO - 💾 已保存: output/pastry/奶盖蛋糕/奶盖蛋糕_02.jpg (1036x584)
2026-03-11 19:32:08,176 - INFO - 💾 已保存: output/pastry/奶盖蛋糕/奶盖蛋糕_03.jpg (1036x584)
2026-03-11 19:32:10,232 - INFO - 🔍 访问: https://image.baidu.com/search/index?tn=baiduimage&word=%E6%AC%A7%E5%8C%85+%E9%9...
2026-03-11 19:32:16,722 - INFO - 📸 找到 549 个图片元素
2026-03-11 19:32:16,760 - INFO - ✅ 提取到 5 个有效图片URL
2026-03-11 19:32:17,207 - INFO - 💾 已保存: output/pastry/欧包/欧包_01.jpg (500x666)
2026-03-11 19:32:17,317 - INFO - 💾 已保存: output/pastry/欧包/欧包_02.jpg (500x666)
2026-03-11 19:32:17,416 - INFO - 💾 已保存: output/pastry/欧包/欧包_03.jpg (500x666)
2026-03-11 19:32:21,238 - INFO - 🔍 访问: https://image.baidu.com/search/index?tn=baiduimage&word=%E8%BD%AF%E6%AC%A7%E5%8C...
2026-03-11 19:32:29,281 - INFO - 📸 找到 579 个图片元素
2026-03-11 19:32:29,313 - INFO - ✅ 提取到 5 个有效图片URL
2026-03-11 19:32:29,845 - INFO - 💾 已保存: output/pastry/软欧包/软欧包_01.jpg (800x1067)
2026-03-11 19:32:30,029 - INFO - 💾 已保存: output/pastry/软欧包/软欧包_02.jpg (800x1067)
2026-03-11 19:32:30,190 - INFO - 💾 已保存: output/pastry/软欧包/软欧包_03.jpg (800x1067)
2026-03-11 19:32:32,268 - INFO - 🔍 访问: https://image.baidu.com/search/index?tn=baiduimage&word=%E8%8A%8B%E6%B3%A5%E6%B3...
2026-03-11 19:32:39,863 - INFO - 📸 找到 573 个图片元素
2026-03-11 19:32:39,891 - INFO - ✅ 提取到 5 个有效图片URL
2026-03-11 19:32:40,298 - INFO - 💾 已保存: output/beverage/芋泥波波/芋泥波波_01.jpg (800x1177)
2026-03-11 19:32:40,640 - INFO - 💾 已保存: output/beverage/芋泥波波/芋泥波波_02.jpg (500x667)
2026-03-11 19:32:40,961 - INFO - 💾 已保存: output/beverage/芋泥波波/芋泥波波_03.jpg (500x660)
2026-03-11 19:32:43,799 - INFO - 🔍 访问: https://image.baidu.com/search/index?tn=baiduimage&word=%E5%A4%9A%E8%82%89%E8%91...
2026-03-11 19:32:51,606 - INFO - 📸 找到 682 个图片元素
2026-03-11 19:32:51,635 - INFO - ✅ 提取到 5 个有效图片URL
2026-03-11 19:32:51,901 - INFO - 💾 已保存: output/beverage/多肉葡萄/多肉葡萄_01.jpg (500x500)
2026-03-11 19:32:51,970 - INFO - 💾 已保存: output/beverage/多肉葡萄/多肉葡萄_02.jpg (500x500)
2026-03-11 19:32:52,133 - INFO - 💾 已保存: output/beverage/多肉葡萄/多肉葡萄_03.jpg (500x500)
2026-03-11 19:32:55,257 - INFO - 🔍 访问: https://image.baidu.com/search/index?tn=baiduimage&word=%E8%92%9F%E8%92%BB%E6%9E...
2026-03-11 19:33:02,610 - INFO - 📸 找到 634 个图片元素
2026-03-11 19:33:02,635 - INFO - ✅ 提取到 5 个有效图片URL
2026-03-11 19:33:03,019 - INFO - 💾 已保存: output/jelly/蒟蒻果冻/蒟蒻果冻_01.jpg (800x1044)
2026-03-11 19:33:03,191 - INFO - 💾 已保存: output/jelly/蒟蒻果冻/蒟蒻果冻_02.jpg (500x666)
2026-03-11 19:33:03,439 - INFO - 💾 已保存: output/jelly/蒟蒻果冻/蒟蒻果冻_03.jpg (500x667)
2026-03-11 19:33:07,094 - INFO - 🔍 访问: https://image.baidu.com/search/index?tn=baiduimage&word=%E6%9E%9C%E5%86%BB%E5%B8...
2026-03-11 19:33:13,991 - INFO - 📸 找到 508 个图片元素
2026-03-11 19:33:14,017 - INFO - ✅ 提取到 5 个有效图片URL
2026-03-11 19:33:14,341 - INFO - 💾 已保存: output/jelly/果冻布丁/果冻布丁_01.jpg (500x667)
2026-03-11 19:33:14,497 - INFO - 💾 已保存: output/jelly/果冻布丁/果冻布丁_02.jpg (800x1067)
2026-03-11 19:33:14,634 - INFO - 💾 已保存: output/jelly/果冻布丁/果冻布丁_03.jpg (800x1067)
2026-03-11 19:33:17,837 - INFO - 🔍 访问: https://image.baidu.com/search/index?tn=baiduimage&word=%E6%A4%B0%E6%9E%9C%E7%BD...
2026-03-11 19:33:24,998 - INFO - 📸 找到 600 个图片元素
2026-03-11 19:33:25,026 - INFO - ✅ 提取到 5 个有效图片URL
2026-03-11 19:33:25,350 - INFO - 💾 已保存: output/canned/椰果罐头/椰果罐头_01.jpg (500x653)
2026-03-11 19:33:25,487 - INFO - 💾 已保存: output/canned/椰果罐头/椰果罐头_02.jpg (500x653)
2026-03-11 19:33:25,646 - INFO - 💾 已保存: output/canned/椰果罐头/椰果罐头_03.jpg (500x653)
2026-03-11 19:33:29,528 - INFO - 🔍 访问: https://image.baidu.com/search/index?tn=baiduimage&word=%E9%BB%84%E6%A1%83%E7%BD...
2026-03-11 19:33:37,243 - INFO - 📸 找到 827 个图片元素
2026-03-11 19:33:37,274 - INFO - ✅ 提取到 5 个有效图片URL
2026-03-11 19:33:37,798 - INFO - 💾 已保存: output/canned/黄桃罐头/黄桃罐头_01.jpg (800x1067)
2026-03-11 19:33:38,010 - INFO - 💾 已保存: output/canned/黄桃罐头/黄桃罐头_02.jpg (800x1067)
2026-03-11 19:33:38,191 - INFO - 💾 已保存: output/canned/黄桃罐头/黄桃罐头_03.jpg (800x1067)
2026-03-11 19:33:41,181 - INFO - 🔍 访问: https://image.baidu.com/search/index?tn=baiduimage&word=%E5%85%AB%E5%AE%9D%E7%B2...
2026-03-11 19:33:49,107 - INFO - 📸 找到 632 个图片元素
2026-03-11 19:33:49,149 - INFO - ✅ 提取到 5 个有效图片URL
2026-03-11 19:33:49,342 - INFO - 💾 已保存: output/canned/八宝粥/八宝粥_01.jpg (500x667)
2026-03-11 19:33:50,301 - INFO - 💾 已保存: output/canned/八宝粥/八宝粥_02.jpg (500x667)
2026-03-11 19:33:50,400 - INFO - 💾 已保存: output/canned/八宝粥/八宝粥_03.jpg (500x667)
2026-03-11 19:33:53,641 - INFO - 🔍 访问: https://image.baidu.com/search/index?tn=baiduimage&word=%E6%AF%8F%E6%97%A5%E5%9D...
2026-03-11 19:34:01,171 - INFO - 📸 找到 553 个图片元素
2026-03-11 19:34:01,205 - INFO - ✅ 提取到 5 个有效图片URL
2026-03-11 19:34:01,417 - INFO - 💾 已保存: output/nuts/每日坚果/每日坚果_01.jpg (500x606)
2026-03-11 19:34:01,600 - INFO - 💾 已保存: output/nuts/每日坚果/每日坚果_02.jpg (500x598)
2026-03-11 19:34:01,702 - INFO - 💾 已保存: output/nuts/每日坚果/每日坚果_03.jpg (509x500)
2026-03-11 19:34:05,069 - INFO - 🔍 访问: https://image.baidu.com/search/index?tn=baiduimage&word=%E6%B7%B7%E5%90%88%E5%9D...
2026-03-11 19:34:12,160 - INFO - 📸 找到 554 个图片元素
2026-03-11 19:34:12,190 - INFO - ✅ 提取到 5 个有效图片URL
2026-03-11 19:34:12,357 - INFO - 💾 已保存: output/nuts/混合坚果/混合坚果_01.jpg (500x500)
2026-03-11 19:34:12,440 - INFO - 💾 已保存: output/nuts/混合坚果/混合坚果_02.jpg (500x500)
============================================================

🔍 搜索: 芝士拉丝热狗棒 零食
  [1] 下载: https://www.baidu.com/img/flexible/logo/pc/result@...
      ❌ 失败
  [2] 下载: https://img0.baidu.com/it/u=238344766,1731380234&f...
      ✅ 成功
  [3] 下载: https://img0.baidu.com/it/u=2544824517,128595102&f...
      ✅ 成功
  [4] 下载: https://img1.baidu.com/it/u=2998129239,985540652&f...
      ✅ 成功

📥 共下载: 3 张

📦 进度: [59/95]

============================================================
🍿 韩式炸鸡
============================================================

🔍 搜索: 韩式炸鸡 零食
  [1] 下载: https://www.baidu.com/img/flexible/logo/pc/result@...
      ❌ 失败
  [2] 下载: https://img0.baidu.com/it/u=1547562924,3822633383&...
      ✅ 成功
  [3] 下载: https://img0.baidu.com/it/u=1915811048,2766266112&...
      ✅ 成功
  [4] 下载: https://img0.baidu.com/it/u=4124935175,3786303693&...
      ✅ 成功

📥 共下载: 3 张

📦 进度: [60/95]

============================================================
🍿 蛋挞皮
============================================================

🔍 搜索: 蛋挞皮 零食
  [1] 下载: https://www.baidu.com/img/flexible/logo/pc/result@...
      ❌ 失败
  [2] 下载: https://img1.baidu.com/it/u=1770790615,563754411&f...
      ✅ 成功
  [3] 下载: https://img1.baidu.com/it/u=1324134753,2667889785&...
      ✅ 成功
  [4] 下载: https://img2.baidu.com/it/u=3371802512,3377717502&...
      ✅ 成功

📥 共下载: 3 张

📦 进度: [61/95]

============================================================
🍿 奶盖蛋糕
============================================================

🔍 搜索: 奶盖蛋糕 零食
  [1] 下载: https://www.baidu.com/img/flexible/logo/pc/result@...
      ❌ 失败
  [2] 下载: https://ns-strategy.cdn.bcebos.com/ns-strategy/upl...
      ✅ 成功
  [3] 下载: https://ns-strategy.cdn.bcebos.com/ns-strategy/upl...
      ✅ 成功
  [4] 下载: https://ns-strategy.cdn.bcebos.com/ns-strategy/upl...
      ✅ 成功

📥 共下载: 3 张

📦 进度: [62/95]

============================================================
🍿 欧包
============================================================

🔍 搜索: 欧包 零食
  [1] 下载: https://www.baidu.com/img/flexible/logo/pc/result@...
      ❌ 失败
  [2] 下载: https://img2.baidu.com/it/u=198118744,3525711988&f...
      ✅ 成功
  [3] 下载: https://img1.baidu.com/it/u=1098626343,2734269328&...
      ✅ 成功
  [4] 下载: https://img2.baidu.com/it/u=587128106,1583867202&f...
      ✅ 成功

📥 共下载: 3 张

📦 进度: [63/95]

============================================================
🍿 软欧包
============================================================

🔍 搜索: 软欧包 零食
  [1] 下载: https://www.baidu.com/img/flexible/logo/pc/result@...
      ❌ 失败
  [2] 下载: https://img0.baidu.com/it/u=1251566718,1369704262&...
      ✅ 成功
  [3] 下载: https://img2.baidu.com/it/u=3916454493,2582638822&...
      ✅ 成功
  [4] 下载: https://img2.baidu.com/it/u=577740366,1037790455&f...
      ✅ 成功

📥 共下载: 3 张

📦 进度: [64/95]

============================================================
🍿 芋泥波波
============================================================

🔍 搜索: 芋泥波波 零食
  [1] 下载: https://www.baidu.com/img/flexible/logo/pc/result@...
      ❌ 失败
  [2] 下载: https://img1.baidu.com/it/u=3790532052,1187385855&...
      ✅ 成功
  [3] 下载: https://img2.baidu.com/it/u=933044131,3531284985&f...
      ✅ 成功
  [4] 下载: https://img2.baidu.com/it/u=1826179536,2884903447&...
      ✅ 成功

📥 共下载: 3 张

📦 进度: [65/95]

============================================================
🍿 多肉葡萄
============================================================

🔍 搜索: 多肉葡萄 零食
  [1] 下载: https://www.baidu.com/img/flexible/logo/pc/result@...
      ❌ 失败
  [2] 下载: https://t14.baidu.com/it/u=1596799390,2192173295&f...
      ✅ 成功
  [3] 下载: https://t15.baidu.com/it/u=2759956674,564627294&fm...
      ✅ 成功
  [4] 下载: https://t13.baidu.com/it/u=736069073,1526979536&fm...
      ✅ 成功

📥 共下载: 3 张

📦 进度: [66/95]

============================================================
🍿 蒟蒻果冻
============================================================

🔍 搜索: 蒟蒻果冻 零食
  [1] 下载: https://www.baidu.com/img/flexible/logo/pc/result@...
      ❌ 失败
  [2] 下载: https://img1.baidu.com/it/u=3332615139,2628110315&...
      ✅ 成功
  [3] 下载: https://img2.baidu.com/it/u=2100415552,844766211&f...
      ✅ 成功
  [4] 下载: https://img0.baidu.com/it/u=3307998576,4250697533&...
      ✅ 成功

📥 共下载: 3 张

📦 进度: [67/95]

============================================================
🍿 果冻布丁
============================================================

🔍 搜索: 果冻布丁 零食
  [1] 下载: https://www.baidu.com/img/flexible/logo/pc/result@...
      ❌ 失败
  [2] 下载: https://img0.baidu.com/it/u=945835744,1700302265&f...
      ✅ 成功
  [3] 下载: https://img1.baidu.com/it/u=3703526049,1542086627&...
      ✅ 成功
  [4] 下载: https://img1.baidu.com/it/u=2966350801,1699775309&...
      ✅ 成功

📥 共下载: 3 张

📦 进度: [68/95]

============================================================
🍿 椰果罐头
============================================================

🔍 搜索: 椰果罐头 零食
  [1] 下载: https://www.baidu.com/img/flexible/logo/pc/result@...
      ❌ 失败
  [2] 下载: https://img1.baidu.com/it/u=3288431003,2904766156&...
      ✅ 成功
  [3] 下载: https://img1.baidu.com/it/u=541599324,2868316437&f...
      ✅ 成功
  [4] 下载: https://img2.baidu.com/it/u=2578099328,2909401613&...
      ✅ 成功

📥 共下载: 3 张

📦 进度: [69/95]

============================================================
🍿 黄桃罐头
============================================================

🔍 搜索: 黄桃罐头 零食
  [1] 下载: https://www.baidu.com/img/flexible/logo/pc/result@...
      ❌ 失败
  [2] 下载: https://img2.baidu.com/it/u=2247888048,709805684&f...
      ✅ 成功
  [3] 下载: https://img2.baidu.com/it/u=1813701511,1820661835&...
      ✅ 成功
  [4] 下载: https://img2.baidu.com/it/u=2720326042,1321497716&...
      ✅ 成功

📥 共下载: 3 张

📦 进度: [70/95]

============================================================
🍿 八宝粥
============================================================

🔍 搜索: 八宝粥 零食
  [1] 下载: https://www.baidu.com/img/flexible/logo/pc/result@...
      ❌ 失败
  [2] 下载: https://img2.baidu.com/it/u=2430067890,1484612291&...
      ✅ 成功
  [3] 下载: https://img2.baidu.com/it/u=2844211417,3625001087&...
      ✅ 成功
  [4] 下载: https://img2.baidu.com/it/u=3714921421,3798121092&...
      ✅ 成功

📥 共下载: 3 张

📦 进度: [71/95]

============================================================
🍿 每日坚果
============================================================

🔍 搜索: 每日坚果 零食
  [1] 下载: https://www.baidu.com/img/flexible/logo/pc/result@...
      ❌ 失败
  [2] 下载: https://img0.baidu.com/it/u=3410057064,739023858&f...
      ✅ 成功
  [3] 下载: https://img1.baidu.com/it/u=1863797472,2803288141&...
      ✅ 成功
  [4] 下载: https://img2.baidu.com/it/u=3048132635,2284016010&...
      ✅ 成功

📥 共下载: 3 张

📦 进度: [72/95]

============================================================
🍿 混合坚果
============================================================

🔍 搜索: 混合坚果 零食
  [1] 下载: https://www.baidu.com/img/flexible/logo/pc/result@...
      ❌ 失败
  [2] 下载: https://t15.baidu.com/it/u=3591945199,2160891400&f...
      ✅ 成功
  [3] 下载: https://t14.baidu.com/it/u=4274503390,3311870007&f...
      ✅ 成功
2026-03-11 19:34:12,630 - INFO - 💾 已保存: output/nuts/混合坚果/混合坚果_03.jpg (500x500)
2026-03-11 19:34:16,387 - INFO - 🔍 访问: https://image.baidu.com/search/index?tn=baiduimage&word=%E5%A4%8F%E5%A8%81%E5%A4...
2026-03-11 19:34:23,758 - INFO - 📸 找到 532 个图片元素
2026-03-11 19:34:23,793 - INFO - ✅ 提取到 5 个有效图片URL
2026-03-11 19:34:24,108 - INFO - 💾 已保存: output/nuts/夏威夷果/夏威夷果_01.jpg (800x1067)
2026-03-11 19:34:24,190 - INFO - 💾 已保存: output/nuts/夏威夷果/夏威夷果_02.jpg (800x1067)
2026-03-11 19:34:25,012 - INFO - 💾 已保存: output/nuts/夏威夷果/夏威夷果_03.jpg (800x1067)
2026-03-11 19:34:28,019 - INFO - 🔍 访问: https://image.baidu.com/search/index?tn=baiduimage&word=%E7%A2%A7%E6%A0%B9%E6%9E...
2026-03-11 19:34:35,790 - INFO - 📸 找到 553 个图片元素
2026-03-11 19:34:35,817 - INFO - ✅ 提取到 5 个有效图片URL
2026-03-11 19:34:36,442 - INFO - 💾 已保存: output/nuts/碧根果/碧根果_01.jpg (500x1275)
2026-03-11 19:34:36,721 - INFO - 💾 已保存: output/nuts/碧根果/碧根果_02.jpg (800x1069)
2026-03-11 19:34:36,874 - INFO - 💾 已保存: output/nuts/碧根果/碧根果_03.jpg (800x1067)
2026-03-11 19:34:40,795 - INFO - 🔍 访问: https://image.baidu.com/search/index?tn=baiduimage&word=%E5%BC%80%E5%BF%83%E6%9E...
2026-03-11 19:34:48,236 - INFO - 📸 找到 574 个图片元素
2026-03-11 19:34:48,269 - INFO - ✅ 提取到 5 个有效图片URL
2026-03-11 19:34:48,740 - INFO - 💾 已保存: output/nuts/开心果/开心果_01.jpg (500x888)
2026-03-11 19:34:48,947 - INFO - 💾 已保存: output/nuts/开心果/开心果_02.jpg (500x888)
2026-03-11 19:34:49,280 - INFO - 💾 已保存: output/nuts/开心果/开心果_03.jpg (500x888)
2026-03-11 19:34:52,436 - INFO - 🔍 访问: https://image.baidu.com/search/index?tn=baiduimage&word=%E9%B3%95%E9%B1%BC%E7%89...
2026-03-11 19:34:59,572 - INFO - 📸 找到 498 个图片元素
2026-03-11 19:34:59,599 - INFO - ✅ 提取到 5 个有效图片URL
2026-03-11 19:35:00,308 - INFO - 💾 已保存: output/seafood/鳕鱼片/鳕鱼片_01.jpg (500x621)
2026-03-11 19:35:00,397 - INFO - 💾 已保存: output/seafood/鳕鱼片/鳕鱼片_02.jpg (500x621)
2026-03-11 19:35:00,601 - INFO - 💾 已保存: output/seafood/鳕鱼片/鳕鱼片_03.jpg (500x621)
2026-03-11 19:35:03,993 - INFO - 🔍 访问: https://image.baidu.com/search/index?tn=baiduimage&word=%E9%B1%BF%E9%B1%BC%E4%B8...
2026-03-11 19:35:11,814 - INFO - 📸 找到 664 个图片元素
2026-03-11 19:35:11,847 - INFO - ✅ 提取到 5 个有效图片URL
2026-03-11 19:35:12,313 - INFO - 💾 已保存: output/seafood/鱿鱼丝/鱿鱼丝_01.jpg (1067x800)
2026-03-11 19:35:12,432 - INFO - 💾 已保存: output/seafood/鱿鱼丝/鱿鱼丝_02.jpg (800x1422)
2026-03-11 19:35:12,609 - INFO - 💾 已保存: output/seafood/鱿鱼丝/鱿鱼丝_03.jpg (800x1422)
2026-03-11 19:35:15,945 - INFO - 🔍 访问: https://image.baidu.com/search/index?tn=baiduimage&word=%E6%B5%B7%E8%8B%94%E8%84...
2026-03-11 19:35:23,228 - INFO - 📸 找到 587 个图片元素
2026-03-11 19:35:23,255 - INFO - ✅ 提取到 5 个有效图片URL
2026-03-11 19:35:23,588 - INFO - 💾 已保存: output/seafood/海苔脆/海苔脆_01.jpg (500x649)
2026-03-11 19:35:23,710 - INFO - 💾 已保存: output/seafood/海苔脆/海苔脆_02.jpg (500x651)
2026-03-11 19:35:23,885 - INFO - 💾 已保存: output/seafood/海苔脆/海苔脆_03.jpg (475x484)
2026-03-11 19:35:26,565 - INFO - 🔍 访问: https://image.baidu.com/search/index?tn=baiduimage&word=%E9%B1%BC%E8%B1%86%E8%85...
2026-03-11 19:35:33,330 - INFO - 📸 找到 500 个图片元素
2026-03-11 19:35:33,359 - INFO - ✅ 提取到 5 个有效图片URL
2026-03-11 19:35:33,545 - INFO - 💾 已保存: output/seafood/鱼豆腐/鱼豆腐_01.jpg (1036x584)
2026-03-11 19:35:35,185 - INFO - 💾 已保存: output/seafood/鱼豆腐/鱼豆腐_02.jpg (800x800)
2026-03-11 19:35:35,284 - INFO - 💾 已保存: output/seafood/鱼豆腐/鱼豆腐_03.jpg (800x1422)
2026-03-11 19:35:37,874 - INFO - 🔍 访问: https://image.baidu.com/search/index?tn=baiduimage&word=%E9%B1%BC%E8%82%A0+%E9%9...
2026-03-11 19:35:45,260 - INFO - 📸 找到 621 个图片元素
2026-03-11 19:35:45,285 - INFO - ✅ 提取到 5 个有效图片URL
2026-03-11 19:35:45,521 - INFO - 💾 已保存: output/seafood/鱼肠/鱼肠_01.jpg (500x500)
2026-03-11 19:35:45,614 - INFO - 💾 已保存: output/seafood/鱼肠/鱼肠_02.jpg (500x500)
2026-03-11 19:35:45,708 - INFO - 💾 已保存: output/seafood/鱼肠/鱼肠_03.jpg (500x500)
2026-03-11 19:35:49,432 - INFO - 🔍 访问: https://image.baidu.com/search/index?tn=baiduimage&word=%E7%8C%AA%E8%82%89%E8%84...
2026-03-11 19:35:57,558 - INFO - 📸 找到 499 个图片元素
2026-03-11 19:35:57,608 - INFO - ✅ 提取到 5 个有效图片URL
2026-03-11 19:35:57,950 - INFO - 💾 已保存: output/meat/猪肉脯/猪肉脯_01.jpg (500x667)
2026-03-11 19:35:58,114 - INFO - 💾 已保存: output/meat/猪肉脯/猪肉脯_02.jpg (500x694)
2026-03-11 19:35:58,276 - INFO - 💾 已保存: output/meat/猪肉脯/猪肉脯_03.jpg (500x683)
2026-03-11 19:36:01,658 - INFO - 🔍 访问: https://image.baidu.com/search/index?tn=baiduimage&word=%E7%89%9B%E8%82%89%E7%B2...
2026-03-11 19:36:23,499 - INFO - 📸 找到 623 个图片元素
2026-03-11 19:36:23,532 - INFO - ✅ 提取到 5 个有效图片URL
2026-03-11 19:36:23,789 - INFO - 💾 已保存: output/meat/牛肉粒/牛肉粒_01.jpg (1036x584)
2026-03-11 19:36:26,020 - INFO - 💾 已保存: output/meat/牛肉粒/牛肉粒_02.jpg (800x1067)
2026-03-11 19:36:26,263 - INFO - 💾 已保存: output/meat/牛肉粒/牛肉粒_03.jpg (800x1067)
2026-03-11 19:36:29,052 - INFO - 🔍 访问: https://image.baidu.com/search/index?tn=baiduimage&word=%E9%B8%AD%E8%84%96+%E9%9...
2026-03-11 19:36:36,773 - INFO - 📸 找到 627 个图片元素
2026-03-11 19:36:36,807 - INFO - ✅ 提取到 5 个有效图片URL
2026-03-11 19:36:37,011 - INFO - 💾 已保存: output/meat/鸭脖/鸭脖_01.jpg (500x500)
2026-03-11 19:36:37,096 - INFO - 💾 已保存: output/meat/鸭脖/鸭脖_02.jpg (500x500)
2026-03-11 19:36:37,257 - INFO - 💾 已保存: output/meat/鸭脖/鸭脖_03.jpg (500x500)
2026-03-11 19:36:40,210 - INFO - 🔍 访问: https://image.baidu.com/search/index?tn=baiduimage&word=%E5%87%A4%E7%88%AA+%E9%9...
2026-03-11 19:36:47,158 - INFO - 📸 找到 486 个图片元素
2026-03-11 19:36:47,184 - INFO - ✅ 提取到 5 个有效图片URL
2026-03-11 19:36:47,583 - INFO - 💾 已保存: output/meat/凤爪/凤爪_01.jpg (800x1067)
2026-03-11 19:36:47,849 - INFO - 💾 已保存: output/meat/凤爪/凤爪_02.jpg (800x1067)
2026-03-11 19:36:48,329 - INFO - 💾 已保存: output/meat/凤爪/凤爪_03.jpg (800x1067)
2026-03-11 19:36:51,444 - INFO - 🔍 访问: https://image.baidu.com/search/index?tn=baiduimage&word=%E9%B8%A1%E7%BF%85+%E9%9...
2026-03-11 19:36:58,633 - INFO - 📸 找到 550 个图片元素
2026-03-11 19:36:58,662 - INFO - ✅ 提取到 5 个有效图片URL
2026-03-11 19:36:59,028 - INFO - 💾 已保存: output/meat/鸡翅/鸡翅_01.jpg (500x971)
2026-03-11 19:36:59,268 - INFO - 💾 已保存: output/meat/鸡翅/鸡翅_02.jpg (800x1067)
2026-03-11 19:36:59,344 - INFO - 💾 已保存: output/meat/鸡翅/鸡翅_03.jpg (500x500)
2026-03-11 19:37:02,340 - INFO - 🔍 访问: https://image.baidu.com/search/index?tn=baiduimage&word=%E8%9B%8B%E9%BB%84%E9%85...
2026-03-11 19:37:09,752 - INFO - 📸 找到 575 个图片元素
2026-03-11 19:37:09,782 - INFO - ✅ 提取到 5 个有效图片URL
2026-03-11 19:37:10,044 - INFO - 💾 已保存: output/pastry/蛋黄酥/蛋黄酥_01.jpg (500x500)
2026-03-11 19:37:10,305 - INFO - 💾 已保存: output/pastry/蛋黄酥/蛋黄酥_02.jpg (800x1070)
2026-03-11 19:37:10,448 - INFO - 💾 已保存: output/pastry/蛋黄酥/蛋黄酥_03.jpg (800x1068)
2026-03-11 19:37:12,503 - INFO - 🔍 访问: https://image.baidu.com/search/index?tn=baiduimage&word=%E5%87%A4%E6%A2%A8%E9%85...
2026-03-11 19:37:19,513 - INFO - 📸 找到 613 个图片元素
2026-03-11 19:37:19,545 - INFO - ✅ 提取到 5 个有效图片URL
2026-03-11 19:37:19,888 - INFO - 💾 已保存: output/pastry/凤梨酥/凤梨酥_01.jpg (500x750)
  [4] 下载: https://t14.baidu.com/it/u=2071574041,2743860830&f...
      ✅ 成功

📥 共下载: 3 张

📦 进度: [73/95]

============================================================
🍿 夏威夷果
============================================================

🔍 搜索: 夏威夷果 零食
  [1] 下载: https://www.baidu.com/img/flexible/logo/pc/result@...
      ❌ 失败
  [2] 下载: https://img2.baidu.com/it/u=3771890890,53407441&fm...
      ✅ 成功
  [3] 下载: https://img2.baidu.com/it/u=521597408,3048595448&f...
      ✅ 成功
  [4] 下载: https://img0.baidu.com/it/u=4179076323,2971443742&...
      ✅ 成功

📥 共下载: 3 张

📦 进度: [74/95]

============================================================
🍿 碧根果
============================================================

🔍 搜索: 碧根果 零食
  [1] 下载: https://www.baidu.com/img/flexible/logo/pc/result@...
      ❌ 失败
  [2] 下载: https://img2.baidu.com/it/u=1045444532,1808072771&...
      ✅ 成功
  [3] 下载: https://img0.baidu.com/it/u=3660652751,3576133156&...
      ✅ 成功
  [4] 下载: https://img2.baidu.com/it/u=2361153608,938228808&f...
      ✅ 成功

📥 共下载: 3 张

📦 进度: [75/95]

============================================================
🍿 开心果
============================================================

🔍 搜索: 开心果 零食
  [1] 下载: https://www.baidu.com/img/flexible/logo/pc/result@...
      ❌ 失败
  [2] 下载: https://img0.baidu.com/it/u=1229032342,3072509527&...
      ✅ 成功
  [3] 下载: https://img1.baidu.com/it/u=830274727,2941227544&f...
      ✅ 成功
  [4] 下载: https://img1.baidu.com/it/u=1462335815,35323081&fm...
      ✅ 成功

📥 共下载: 3 张

📦 进度: [76/95]

============================================================
🍿 鳕鱼片
============================================================

🔍 搜索: 鳕鱼片 零食
  [1] 下载: https://www.baidu.com/img/flexible/logo/pc/result@...
      ❌ 失败
  [2] 下载: https://img1.baidu.com/it/u=409823323,1487147887&f...
      ✅ 成功
  [3] 下载: https://img1.baidu.com/it/u=807601034,202892377&fm...
      ✅ 成功
  [4] 下载: https://img0.baidu.com/it/u=1306831355,95392436&fm...
      ✅ 成功

📥 共下载: 3 张

📦 进度: [77/95]

============================================================
🍿 鱿鱼丝
============================================================

🔍 搜索: 鱿鱼丝 零食
  [1] 下载: https://www.baidu.com/img/flexible/logo/pc/result@...
      ❌ 失败
  [2] 下载: https://img0.baidu.com/it/u=3973286544,1503301078&...
      ✅ 成功
  [3] 下载: https://img1.baidu.com/it/u=2212252821,1416045194&...
      ✅ 成功
  [4] 下载: https://img0.baidu.com/it/u=3942305923,693812304&f...
      ✅ 成功

📥 共下载: 3 张

📦 进度: [78/95]

============================================================
🍿 海苔脆
============================================================

🔍 搜索: 海苔脆 零食
  [1] 下载: https://www.baidu.com/img/flexible/logo/pc/result@...
      ❌ 失败
  [2] 下载: https://img2.baidu.com/it/u=1546712490,175669327&f...
      ✅ 成功
  [3] 下载: https://img1.baidu.com/it/u=3939759202,1233673968&...
      ✅ 成功
  [4] 下载: https://img0.baidu.com/it/u=4162252918,950648306&f...
      ✅ 成功

📥 共下载: 3 张

📦 进度: [79/95]

============================================================
🍿 鱼豆腐
============================================================

🔍 搜索: 鱼豆腐 零食
  [1] 下载: https://www.baidu.com/img/flexible/logo/pc/result@...
      ❌ 失败
  [2] 下载: https://ns-strategy.cdn.bcebos.com/ns-strategy/upl...
      ✅ 成功
  [3] 下载: https://img1.baidu.com/it/u=1072583729,3805276706&...
      ✅ 成功
  [4] 下载: https://img1.baidu.com/it/u=1442636047,3183793561&...
      ✅ 成功

📥 共下载: 3 张

📦 进度: [80/95]

============================================================
🍿 鱼肠
============================================================

🔍 搜索: 鱼肠 零食
  [1] 下载: https://www.baidu.com/img/flexible/logo/pc/result@...
      ❌ 失败
  [2] 下载: https://t15.baidu.com/it/u=485609027,552096742&fm=...
      ✅ 成功
  [3] 下载: https://t13.baidu.com/it/u=3660270150,3592204362&f...
      ✅ 成功
  [4] 下载: https://t15.baidu.com/it/u=4169973856,219940749&fm...
      ✅ 成功

📥 共下载: 3 张

📦 进度: [81/95]

============================================================
🍿 猪肉脯
============================================================

🔍 搜索: 猪肉脯 零食
  [1] 下载: https://www.baidu.com/img/flexible/logo/pc/result@...
      ❌ 失败
  [2] 下载: https://img2.baidu.com/it/u=268543684,173681044&fm...
      ✅ 成功
  [3] 下载: https://img2.baidu.com/it/u=1645805599,4056921173&...
      ✅ 成功
  [4] 下载: https://img0.baidu.com/it/u=3099694488,3946732869&...
      ✅ 成功

📥 共下载: 3 张

📦 进度: [82/95]

============================================================
🍿 牛肉粒
============================================================

🔍 搜索: 牛肉粒 零食
  [1] 下载: https://www.baidu.com/img/flexible/logo/pc/result@...
      ❌ 失败
  [2] 下载: https://ns-strategy.cdn.bcebos.com/ns-strategy/upl...
      ✅ 成功
  [3] 下载: https://img2.baidu.com/it/u=3947244086,962065523&f...
      ✅ 成功
  [4] 下载: https://img0.baidu.com/it/u=1333948761,3722190449&...
      ✅ 成功

📥 共下载: 3 张

📦 进度: [83/95]

============================================================
🍿 鸭脖
============================================================

🔍 搜索: 鸭脖 零食
  [1] 下载: https://www.baidu.com/img/flexible/logo/pc/result@...
      ❌ 失败
  [2] 下载: https://t14.baidu.com/it/u=2267969826,3666094828&f...
      ✅ 成功
  [3] 下载: https://t13.baidu.com/it/u=820957248,3190839477&fm...
      ✅ 成功
  [4] 下载: https://t13.baidu.com/it/u=2985895664,2761844561&f...
      ✅ 成功

📥 共下载: 3 张

📦 进度: [84/95]

============================================================
🍿 凤爪
============================================================

🔍 搜索: 凤爪 零食
  [1] 下载: https://www.baidu.com/img/flexible/logo/pc/result@...
      ❌ 失败
  [2] 下载: https://img0.baidu.com/it/u=3852712399,1601667478&...
      ✅ 成功
  [3] 下载: https://img1.baidu.com/it/u=3125749767,2691477186&...
      ✅ 成功
  [4] 下载: https://img0.baidu.com/it/u=539947257,390260196&fm...
      ✅ 成功

📥 共下载: 3 张

📦 进度: [85/95]

============================================================
🍿 鸡翅
============================================================

🔍 搜索: 鸡翅 零食
  [1] 下载: https://www.baidu.com/img/flexible/logo/pc/result@...
      ❌ 失败
  [2] 下载: https://img1.baidu.com/it/u=3546237863,1640824955&...
      ✅ 成功
  [3] 下载: https://img1.baidu.com/it/u=1300389590,3171350526&...
      ✅ 成功
  [4] 下载: https://t15.baidu.com/it/u=3627910982,2310214788&f...
      ✅ 成功

📥 共下载: 3 张

📦 进度: [86/95]

============================================================
🍿 蛋黄酥
============================================================

🔍 搜索: 蛋黄酥 零食
  [1] 下载: https://www.baidu.com/img/flexible/logo/pc/result@...
      ❌ 失败
  [2] 下载: https://img1.baidu.com/it/u=2266534548,172126370&f...
      ✅ 成功
  [3] 下载: https://img1.baidu.com/it/u=996715420,724109962&fm...
      ✅ 成功
  [4] 下载: https://img0.baidu.com/it/u=843948364,2423317267&f...
      ✅ 成功

📥 共下载: 3 张

📦 进度: [87/95]

============================================================
🍿 凤梨酥
============================================================

🔍 搜索: 凤梨酥 零食
  [1] 下载: https://www.baidu.com/img/flexible/logo/pc/result@...
      ❌ 失败
  [2] 下载: https://img0.baidu.com/it/u=1436885697,2771627827&...
2026-03-11 19:37:19,966 - INFO - 💾 已保存: output/pastry/凤梨酥/凤梨酥_02.jpg (500x750)
2026-03-11 19:37:20,045 - INFO - 💾 已保存: output/pastry/凤梨酥/凤梨酥_03.jpg (500x667)
2026-03-11 19:37:22,133 - INFO - 🔍 访问: https://image.baidu.com/search/index?tn=baiduimage&word=%E7%BB%BF%E8%B1%86%E7%B3...
2026-03-11 19:37:29,476 - INFO - 📸 找到 587 个图片元素
2026-03-11 19:37:29,505 - INFO - ✅ 提取到 5 个有效图片URL
2026-03-11 19:37:29,872 - INFO - 💾 已保存: output/pastry/绿豆糕/绿豆糕_01.jpg (800x1067)
2026-03-11 19:37:29,993 - INFO - 💾 已保存: output/pastry/绿豆糕/绿豆糕_02.jpg (800x1067)
2026-03-11 19:37:30,089 - INFO - 💾 已保存: output/pastry/绿豆糕/绿豆糕_03.jpg (800x1067)
2026-03-11 19:37:32,718 - INFO - 🔍 访问: https://image.baidu.com/search/index?tn=baiduimage&word=%E4%BA%91%E7%89%87%E7%B3...
2026-03-11 19:37:40,117 - INFO - 📸 找到 604 个图片元素
2026-03-11 19:37:40,143 - INFO - ✅ 提取到 5 个有效图片URL
2026-03-11 19:37:40,335 - INFO - 💾 已保存: output/pastry/云片糕/云片糕_01.jpg (500x500)
2026-03-11 19:37:44,118 - INFO - 🔍 访问: https://image.baidu.com/search/index?tn=baiduimage&word=%E4%BA%91%E7%89%87%E7%B3...
2026-03-11 19:37:50,325 - INFO - 📸 找到 603 个图片元素
2026-03-11 19:37:50,356 - INFO - ✅ 提取到 5 个有效图片URL
2026-03-11 19:37:50,649 - INFO - 💾 已保存: output/pastry/云片糕/云片糕_02.jpg (500x667)
2026-03-11 19:37:50,727 - INFO - 💾 已保存: output/pastry/云片糕/云片糕_03.jpg (500x667)
2026-03-11 19:37:54,238 - INFO - 🔍 访问: https://image.baidu.com/search/index?tn=baiduimage&word=%E9%BA%BB%E8%8A%B1+%E9%9...
2026-03-11 19:38:01,822 - INFO - 📸 找到 530 个图片元素
2026-03-11 19:38:01,850 - INFO - ✅ 提取到 5 个有效图片URL
2026-03-11 19:38:02,188 - INFO - 💾 已保存: output/pastry/麻花/麻花_01.jpg (800x800)
2026-03-11 19:38:02,285 - INFO - 💾 已保存: output/pastry/麻花/麻花_02.jpg (890x800)
2026-03-11 19:38:02,385 - INFO - 💾 已保存: output/pastry/麻花/麻花_03.jpg (800x800)
2026-03-11 19:38:04,730 - INFO - 🔍 访问: https://image.baidu.com/search/index?tn=baiduimage&word=%E9%9B%AA%E8%8A%B1%E9%85...
2026-03-11 19:38:12,839 - INFO - 📸 找到 719 个图片元素
2026-03-11 19:38:12,871 - INFO - ✅ 提取到 5 个有效图片URL
2026-03-11 19:38:13,345 - INFO - 💾 已保存: output/pastry/雪花酥/雪花酥_01.jpg (500x653)
2026-03-11 19:38:13,449 - INFO - 💾 已保存: output/pastry/雪花酥/雪花酥_02.jpg (500x653)
2026-03-11 19:38:13,530 - INFO - 💾 已保存: output/pastry/雪花酥/雪花酥_03.jpg (500x656)
2026-03-11 19:38:16,383 - INFO - 🔍 访问: https://image.baidu.com/search/index?tn=baiduimage&word=%E7%89%9B%E8%BD%A7%E7%B3...
2026-03-11 19:38:23,928 - INFO - 📸 找到 652 个图片元素
2026-03-11 19:38:23,955 - INFO - ✅ 提取到 5 个有效图片URL
2026-03-11 19:38:24,299 - INFO - 💾 已保存: output/candy/牛轧糖/牛轧糖_01.jpg (800x1765)
2026-03-11 19:38:24,399 - INFO - 💾 已保存: output/candy/牛轧糖/牛轧糖_02.jpg (800x1765)
2026-03-11 19:38:24,531 - INFO - 💾 已保存: output/candy/牛轧糖/牛轧糖_03.jpg (800x1765)
2026-03-11 19:38:28,044 - INFO - 🔍 访问: https://image.baidu.com/search/index?tn=baiduimage&word=%E9%AB%98%E7%B2%B1%E9%A5...
2026-03-11 19:38:36,239 - INFO - 📸 找到 550 个图片元素
2026-03-11 19:38:36,271 - INFO - ✅ 提取到 5 个有效图片URL
2026-03-11 19:38:36,607 - INFO - 💾 已保存: output/candy/高粱饴/高粱饴_01.jpg (500x667)
2026-03-11 19:38:36,805 - INFO - 💾 已保存: output/candy/高粱饴/高粱饴_02.jpg (500x667)
2026-03-11 19:38:36,902 - INFO - 💾 已保存: output/candy/高粱饴/高粱饴_03.jpg (500x667)
2026-03-11 19:38:40,607 - INFO - 🔍 访问: https://image.baidu.com/search/index?tn=baiduimage&word=%E5%A4%A7%E7%99%BD%E5%85...
2026-03-11 19:38:46,668 - INFO - 📸 找到 585 个图片元素
2026-03-11 19:38:46,694 - INFO - ✅ 提取到 5 个有效图片URL
2026-03-11 19:38:46,981 - INFO - 💾 已保存: output/candy/大白兔/大白兔_01.jpg (541x500)
2026-03-11 19:38:47,077 - INFO - 💾 已保存: output/candy/大白兔/大白兔_02.jpg (527x500)
2026-03-11 19:38:47,181 - INFO - 💾 已保存: output/candy/大白兔/大白兔_03.jpg (530x500)
2026-03-11 19:38:49,847 - INFO - 🔍 访问: https://image.baidu.com/search/index?tn=baiduimage&word=%E9%98%BF%E5%B0%94%E5%8D...
2026-03-11 19:38:57,379 - INFO - 📸 找到 678 个图片元素
2026-03-11 19:38:57,408 - INFO - ✅ 提取到 5 个有效图片URL
2026-03-11 19:38:57,852 - INFO - 💾 已保存: output/candy/阿尔卑斯/阿尔卑斯_01.jpg (800x1163)
2026-03-11 19:38:57,972 - INFO - 💾 已保存: output/candy/阿尔卑斯/阿尔卑斯_02.jpg (524x759)
2026-03-11 19:38:58,076 - INFO - 💾 已保存: output/candy/阿尔卑斯/阿尔卑斯_03.jpg (524x759)
      ✅ 成功
  [3] 下载: https://img2.baidu.com/it/u=1014291816,2414991920&...
      ✅ 成功
  [4] 下载: https://img0.baidu.com/it/u=1061520806,3596392574&...
      ✅ 成功

📥 共下载: 3 张

📦 进度: [88/95]

============================================================
🍿 绿豆糕
============================================================

🔍 搜索: 绿豆糕 零食
  [1] 下载: https://www.baidu.com/img/flexible/logo/pc/result@...
      ❌ 失败
  [2] 下载: https://img0.baidu.com/it/u=3235245733,2475507365&...
      ✅ 成功
  [3] 下载: https://img1.baidu.com/it/u=3432484610,3559504610&...
      ✅ 成功
  [4] 下载: https://img1.baidu.com/it/u=1097999554,1182724867&...
      ✅ 成功

📥 共下载: 3 张

📦 进度: [89/95]

============================================================
🍿 云片糕
============================================================

🔍 搜索: 云片糕 零食
  [1] 下载: https://www.baidu.com/img/flexible/logo/pc/result@...
      ❌ 失败
  [2] 下载: https://t15.baidu.com/it/u=121293202,142970150&fm=...
      ✅ 成功
  [3] 下载: https://t14.baidu.com/it/u=759554593,3786854902&fm...
      ❌ 失败
  [4] 下载: https://t13.baidu.com/it/u=2322382943,2067799926&f...
      ❌ 失败
  [5] 下载: https://t14.baidu.com/it/u=3716496843,186138793&fm...
      ❌ 失败

🔍 搜索: 云片糕
  [1] 下载: https://www.baidu.com/img/flexible/logo/pc/result@...
      ❌ 失败
  [2] 下载: https://img0.baidu.com/it/u=1015755133,641854611&f...
      ✅ 成功
  [3] 下载: https://img2.baidu.com/it/u=3400483517,3017343535&...
      ✅ 成功

📥 共下载: 3 张

📦 进度: [90/95]

============================================================
🍿 麻花
============================================================

🔍 搜索: 麻花 零食
  [1] 下载: https://www.baidu.com/img/flexible/logo/pc/result@...
      ❌ 失败
  [2] 下载: https://img1.baidu.com/it/u=1764274267,2666394902&...
      ✅ 成功
  [3] 下载: https://img2.baidu.com/it/u=2658128964,1573830729&...
      ✅ 成功
  [4] 下载: https://img0.baidu.com/it/u=1351841941,564331462&f...
      ✅ 成功

📥 共下载: 3 张

📦 进度: [91/95]

============================================================
🍿 雪花酥
============================================================

🔍 搜索: 雪花酥 零食
  [1] 下载: https://www.baidu.com/img/flexible/logo/pc/result@...
      ❌ 失败
  [2] 下载: https://img2.baidu.com/it/u=1090501169,1503522213&...
      ✅ 成功
  [3] 下载: https://img1.baidu.com/it/u=121041442,4076772305&f...
      ✅ 成功
  [4] 下载: https://img1.baidu.com/it/u=834888049,137794597&fm...
      ✅ 成功

📥 共下载: 3 张

📦 进度: [92/95]

============================================================
🍿 牛轧糖
============================================================

🔍 搜索: 牛轧糖 零食
  [1] 下载: https://www.baidu.com/img/flexible/logo/pc/result@...
      ❌ 失败
  [2] 下载: https://img0.baidu.com/it/u=563952461,3802959444&f...
      ✅ 成功
  [3] 下载: https://img2.baidu.com/it/u=394318086,540102745&fm...
      ✅ 成功
  [4] 下载: https://img2.baidu.com/it/u=4000100315,3595904800&...
      ✅ 成功

📥 共下载: 3 张

📦 进度: [93/95]

============================================================
🍿 高粱饴
============================================================

🔍 搜索: 高粱饴 零食
  [1] 下载: https://www.baidu.com/img/flexible/logo/pc/result@...
      ❌ 失败
  [2] 下载: https://img2.baidu.com/it/u=712517232,2948295981&f...
      ✅ 成功
  [3] 下载: https://img0.baidu.com/it/u=3404916103,1155797620&...
      ✅ 成功
  [4] 下载: https://img1.baidu.com/it/u=1736312279,1526671649&...
      ✅ 成功

📥 共下载: 3 张

📦 进度: [94/95]

============================================================
🍿 大白兔
============================================================

🔍 搜索: 大白兔 零食
  [1] 下载: https://www.baidu.com/img/flexible/logo/pc/result@...
      ❌ 失败
  [2] 下载: https://img0.baidu.com/it/u=1922714357,2796958919&...
      ✅ 成功
  [3] 下载: https://img2.baidu.com/it/u=2778900421,45930519&fm...
      ✅ 成功
  [4] 下载: https://img0.baidu.com/it/u=2126594788,1869920456&...
      ✅ 成功

📥 共下载: 3 张

📦 进度: [95/95]

============================================================
🍿 阿尔卑斯
============================================================

🔍 搜索: 阿尔卑斯 零食
  [1] 下载: https://www.baidu.com/img/flexible/logo/pc/result@...
      ❌ 失败
  [2] 下载: https://img0.baidu.com/it/u=621345706,3391086981&f...
      ✅ 成功
  [3] 下载: https://img1.baidu.com/it/u=3862492942,1631927078&...
      ✅ 成功
  [4] 下载: https://img1.baidu.com/it/u=517539230,1776769901&f...
      ✅ 成功

📥 共下载: 3 张

============================================================
📊 统计
============================================================
  总数: 95
  成功: 95
  失败: 0
  成功率: 100.0%
============================================================

✅ 浏览器已关闭
